TN:
SF:/home/kln735/4test_lab/src/array.h
FN:112,122,_ZN8MyvectorIiE4MDELEi
FN:124,129,_ZNK8MyvectorINSt7__cxx1112basic_stringIcSt11char_traitsIcESaIcEEEE4MGETEi
FN:124,129,_ZNK8MyvectorIiE4MGETEi
FN:131,136,_ZN8MyvectorIiE4MSETEii
FN:138,149,_ZN8MyvectorIiE6resizeEi
FN:15,17,_ZN8MyvectorINSt7__cxx1112basic_stringIcSt11char_traitsIcESaIcEEEEC2Ev
FN:15,17,_ZN8MyvectorIiEC2Ev
FN:151,153,_ZNK8MyvectorINSt7__cxx1112basic_stringIcSt11char_traitsIcESaIcEEEE4sizeEv
FN:151,153,_ZNK8MyvectorIiE4sizeEv
FN:155,157,_ZNK8MyvectorIiE10memory_useEv
FN:159,164,_ZNK8MyvectorIiE5printEv
FN:19,26,_ZN8MyvectorIiEC2ERKS0_
FN:28,37,_ZN8MyvectorINSt7__cxx1112basic_stringIcSt11char_traitsIcESaIcEEEEC2ESt16initializer_listIS5_E
FN:39,50,_ZN8MyvectorIiEaSERKS0_
FN:52,57,_ZNK8MyvectorINSt7__cxx1112basic_stringIcSt11char_traitsIcESaIcEEEEixEi
FN:52,57,_ZNK8MyvectorIiEixEi
FN:58,60,_ZN8MyvectorINSt7__cxx1112basic_stringIcSt11char_traitsIcESaIcEEEED2Ev
FN:58,60,_ZN8MyvectorIiED2Ev
FN:62,64,_ZN8MyvectorIiE5beginEv
FN:66,68,_ZN8MyvectorIiE3endEv
FN:72,85,_ZN8MyvectorINSt7__cxx1112basic_stringIcSt11char_traitsIcESaIcEEEE5MPUSHES5_
FN:72,85,_ZN8MyvectorIiE5MPUSHEi
FN:87,110,_ZN8MyvectorINSt7__cxx1112basic_stringIcSt11char_traitsIcESaIcEEEE5MPUSHES5_i
FN:87,110,_ZN8MyvectorIiE5MPUSHEii
FNDA:4,_ZN8MyvectorIiE4MDELEi
FNDA:13,_ZNK8MyvectorINSt7__cxx1112basic_stringIcSt11char_traitsIcESaIcEEEE4MGETEi
FNDA:28,_ZNK8MyvectorIiE4MGETEi
FNDA:3,_ZN8MyvectorIiE4MSETEii
FNDA:2,_ZN8MyvectorIiE6resizeEi
FNDA:4,_ZN8MyvectorINSt7__cxx1112basic_stringIcSt11char_traitsIcESaIcEEEEC2Ev
FNDA:17,_ZN8MyvectorIiEC2Ev
FNDA:20,_ZNK8MyvectorINSt7__cxx1112basic_stringIcSt11char_traitsIcESaIcEEEE4sizeEv
FNDA:11,_ZNK8MyvectorIiE4sizeEv
FNDA:7,_ZNK8MyvectorIiE10memory_useEv
FNDA:1,_ZNK8MyvectorIiE5printEv
FNDA:1,_ZN8MyvectorIiEC2ERKS0_
FNDA:1,_ZN8MyvectorINSt7__cxx1112basic_stringIcSt11char_traitsIcESaIcEEEEC2ESt16initializer_listIS5_E
FNDA:1,_ZN8MyvectorIiEaSERKS0_
FNDA:6,_ZNK8MyvectorINSt7__cxx1112basic_stringIcSt11char_traitsIcESaIcEEEEixEi
FNDA:9,_ZNK8MyvectorIiEixEi
FNDA:5,_ZN8MyvectorINSt7__cxx1112basic_stringIcSt11char_traitsIcESaIcEEEED2Ev
FNDA:18,_ZN8MyvectorIiED2Ev
FNDA:3,_ZN8MyvectorIiE5beginEv
FNDA:6,_ZN8MyvectorIiE3endEv
FNDA:6,_ZN8MyvectorINSt7__cxx1112basic_stringIcSt11char_traitsIcESaIcEEEE5MPUSHES5_
FNDA:14,_ZN8MyvectorIiE5MPUSHEi
FNDA:6,_ZN8MyvectorINSt7__cxx1112basic_stringIcSt11char_traitsIcESaIcEEEE5MPUSHES5_i
FNDA:10,_ZN8MyvectorIiE5MPUSHEii
FNF:24
FNH:24
BRDA:16,0,0,21
BRDA:16,0,1,0
BRDA:16,0,2,4
BRDA:16,0,3,4
BRDA:22,0,0,1
BRDA:22,0,1,0
BRDA:23,0,0,3
BRDA:23,0,1,1
BRDA:31,0,0,1
BRDA:31,0,1,0
BRDA:31,0,2,12
BRDA:31,0,3,1
BRDA:34,0,0,6
BRDA:34,0,1,1
BRDA:40,0,0,1
BRDA:40,0,1,0
BRDA:41,0,0,1
BRDA:41,0,1,0
BRDA:44,0,0,1
BRDA:44,0,1,0
BRDA:45,0,0,3
BRDA:45,0,1,1
BRDA:53,0,0,15
BRDA:53,0,1,0
BRDA:53,0,2,0
BRDA:53,0,3,15
BRDA:54,0,0,-
BRDA:54,e0,1,-
BRDA:59,0,0,23
BRDA:59,0,1,0
BRDA:59,0,2,30
BRDA:59,0,3,5
BRDA:73,0,0,11
BRDA:73,0,1,9
BRDA:74,0,0,11
BRDA:74,0,1,0
BRDA:74,0,2,14
BRDA:74,0,3,3
BRDA:76,0,0,22
BRDA:76,0,1,11
BRDA:79,0,0,11
BRDA:79,0,1,0
BRDA:79,0,2,7
BRDA:79,0,3,3
BRDA:89,0,0,16
BRDA:89,0,1,0
BRDA:89,0,2,0
BRDA:89,0,3,16
BRDA:90,0,0,-
BRDA:90,e0,1,-
BRDA:93,0,0,8
BRDA:93,0,1,8
BRDA:94,0,0,8
BRDA:94,0,1,0
BRDA:94,0,2,14
BRDA:94,0,3,3
BRDA:96,0,0,19
BRDA:96,0,1,8
BRDA:99,0,0,8
BRDA:99,0,1,0
BRDA:99,0,2,7
BRDA:99,0,3,3
BRDA:104,0,0,20
BRDA:104,0,1,16
BRDA:113,0,0,3
BRDA:113,0,1,1
BRDA:113,0,2,1
BRDA:113,0,3,2
BRDA:114,0,0,2
BRDA:114,e0,1,0
BRDA:117,0,0,2
BRDA:117,0,1,2
BRDA:125,0,0,41
BRDA:125,0,1,0
BRDA:125,0,2,41
BRDA:125,0,3,0
BRDA:128,0,0,-
BRDA:128,e0,1,-
BRDA:132,0,0,3
BRDA:132,0,1,0
BRDA:132,0,2,0
BRDA:132,0,3,3
BRDA:133,0,0,-
BRDA:133,e0,1,-
BRDA:139,0,0,2
BRDA:139,0,1,0
BRDA:140,0,0,6
BRDA:140,0,1,2
BRDA:143,0,0,2
BRDA:143,0,1,0
BRDA:146,0,0,1
BRDA:146,0,1,1
BRDA:160,0,0,5
BRDA:160,0,1,1
BRF:94
BRH:64
DA:15,21
DA:16,25
DA:17,21
DA:19,1
DA:20,1
DA:21,1
DA:22,1
DA:23,4
DA:24,3
DA:26,1
DA:28,1
DA:29,1
DA:30,1
DA:31,13
DA:33,1
DA:34,7
DA:35,6
DA:37,1
DA:39,1
DA:40,1
DA:41,1
DA:42,1
DA:43,1
DA:44,1
DA:45,4
DA:46,3
DA:49,1
DA:52,15
DA:53,15
DA:54,0
DA:56,15
DA:58,23
DA:59,53
DA:60,23
DA:62,3
DA:63,3
DA:66,6
DA:67,6
DA:72,20
DA:73,20
DA:74,25
DA:76,33
DA:77,22
DA:79,18
DA:80,11
DA:81,11
DA:83,20
DA:84,20
DA:85,20
DA:87,16
DA:89,16
DA:90,0
DA:93,16
DA:94,22
DA:96,27
DA:97,19
DA:99,15
DA:100,8
DA:101,8
DA:104,36
DA:105,20
DA:108,16
DA:109,16
DA:110,16
DA:112,4
DA:113,4
DA:114,2
DA:117,4
DA:118,2
DA:121,2
DA:122,2
DA:124,41
DA:125,41
DA:126,41
DA:128,0
DA:131,3
DA:132,3
DA:133,0
DA:135,3
DA:136,3
DA:138,2
DA:139,2
DA:140,8
DA:141,6
DA:143,2
DA:144,2
DA:145,2
DA:146,2
DA:147,1
DA:149,2
DA:151,31
DA:152,31
DA:155,7
DA:156,7
DA:159,1
DA:160,6
DA:161,5
DA:163,1
DA:164,1
LF:99
LH:95
end_of_record
TN:
SF:/home/kln735/4test_lab/src/fbt.h
FN:104,131,_ZN3FBTIiE3AddEi
FN:12,12,_ZN5QueueIPN3FBTIiE4nodeEE4NodeC2ES3_
FN:180,193,_ZN3FBTIiE9findPlaceEi
FN:19,19,_ZN5QueueIPN3FBTIiE4nodeEEC2Ev
FN:195,207,_ZN3FBTIiE6isFullEv
FN:21,27,_ZN5QueueIPN3FBTIiE4nodeEEC2ERKS4_
FN:29,35,_ZN5QueueIPN3FBTIiE4nodeEED2Ev
FN:37,37,_ZNK5QueueIPN3FBTIiE4nodeEE8is_emptyEv
FN:39,48,_ZN5QueueIPN3FBTIiE4nodeEE7enqueueES3_
FN:50,60,_ZN5QueueIPN3FBTIiE4nodeEE7dequeueEv
FN:62,67,_ZNK5QueueIPN3FBTIiE4nodeEE5frontEv
FN:80,80,_ZN3FBTIiE4nodeC2Ei
FN:88,92,_ZN3FBTIiEC2Ei
FN:94,102,_ZN3FBTIiED2Ev
FNDA:9,_ZN3FBTIiE3AddEi
FNDA:83,_ZN5QueueIPN3FBTIiE4nodeEE4NodeC2ES3_
FNDA:16,_ZN3FBTIiE9findPlaceEi
FNDA:10,_ZN5QueueIPN3FBTIiE4nodeEEC2Ev
FNDA:2,_ZN3FBTIiE6isFullEv
FNDA:23,_ZN5QueueIPN3FBTIiE4nodeEEC2ERKS4_
FNDA:33,_ZN5QueueIPN3FBTIiE4nodeEED2Ev
FNDA:261,_ZNK5QueueIPN3FBTIiE4nodeEE8is_emptyEv
FNDA:83,_ZN5QueueIPN3FBTIiE4nodeEE7enqueueES3_
FNDA:46,_ZN5QueueIPN3FBTIiE4nodeEE7dequeueEv
FNDA:58,_ZNK5QueueIPN3FBTIiE4nodeEE5frontEv
FNDA:14,_ZN3FBTIiE4nodeC2Ei
FNDA:5,_ZN3FBTIiEC2Ei
FNDA:5,_ZN3FBTIiED2Ev
FNF:14
FNH:14
BRDA:23,0,0,55
BRDA:23,0,1,23
BRDA:30,0,0,37
BRDA:30,0,1,33
BRDA:33,0,0,0
BRDA:33,0,1,37
BRDA:41,0,0,33
BRDA:41,0,1,50
BRDA:51,0,0,0
BRDA:51,0,1,46
BRDA:52,0,0,-
BRDA:52,e0,1,-
BRDA:56,0,0,46
BRDA:56,0,1,0
BRDA:57,0,0,16
BRDA:57,0,1,30
BRDA:63,0,0,0
BRDA:63,0,1,58
BRDA:64,0,0,-
BRDA:64,e0,1,-
BRDA:89,0,0,5
BRDA:89,e0,1,0
BRDA:90,0,0,5
BRDA:90,e0,1,0
BRDA:91,0,0,5
BRDA:91,e0,1,0
BRDA:97,0,0,14
BRDA:97,0,1,5
BRDA:100,0,0,0
BRDA:100,0,1,14
BRDA:107,0,0,0
BRDA:107,e0,1,9
BRDA:109,0,0,0
BRDA:109,0,1,9
BRDA:113,0,0,0
BRDA:113,0,1,9
BRDA:114,0,0,0
BRDA:114,e0,1,0
BRDA:121,0,0,5
BRDA:121,0,1,4
BRDA:123,0,0,4
BRDA:123,0,1,0
BRDA:127,0,0,0
BRDA:127,e0,1,0
BRDA:181,0,0,16
BRDA:181,e0,1,0
BRDA:183,0,0,30
BRDA:183,0,1,10
BRDA:184,0,0,30
BRDA:184,e0,1,0
BRDA:185,0,0,6
BRDA:185,0,1,24
BRDA:188,0,0,24
BRDA:188,e0,1,0
BRDA:191,0,0,10
BRDA:191,e0,1,0
BRDA:196,0,0,2
BRDA:196,e0,1,0
BRDA:198,0,0,5
BRDA:198,0,1,1
BRDA:199,0,0,5
BRDA:199,e0,1,0
BRDA:200,0,0,2
BRDA:200,0,1,3
BRDA:200,0,2,2
BRDA:200,0,3,0
BRDA:201,0,0,3
BRDA:201,0,1,2
BRDA:201,0,2,1
BRDA:201,0,3,2
BRDA:204,0,0,4
BRDA:204,e0,1,0
BRF:72
BRH:44
DA:12,83
DA:19,10
DA:21,23
DA:22,23
DA:23,78
DA:24,55
DA:25,55
DA:27,23
DA:29,33
DA:30,103
DA:31,37
DA:32,37
DA:33,37
DA:35,33
DA:37,261
DA:39,83
DA:40,83
DA:41,83
DA:42,33
DA:45,50
DA:46,50
DA:48,83
DA:50,46
DA:51,46
DA:52,0
DA:54,46
DA:55,46
DA:56,46
DA:57,46
DA:58,16
DA:60,46
DA:62,58
DA:63,58
DA:64,0
DA:66,58
DA:80,14
DA:88,5
DA:89,5
DA:90,5
DA:91,5
DA:92,5
DA:94,5
DA:96,5
DA:97,24
DA:98,14
DA:99,14
DA:100,14
DA:102,5
DA:104,9
DA:107,9
DA:108,0
DA:109,9
DA:113,9
DA:114,0
DA:117,9
DA:118,9
DA:119,9
DA:121,9
DA:122,5
DA:123,4
DA:124,4
DA:125,4
DA:127,0
DA:130,9
DA:180,16
DA:181,16
DA:183,40
DA:184,30
DA:185,30
DA:186,6
DA:188,24
DA:191,10
DA:193,16
DA:195,2
DA:196,2
DA:198,6
DA:199,5
DA:200,5
DA:201,5
DA:202,1
DA:204,4
DA:206,1
DA:207,2
LF:83
LH:78
end_of_record
TN:
SF:/home/kln735/4test_lab/src/flist.h
FN:111,127,_ZN11ForwardListINSt7__cxx1112basic_stringIcSt11char_traitsIcESaIcEEEE7deltailEv
FN:129,164,_ZN11ForwardListINSt7__cxx1112basic_stringIcSt11char_traitsIcESaIcEEEE6removeES5_
FN:16,16,_ZN11ForwardListINSt7__cxx1112basic_stringIcSt11char_traitsIcESaIcEEEE4NodeC2ES5_
FN:167,179,_ZNK11ForwardListINSt7__cxx1112basic_stringIcSt11char_traitsIcESaIcEEEE5printEv
FN:23,23,_ZN11ForwardListINSt7__cxx1112basic_stringIcSt11char_traitsIcESaIcEEEEC2Ev
FN:25,33,_ZN11ForwardListINSt7__cxx1112basic_stringIcSt11char_traitsIcESaIcEEEED2Ev
FN:35,37,_ZNK11ForwardListINSt7__cxx1112basic_stringIcSt11char_traitsIcESaIcEEEE8is_emptyEv
FN:39,48,_ZN11ForwardListINSt7__cxx1112basic_stringIcSt11char_traitsIcESaIcEEEE7addtailES5_
FN:50,59,_ZN11ForwardListINSt7__cxx1112basic_stringIcSt11char_traitsIcESaIcEEEE7addheadES5_
FN:61,78,_ZNK11ForwardListINSt7__cxx1112basic_stringIcSt11char_traitsIcESaIcEEEE3getEm
FN:79,95,_ZN11ForwardListINSt7__cxx1112basic_stringIcSt11char_traitsIcESaIcEEEE6searchES5_
FN:97,109,_ZN11ForwardListINSt7__cxx1112basic_stringIcSt11char_traitsIcESaIcEEEE7delheadEv
FNDA:4,_ZN11ForwardListINSt7__cxx1112basic_stringIcSt11char_traitsIcESaIcEEEE7deltailEv
FNDA:3,_ZN11ForwardListINSt7__cxx1112basic_stringIcSt11char_traitsIcESaIcEEEE6removeES5_
FNDA:17,_ZN11ForwardListINSt7__cxx1112basic_stringIcSt11char_traitsIcESaIcEEEE4NodeC2ES5_
FNDA:1,_ZNK11ForwardListINSt7__cxx1112basic_stringIcSt11char_traitsIcESaIcEEEE5printEv
FNDA:4,_ZN11ForwardListINSt7__cxx1112basic_stringIcSt11char_traitsIcESaIcEEEEC2Ev
FNDA:4,_ZN11ForwardListINSt7__cxx1112basic_stringIcSt11char_traitsIcESaIcEEEED2Ev
FNDA:32,_ZNK11ForwardListINSt7__cxx1112basic_stringIcSt11char_traitsIcESaIcEEEE8is_emptyEv
FNDA:7,_ZN11ForwardListINSt7__cxx1112basic_stringIcSt11char_traitsIcESaIcEEEE7addtailES5_
FNDA:10,_ZN11ForwardListINSt7__cxx1112basic_stringIcSt11char_traitsIcESaIcEEEE7addheadES5_
FNDA:12,_ZNK11ForwardListINSt7__cxx1112basic_stringIcSt11char_traitsIcESaIcEEEE3getEm
FNDA:2,_ZN11ForwardListINSt7__cxx1112basic_stringIcSt11char_traitsIcESaIcEEEE6searchES5_
FNDA:3,_ZN11ForwardListINSt7__cxx1112basic_stringIcSt11char_traitsIcESaIcEEEE7delheadEv
FNF:12
FNH:12
BRDA:27,0,0,7
BRDA:27,0,1,4
BRDA:29,0,0,7
BRDA:29,0,1,0
BRDA:40,0,0,7
BRDA:40,e0,1,0
BRDA:40,0,2,7
BRDA:40,e0,3,0
BRDA:40,0,4,0
BRDA:40,0,5,0
BRDA:41,0,0,2
BRDA:41,0,1,5
BRDA:51,0,0,10
BRDA:51,e0,1,0
BRDA:51,0,2,10
BRDA:51,e0,3,0
BRDA:51,0,4,0
BRDA:51,0,5,0
BRDA:52,0,0,2
BRDA:52,0,1,8
BRDA:69,0,0,28
BRDA:69,0,1,0
BRDA:70,0,0,12
BRDA:70,0,1,16
BRDA:77,0,0,-
BRDA:77,e0,1,-
BRDA:80,0,0,0
BRDA:80,0,1,2
BRDA:81,0,0,-
BRDA:81,e0,1,-
BRDA:85,0,0,4
BRDA:85,0,1,0
BRDA:86,0,0,2
BRDA:86,0,1,2
BRDA:98,0,0,0
BRDA:98,0,1,3
BRDA:99,0,0,-
BRDA:99,e0,1,-
BRDA:101,0,0,1
BRDA:101,0,1,2
BRDA:102,0,0,1
BRDA:102,0,1,0
BRDA:108,0,0,2
BRDA:108,0,1,0
BRDA:112,0,0,0
BRDA:112,0,1,4
BRDA:113,0,0,-
BRDA:113,e0,1,-
BRDA:115,0,0,1
BRDA:115,0,1,3
BRDA:116,0,0,1
BRDA:116,0,1,0
BRDA:121,0,0,3
BRDA:121,0,1,3
BRDA:124,0,0,3
BRDA:124,0,1,0
BRDA:130,0,0,0
BRDA:130,0,1,3
BRDA:131,0,0,-
BRDA:131,e0,1,-
BRDA:134,0,0,1
BRDA:134,0,1,2
BRDA:137,0,0,0
BRDA:137,0,1,1
BRDA:140,0,0,1
BRDA:140,0,1,0
BRDA:146,0,0,6
BRDA:146,0,1,0
BRDA:146,0,2,4
BRDA:146,0,3,2
BRDA:146,0,4,4
BRDA:146,0,5,2
BRDA:151,0,0,0
BRDA:151,0,1,2
BRDA:156,0,0,1
BRDA:156,0,1,1
BRDA:160,0,0,2
BRDA:160,0,1,0
BRDA:163,0,0,2
BRDA:163,0,1,0
BRDA:168,0,0,0
BRDA:168,0,1,1
BRDA:174,0,0,6
BRDA:174,0,1,1
BRF:84
BRH:48
DA:16,17
DA:23,4
DA:25,4
DA:26,4
DA:27,11
DA:28,7
DA:29,7
DA:30,7
DA:32,4
DA:33,4
DA:35,32
DA:36,32
DA:39,7
DA:40,7
DA:41,7
DA:42,2
DA:43,2
DA:44,2
DA:46,5
DA:47,5
DA:50,10
DA:51,10
DA:52,10
DA:53,2
DA:54,2
DA:55,2
DA:57,8
DA:58,8
DA:61,12
DA:66,12
DA:67,12
DA:69,28
DA:70,28
DA:71,12
DA:73,16
DA:74,16
DA:77,0
DA:79,2
DA:80,2
DA:81,0
DA:84,2
DA:85,4
DA:86,4
DA:88,2
DA:90,2
DA:94,0
DA:97,3
DA:98,3
DA:99,0
DA:101,3
DA:102,1
DA:103,1
DA:104,1
DA:106,2
DA:107,2
DA:108,2
DA:111,4
DA:112,4
DA:113,0
DA:115,4
DA:116,1
DA:117,1
DA:118,1
DA:120,3
DA:121,6
DA:122,3
DA:124,3
DA:125,3
DA:126,3
DA:129,3
DA:130,3
DA:131,0
DA:134,3
DA:135,1
DA:136,1
DA:137,1
DA:138,0
DA:140,1
DA:141,1
DA:144,2
DA:145,2
DA:146,6
DA:147,4
DA:148,4
DA:151,2
DA:153,0
DA:156,2
DA:157,1
DA:160,2
DA:161,2
DA:163,2
DA:167,1
DA:168,1
DA:169,0
DA:170,0
DA:172,1
DA:174,7
DA:175,6
DA:176,6
DA:178,1
LF:100
LH:90
end_of_record
TN:
SF:/home/kln735/4test_lab/src/hash.h
FN:114,129,_ZNK9HashtableINSt7__cxx1112basic_stringIcSt11char_traitsIcESaIcEEES5_E5printEv
FN:114,129,_ZNK9HashtableIiiE5printEv
FN:16,16,_ZN9HashtableINSt7__cxx1112basic_stringIcSt11char_traitsIcESaIcEEES5_E4NodeC2ERKS5_S9_
FN:16,16,_ZN9HashtableIiiE4NodeC2ERKiS3_
FN:22,36,_ZNK9HashtableINSt7__cxx1112basic_stringIcSt11char_traitsIcESaIcEEES5_E12hashfunctionERKS5_
FN:22,36,_ZNK9HashtableIiiE12hashfunctionERKi
FN:41,46,_ZN9HashtableINSt7__cxx1112basic_stringIcSt11char_traitsIcESaIcEEES5_EC2Ei
FN:41,46,_ZN9HashtableIiiEC2Ei
FN:48,58,_ZN9HashtableINSt7__cxx1112basic_stringIcSt11char_traitsIcESaIcEEES5_ED2Ev
FN:48,58,_ZN9HashtableIiiED2Ev
FN:60,77,_ZN9HashtableINSt7__cxx1112basic_stringIcSt11char_traitsIcESaIcEEES5_E3addERKS5_S8_
FN:60,77,_ZN9HashtableIiiE3addERKiS2_
FN:79,91,_ZNK9HashtableINSt7__cxx1112basic_stringIcSt11char_traitsIcESaIcEEES5_E3getERKS5_
FN:79,91,_ZNK9HashtableIiiE3getERKi
FN:93,112,_ZN9HashtableINSt7__cxx1112basic_stringIcSt11char_traitsIcESaIcEEES5_E6removeERKS5_
FN:93,112,_ZN9HashtableIiiE6removeERKi
FNDA:1,_ZNK9HashtableINSt7__cxx1112basic_stringIcSt11char_traitsIcESaIcEEES5_E5printEv
FNDA:1,_ZNK9HashtableIiiE5printEv
FNDA:6,_ZN9HashtableINSt7__cxx1112basic_stringIcSt11char_traitsIcESaIcEEES5_E4NodeC2ERKS5_S9_
FNDA:3,_ZN9HashtableIiiE4NodeC2ERKiS3_
FNDA:14,_ZNK9HashtableINSt7__cxx1112basic_stringIcSt11char_traitsIcESaIcEEES5_E12hashfunctionERKS5_
FNDA:13,_ZNK9HashtableIiiE12hashfunctionERKi
FNDA:2,_ZN9HashtableINSt7__cxx1112basic_stringIcSt11char_traitsIcESaIcEEES5_EC2Ei
FNDA:2,_ZN9HashtableIiiEC2Ei
FNDA:2,_ZN9HashtableINSt7__cxx1112basic_stringIcSt11char_traitsIcESaIcEEES5_ED2Ev
FNDA:2,_ZN9HashtableIiiED2Ev
FNDA:7,_ZN9HashtableINSt7__cxx1112basic_stringIcSt11char_traitsIcESaIcEEES5_E3addERKS5_S8_
FNDA:4,_ZN9HashtableIiiE3addERKiS2_
FNDA:5,_ZNK9HashtableINSt7__cxx1112basic_stringIcSt11char_traitsIcESaIcEEES5_E3getERKS5_
FNDA:6,_ZNK9HashtableIiiE3getERKi
FNDA:2,_ZN9HashtableINSt7__cxx1112basic_stringIcSt11char_traitsIcESaIcEEES5_E6removeERKS5_
FNDA:3,_ZN9HashtableIiiE6removeERKi
FNF:16
FNH:16
BRDA:16,0,0,6
BRDA:16,e0,1,0
BRDA:27,0,0,52
BRDA:27,0,1,14
BRDA:42,0,0,4
BRDA:42,0,1,0
BRDA:43,0,0,30
BRDA:43,0,1,4
BRDA:49,0,0,30
BRDA:49,0,1,4
BRDA:51,0,0,4
BRDA:51,0,1,30
BRDA:54,0,0,4
BRDA:54,0,1,0
BRDA:57,0,0,4
BRDA:57,0,1,0
BRDA:65,0,0,7
BRDA:65,0,1,9
BRDA:66,0,0,2
BRDA:66,0,1,5
BRDA:74,0,0,6
BRDA:74,e0,1,0
BRDA:74,0,2,0
BRDA:74,0,3,0
BRDA:83,0,0,12
BRDA:83,0,1,5
BRDA:84,0,0,6
BRDA:84,0,1,6
BRDA:90,0,0,5
BRDA:90,e0,1,0
BRDA:98,0,0,7
BRDA:98,0,1,0
BRDA:99,0,0,5
BRDA:99,0,1,2
BRDA:100,0,0,4
BRDA:100,0,1,1
BRDA:105,0,0,5
BRDA:105,0,1,0
BRDA:111,0,0,-
BRDA:111,e0,1,-
BRDA:115,0,0,15
BRDA:115,0,1,2
BRDA:118,0,0,6
BRDA:118,0,1,9
BRDA:119,0,0,8
BRDA:119,0,1,6
BRDA:122,0,0,2
BRDA:122,0,1,6
BRF:48
BRH:36
DA:16,9
DA:22,27
DA:23,27
DA:27,66
DA:28,52
DA:32,13
DA:35,27
DA:41,4
DA:42,4
DA:43,34
DA:44,30
DA:46,4
DA:48,4
DA:49,34
DA:50,30
DA:51,34
DA:52,4
DA:53,4
DA:54,4
DA:57,4
DA:58,4
DA:60,11
DA:61,11
DA:62,11
DA:65,16
DA:66,7
DA:67,2
DA:68,2
DA:70,5
DA:74,9
DA:75,9
DA:76,9
DA:79,11
DA:80,11
DA:81,11
DA:83,17
DA:84,12
DA:85,6
DA:87,6
DA:90,5
DA:93,5
DA:94,5
DA:95,5
DA:96,5
DA:98,7
DA:99,7
DA:100,5
DA:101,4
DA:103,1
DA:105,5
DA:106,5
DA:108,2
DA:109,2
DA:111,0
DA:114,2
DA:115,17
DA:116,15
DA:117,15
DA:118,15
DA:119,14
DA:120,8
DA:121,8
DA:122,8
DA:123,2
DA:127,15
DA:129,2
LF:66
LH:65
end_of_record
TN:
SF:/home/kln735/4test_lab/src/llist.h
FN:107,141,_ZN10LinkedListINSt7__cxx1112basic_stringIcSt11char_traitsIcESaIcEEEE6removeES5_
FN:14,14,_ZN10LinkedListINSt7__cxx1112basic_stringIcSt11char_traitsIcESaIcEEEE4NodeC2ES5_
FN:143,158,_ZN10LinkedListINSt7__cxx1112basic_stringIcSt11char_traitsIcESaIcEEEE6searchES5_
FN:160,167,_ZNK10LinkedListINSt7__cxx1112basic_stringIcSt11char_traitsIcESaIcEEEE5printEv
FN:170,193,_ZNK10LinkedListINSt7__cxx1112basic_stringIcSt11char_traitsIcESaIcEEEE3getEi
FN:24,24,_ZN10LinkedListINSt7__cxx1112basic_stringIcSt11char_traitsIcESaIcEEEEC2Ev
FN:26,35,_ZN10LinkedListINSt7__cxx1112basic_stringIcSt11char_traitsIcESaIcEEEED2Ev
FN:38,40,_ZNK10LinkedListINSt7__cxx1112basic_stringIcSt11char_traitsIcESaIcEEEE8is_emptyEv
FN:43,45,_ZNK10LinkedListINSt7__cxx1112basic_stringIcSt11char_traitsIcESaIcEEEE4sizeEv
FN:47,59,_ZN10LinkedListINSt7__cxx1112basic_stringIcSt11char_traitsIcESaIcEEEE7addheadES5_
FN:61,73,_ZN10LinkedListINSt7__cxx1112basic_stringIcSt11char_traitsIcESaIcEEEE7addtailES5_
FN:75,89,_ZN10LinkedListINSt7__cxx1112basic_stringIcSt11char_traitsIcESaIcEEEE7delheadEv
FN:91,105,_ZN10LinkedListINSt7__cxx1112basic_stringIcSt11char_traitsIcESaIcEEEE7deltailEv
FNDA:3,_ZN10LinkedListINSt7__cxx1112basic_stringIcSt11char_traitsIcESaIcEEEE6removeES5_
FNDA:17,_ZN10LinkedListINSt7__cxx1112basic_stringIcSt11char_traitsIcESaIcEEEE4NodeC2ES5_
FNDA:2,_ZN10LinkedListINSt7__cxx1112basic_stringIcSt11char_traitsIcESaIcEEEE6searchES5_
FNDA:1,_ZNK10LinkedListINSt7__cxx1112basic_stringIcSt11char_traitsIcESaIcEEEE5printEv
FNDA:10,_ZNK10LinkedListINSt7__cxx1112basic_stringIcSt11char_traitsIcESaIcEEEE3getEi
FNDA:4,_ZN10LinkedListINSt7__cxx1112basic_stringIcSt11char_traitsIcESaIcEEEEC2Ev
FNDA:4,_ZN10LinkedListINSt7__cxx1112basic_stringIcSt11char_traitsIcESaIcEEEED2Ev
FNDA:24,_ZNK10LinkedListINSt7__cxx1112basic_stringIcSt11char_traitsIcESaIcEEEE8is_emptyEv
FNDA:1,_ZNK10LinkedListINSt7__cxx1112basic_stringIcSt11char_traitsIcESaIcEEEE4sizeEv
FNDA:10,_ZN10LinkedListINSt7__cxx1112basic_stringIcSt11char_traitsIcESaIcEEEE7addheadES5_
FNDA:7,_ZN10LinkedListINSt7__cxx1112basic_stringIcSt11char_traitsIcESaIcEEEE7addtailES5_
FNDA:3,_ZN10LinkedListINSt7__cxx1112basic_stringIcSt11char_traitsIcESaIcEEEE7delheadEv
FNDA:4,_ZN10LinkedListINSt7__cxx1112basic_stringIcSt11char_traitsIcESaIcEEEE7deltailEv
FNF:13
FNH:13
BRDA:28,0,0,7
BRDA:28,0,1,4
BRDA:30,0,0,7
BRDA:30,0,1,0
BRDA:48,0,0,10
BRDA:48,e0,1,0
BRDA:48,0,2,10
BRDA:48,e0,3,0
BRDA:48,0,4,0
BRDA:48,0,5,0
BRDA:49,0,0,1
BRDA:49,0,1,9
BRDA:62,0,0,7
BRDA:62,e0,1,0
BRDA:62,0,2,7
BRDA:62,e0,3,0
BRDA:62,0,4,0
BRDA:62,0,5,0
BRDA:63,0,0,3
BRDA:63,0,1,4
BRDA:76,0,0,0
BRDA:76,0,1,3
BRDA:77,0,0,-
BRDA:77,e0,1,-
BRDA:80,0,0,2
BRDA:80,0,1,1
BRDA:86,0,0,3
BRDA:86,0,1,0
BRDA:92,0,0,0
BRDA:92,0,1,4
BRDA:93,0,0,-
BRDA:93,e0,1,-
BRDA:96,0,0,3
BRDA:96,0,1,1
BRDA:102,0,0,4
BRDA:102,0,1,0
BRDA:108,0,0,0
BRDA:108,0,1,3
BRDA:109,0,0,-
BRDA:109,e0,1,-
BRDA:114,0,0,7
BRDA:114,0,1,0
BRDA:115,0,0,3
BRDA:115,0,1,4
BRDA:116,0,0,1
BRDA:116,0,1,2
BRDA:118,0,0,1
BRDA:118,0,1,0
BRDA:123,0,0,1
BRDA:123,0,1,1
BRDA:130,0,0,3
BRDA:130,0,1,0
BRDA:144,0,0,0
BRDA:144,0,1,2
BRDA:145,0,0,-
BRDA:145,e0,1,-
BRDA:150,0,0,3
BRDA:150,0,1,0
BRDA:151,0,0,2
BRDA:151,0,1,1
BRDA:157,0,0,-
BRDA:157,e0,1,-
BRDA:162,0,0,6
BRDA:162,0,1,1
BRDA:171,0,0,0
BRDA:171,0,1,10
BRDA:172,0,0,-
BRDA:172,e0,1,-
BRDA:175,0,0,10
BRDA:175,0,1,0
BRDA:175,0,2,0
BRDA:175,0,3,10
BRDA:176,0,0,-
BRDA:176,e0,1,-
BRDA:183,0,0,25
BRDA:183,0,1,0
BRDA:184,0,0,10
BRDA:184,0,1,15
BRDA:192,0,0,-
BRDA:192,e0,1,-
BRF:80
BRH:41
DA:14,17
DA:24,4
DA:26,4
DA:27,4
DA:28,11
DA:29,7
DA:30,7
DA:31,7
DA:33,4
DA:34,4
DA:35,4
DA:38,24
DA:39,24
DA:43,1
DA:44,1
DA:47,10
DA:48,10
DA:49,10
DA:50,1
DA:51,1
DA:54,9
DA:55,9
DA:56,9
DA:58,10
DA:59,10
DA:61,7
DA:62,7
DA:63,7
DA:64,3
DA:65,3
DA:68,4
DA:69,4
DA:70,4
DA:72,7
DA:73,7
DA:75,3
DA:76,3
DA:77,0
DA:79,3
DA:80,3
DA:81,2
DA:84,1
DA:86,3
DA:87,3
DA:88,3
DA:89,3
DA:91,4
DA:92,4
DA:93,0
DA:95,4
DA:96,4
DA:97,3
DA:100,1
DA:102,4
DA:103,4
DA:104,4
DA:105,4
DA:107,3
DA:108,3
DA:109,0
DA:111,3
DA:112,3
DA:114,7
DA:115,7
DA:116,3
DA:117,1
DA:118,1
DA:119,1
DA:121,0
DA:123,2
DA:124,1
DA:125,1
DA:127,1
DA:128,1
DA:130,3
DA:131,3
DA:132,3
DA:133,3
DA:135,4
DA:138,3
DA:141,3
DA:143,2
DA:144,2
DA:145,0
DA:148,2
DA:150,3
DA:151,3
DA:153,2
DA:155,1
DA:157,0
DA:160,1
DA:161,1
DA:162,7
DA:163,6
DA:164,6
DA:166,1
DA:167,1
DA:170,10
DA:171,10
DA:172,0
DA:175,10
DA:176,0
DA:179,10
DA:180,10
DA:183,25
DA:184,25
DA:185,10
DA:187,15
DA:188,15
DA:192,0
LF:110
LH:101
end_of_record
TN:
SF:/home/kln735/4test_lab/src/queue.h
FN:18,18,_ZN5QUEUEINSt7__cxx1112basic_stringIcSt11char_traitsIcESaIcEEEE4NodeC2ES5_
FN:18,18,_ZN5QUEUEIiE4NodeC2Ei
FN:25,25,_ZN5QUEUEINSt7__cxx1112basic_stringIcSt11char_traitsIcESaIcEEEEC2Ev
FN:25,25,_ZN5QUEUEIiEC2Ev
FN:27,34,_ZN5QUEUEINSt7__cxx1112basic_stringIcSt11char_traitsIcESaIcEEEED2Ev
FN:27,34,_ZN5QUEUEIiED2Ev
FN:36,38,_ZNK5QUEUEINSt7__cxx1112basic_stringIcSt11char_traitsIcESaIcEEEE8is_emptyEv
FN:36,38,_ZNK5QUEUEIiE8is_emptyEv
FN:40,49,_ZN5QUEUEINSt7__cxx1112basic_stringIcSt11char_traitsIcESaIcEEEE4pushERKS5_
FN:40,49,_ZN5QUEUEIiE4pushERKi
FN:51,63,_ZN5QUEUEINSt7__cxx1112basic_stringIcSt11char_traitsIcESaIcEEEE3popEv
FN:51,63,_ZN5QUEUEIiE3popEv
FN:65,70,_ZNK5QUEUEIiE5frontEv
FN:72,80,_ZNK5QUEUEINSt7__cxx1112basic_stringIcSt11char_traitsIcESaIcEEEE4sizeEv
FN:72,80,_ZNK5QUEUEIiE4sizeEv
FN:82,89,_ZNK5QUEUEINSt7__cxx1112basic_stringIcSt11char_traitsIcESaIcEEEE5printEv
FN:82,89,_ZNK5QUEUEIiE5printEv
FNDA:10,_ZN5QUEUEINSt7__cxx1112basic_stringIcSt11char_traitsIcESaIcEEEE4NodeC2ES5_
FNDA:10,_ZN5QUEUEIiE4NodeC2Ei
FNDA:2,_ZN5QUEUEINSt7__cxx1112basic_stringIcSt11char_traitsIcESaIcEEEEC2Ev
FNDA:2,_ZN5QUEUEIiEC2Ev
FNDA:2,_ZN5QUEUEINSt7__cxx1112basic_stringIcSt11char_traitsIcESaIcEEEED2Ev
FNDA:2,_ZN5QUEUEIiED2Ev
FNDA:23,_ZNK5QUEUEINSt7__cxx1112basic_stringIcSt11char_traitsIcESaIcEEEE8is_emptyEv
FNDA:24,_ZNK5QUEUEIiE8is_emptyEv
FNDA:10,_ZN5QUEUEINSt7__cxx1112basic_stringIcSt11char_traitsIcESaIcEEEE4pushERKS5_
FNDA:10,_ZN5QUEUEIiE4pushERKi
FNDA:10,_ZN5QUEUEINSt7__cxx1112basic_stringIcSt11char_traitsIcESaIcEEEE3popEv
FNDA:10,_ZN5QUEUEIiE3popEv
FNDA:1,_ZNK5QUEUEIiE5frontEv
FNDA:2,_ZNK5QUEUEINSt7__cxx1112basic_stringIcSt11char_traitsIcESaIcEEEE4sizeEv
FNDA:2,_ZNK5QUEUEIiE4sizeEv
FNDA:1,_ZNK5QUEUEINSt7__cxx1112basic_stringIcSt11char_traitsIcESaIcEEEE5printEv
FNDA:11,_ZNK5QUEUEIiE5printEv
FNF:17
FNH:17
BRDA:28,0,0,0
BRDA:28,0,1,4
BRDA:31,0,0,-
BRDA:31,0,1,-
BRDA:41,0,0,10
BRDA:41,e0,1,0
BRDA:41,0,2,10
BRDA:41,e0,3,0
BRDA:41,0,4,0
BRDA:41,0,5,0
BRDA:43,0,0,2
BRDA:43,0,1,18
BRDA:52,0,0,0
BRDA:52,0,1,20
BRDA:53,0,0,-
BRDA:53,e0,1,-
BRDA:58,0,0,20
BRDA:58,0,1,0
BRDA:60,0,0,2
BRDA:60,0,1,18
BRDA:66,0,0,0
BRDA:66,0,1,1
BRDA:67,0,0,-
BRDA:67,e0,1,-
BRDA:75,0,0,20
BRDA:75,0,1,4
BRDA:84,0,0,55
BRDA:84,0,1,12
BRF:28
BRH:14
DA:18,20
DA:25,4
DA:27,4
DA:28,8
DA:29,0
DA:30,0
DA:31,0
DA:33,4
DA:34,4
DA:36,47
DA:37,47
DA:40,20
DA:41,20
DA:43,20
DA:44,2
DA:46,18
DA:47,18
DA:49,20
DA:51,20
DA:52,20
DA:53,0
DA:56,20
DA:57,20
DA:58,20
DA:60,20
DA:61,2
DA:63,20
DA:65,1
DA:66,1
DA:67,0
DA:69,1
DA:72,4
DA:73,4
DA:74,4
DA:75,24
DA:76,20
DA:77,20
DA:79,4
DA:82,12
DA:83,12
DA:84,67
DA:85,55
DA:86,55
DA:88,12
DA:89,12
LF:45
LH:40
end_of_record
TN:
SF:/home/kln735/4test_lab/src/stack.h
FN:22,22,_ZN5StackINSt7__cxx1112basic_stringIcSt11char_traitsIcESaIcEEEE4NodeC2ES5_
FN:22,22,_ZN5StackIiE4NodeC2Ei
FN:29,29,_ZN5StackINSt7__cxx1112basic_stringIcSt11char_traitsIcESaIcEEEEC2Ev
FN:29,29,_ZN5StackIiEC2Ev
FN:31,37,_ZN5StackINSt7__cxx1112basic_stringIcSt11char_traitsIcESaIcEEEED2Ev
FN:31,37,_ZN5StackIiED2Ev
FN:39,41,_ZNK5StackINSt7__cxx1112basic_stringIcSt11char_traitsIcESaIcEEEE8is_emptyEv
FN:39,41,_ZNK5StackIiE8is_emptyEv
FN:43,48,_ZN5StackINSt7__cxx1112basic_stringIcSt11char_traitsIcESaIcEEEE4pushERKS5_
FN:43,48,_ZN5StackIiE4pushERKi
FN:50,60,_ZN5StackINSt7__cxx1112basic_stringIcSt11char_traitsIcESaIcEEEE3popEv
FN:50,60,_ZN5StackIiE3popEv
FN:62,67,_ZNK5StackINSt7__cxx1112basic_stringIcSt11char_traitsIcESaIcEEEE3topEv
FN:62,67,_ZNK5StackIiE3topEv
FN:69,71,_ZNK5StackINSt7__cxx1112basic_stringIcSt11char_traitsIcESaIcEEEE4sizeEv
FN:69,71,_ZNK5StackIiE4sizeEv
FN:73,80,_ZNK5StackIiE5printEv
FNDA:8,_ZN5StackINSt7__cxx1112basic_stringIcSt11char_traitsIcESaIcEEEE4NodeC2ES5_
FNDA:11,_ZN5StackIiE4NodeC2Ei
FNDA:2,_ZN5StackINSt7__cxx1112basic_stringIcSt11char_traitsIcESaIcEEEEC2Ev
FNDA:2,_ZN5StackIiEC2Ev
FNDA:2,_ZN5StackINSt7__cxx1112basic_stringIcSt11char_traitsIcESaIcEEEED2Ev
FNDA:2,_ZN5StackIiED2Ev
FNDA:3,_ZNK5StackINSt7__cxx1112basic_stringIcSt11char_traitsIcESaIcEEEE8is_emptyEv
FNDA:6,_ZNK5StackIiE8is_emptyEv
FNDA:8,_ZN5StackINSt7__cxx1112basic_stringIcSt11char_traitsIcESaIcEEEE4pushERKS5_
FNDA:11,_ZN5StackIiE4pushERKi
FNDA:1,_ZN5StackINSt7__cxx1112basic_stringIcSt11char_traitsIcESaIcEEEE3popEv
FNDA:4,_ZN5StackIiE3popEv
FNDA:2,_ZNK5StackINSt7__cxx1112basic_stringIcSt11char_traitsIcESaIcEEEE3topEv
FNDA:2,_ZNK5StackIiE3topEv
FNDA:2,_ZNK5StackINSt7__cxx1112basic_stringIcSt11char_traitsIcESaIcEEEE4sizeEv
FNDA:2,_ZNK5StackIiE4sizeEv
FNDA:1,_ZNK5StackIiE5printEv
FNF:17
FNH:17
BRDA:32,0,0,14
BRDA:32,0,1,4
BRDA:35,0,0,0
BRDA:35,0,1,14
BRDA:44,0,0,8
BRDA:44,e0,1,0
BRDA:44,0,2,8
BRDA:44,e0,3,0
BRDA:44,0,4,0
BRDA:44,0,5,0
BRDA:51,0,0,0
BRDA:51,0,1,5
BRDA:52,0,0,-
BRDA:52,e0,1,-
BRDA:56,0,0,5
BRDA:56,0,1,0
BRDA:63,0,0,0
BRDA:63,0,1,4
BRDA:64,0,0,-
BRDA:64,e0,1,-
BRDA:75,0,0,11
BRDA:75,0,1,1
BRF:22
BRH:10
DA:22,19
DA:29,4
DA:31,4
DA:32,22
DA:33,14
DA:34,14
DA:35,14
DA:37,4
DA:39,9
DA:40,9
DA:43,19
DA:44,19
DA:45,19
DA:46,19
DA:47,19
DA:48,19
DA:50,5
DA:51,5
DA:52,0
DA:55,5
DA:56,5
DA:57,5
DA:58,5
DA:60,5
DA:62,4
DA:63,4
DA:64,0
DA:66,4
DA:69,4
DA:70,4
DA:73,1
DA:74,1
DA:75,12
DA:76,11
DA:77,11
DA:79,1
DA:80,1
LF:37
LH:35
end_of_record
TN:
SF:/home/kln735/4test_lab/test/test_array.cpp
FN:127,127,_ZN35test_vector_int_MGET_WITH_MSET_Test8TestBodyEv
FN:127,127,_ZN35test_vector_int_MGET_WITH_MSET_TestC2Ev
FN:127,127,_ZN35test_vector_int_MGET_WITH_MSET_TestD0Ev
FN:127,127,_ZN35test_vector_int_MGET_WITH_MSET_TestD2Ev
FN:157,196,_ZN35test_vector_int_OTHER_ACTIVITY_Test8TestBodyEv
FN:157,196,_ZN35test_vector_int_OTHER_ACTIVITY_TestC2Ev
FN:157,196,_ZN35test_vector_int_OTHER_ACTIVITY_TestD0Ev
FN:157,196,_ZN35test_vector_int_OTHER_ACTIVITY_TestD2Ev
FN:18,18,_ZN26test_vector_int_MPUSH_Test8TestBodyEv
FN:18,18,_ZN26test_vector_int_MPUSH_TestC2Ev
FN:18,18,_ZN26test_vector_int_MPUSH_TestD0Ev
FN:18,18,_ZN26test_vector_int_MPUSH_TestD2Ev
FN:199,202,main
FN:37,37,_ZN26test_vector_str_MPUSH_Test8TestBodyEv
FN:37,37,_ZN26test_vector_str_MPUSH_TestC2Ev
FN:37,37,_ZN26test_vector_str_MPUSH_TestD0Ev
FN:37,37,_ZN26test_vector_str_MPUSH_TestD2Ev
FN:56,56,_ZN30test_vector_int_MPUSH_IND_Test8TestBodyEv
FN:56,56,_ZN30test_vector_int_MPUSH_IND_TestC2Ev
FN:56,56,_ZN30test_vector_int_MPUSH_IND_TestD0Ev
FN:56,56,_ZN30test_vector_int_MPUSH_IND_TestD2Ev
FN:79,79,_ZN30test_vector_str_MPUSH_IND_Test8TestBodyEv
FN:79,79,_ZN30test_vector_str_MPUSH_IND_TestC2Ev
FN:79,79,_ZN30test_vector_str_MPUSH_IND_TestD0Ev
FN:79,79,_ZN30test_vector_str_MPUSH_IND_TestD2Ev
FN:96,96,_ZN25test_vector_int_MDEL_Test8TestBodyEv
FN:96,96,_ZN25test_vector_int_MDEL_TestC2Ev
FN:96,96,_ZN25test_vector_int_MDEL_TestD0Ev
FN:96,96,_ZN25test_vector_int_MDEL_TestD2Ev
FNDA:1,_ZN35test_vector_int_MGET_WITH_MSET_Test8TestBodyEv
FNDA:1,_ZN35test_vector_int_MGET_WITH_MSET_TestC2Ev
FNDA:1,_ZN35test_vector_int_MGET_WITH_MSET_TestD0Ev
FNDA:1,_ZN35test_vector_int_MGET_WITH_MSET_TestD2Ev
FNDA:1,_ZN35test_vector_int_OTHER_ACTIVITY_Test8TestBodyEv
FNDA:1,_ZN35test_vector_int_OTHER_ACTIVITY_TestC2Ev
FNDA:1,_ZN35test_vector_int_OTHER_ACTIVITY_TestD0Ev
FNDA:1,_ZN35test_vector_int_OTHER_ACTIVITY_TestD2Ev
FNDA:1,_ZN26test_vector_int_MPUSH_Test8TestBodyEv
FNDA:1,_ZN26test_vector_int_MPUSH_TestC2Ev
FNDA:1,_ZN26test_vector_int_MPUSH_TestD0Ev
FNDA:1,_ZN26test_vector_int_MPUSH_TestD2Ev
FNDA:1,main
FNDA:1,_ZN26test_vector_str_MPUSH_Test8TestBodyEv
FNDA:1,_ZN26test_vector_str_MPUSH_TestC2Ev
FNDA:1,_ZN26test_vector_str_MPUSH_TestD0Ev
FNDA:1,_ZN26test_vector_str_MPUSH_TestD2Ev
FNDA:1,_ZN30test_vector_int_MPUSH_IND_Test8TestBodyEv
FNDA:1,_ZN30test_vector_int_MPUSH_IND_TestC2Ev
FNDA:1,_ZN30test_vector_int_MPUSH_IND_TestD0Ev
FNDA:1,_ZN30test_vector_int_MPUSH_IND_TestD2Ev
FNDA:1,_ZN30test_vector_str_MPUSH_IND_Test8TestBodyEv
FNDA:1,_ZN30test_vector_str_MPUSH_IND_TestC2Ev
FNDA:1,_ZN30test_vector_str_MPUSH_IND_TestD0Ev
FNDA:1,_ZN30test_vector_str_MPUSH_IND_TestD2Ev
FNDA:1,_ZN25test_vector_int_MDEL_Test8TestBodyEv
FNDA:1,_ZN25test_vector_int_MDEL_TestC2Ev
FNDA:1,_ZN25test_vector_int_MDEL_TestD0Ev
FNDA:1,_ZN25test_vector_int_MDEL_TestD2Ev
FNF:29
FNH:29
BRDA:19,0,0,1
BRDA:19,e0,1,0
BRDA:20,0,0,1
BRDA:20,e0,1,0
BRDA:21,0,0,1
BRDA:21,e0,1,0
BRDA:22,0,0,1
BRDA:22,e0,1,0
BRDA:23,0,0,1
BRDA:23,e0,1,0
BRDA:25,0,0,1
BRDA:25,e0,1,0
BRDA:25,0,2,1
BRDA:25,e0,3,0
BRDA:26,0,0,1
BRDA:26,e0,1,0
BRDA:26,0,2,1
BRDA:26,e0,3,0
BRDA:27,0,0,1
BRDA:27,e0,1,0
BRDA:27,0,2,1
BRDA:27,e0,3,0
BRDA:28,0,0,1
BRDA:28,e0,1,0
BRDA:30,0,0,1
BRDA:30,e0,1,0
BRDA:30,0,2,0
BRDA:30,0,3,1
BRDA:30,0,4,0
BRDA:30,e0,5,0
BRDA:30,0,6,0
BRDA:30,e0,7,0
BRDA:30,0,8,0
BRDA:30,e0,9,0
BRDA:31,0,0,1
BRDA:31,e0,1,0
BRDA:31,0,2,0
BRDA:31,0,3,1
BRDA:31,0,4,0
BRDA:31,e0,5,0
BRDA:31,0,6,0
BRDA:31,e0,7,0
BRDA:31,0,8,0
BRDA:31,e0,9,0
BRDA:32,0,0,1
BRDA:32,e0,1,0
BRDA:32,0,2,1
BRDA:32,e0,3,0
BRDA:32,0,4,0
BRDA:32,0,5,1
BRDA:32,0,6,0
BRDA:32,e0,7,0
BRDA:32,0,8,0
BRDA:32,e0,9,0
BRDA:32,0,10,0
BRDA:32,e0,11,0
BRDA:33,0,0,1
BRDA:33,e0,1,0
BRDA:33,0,2,0
BRDA:33,0,3,1
BRDA:33,0,4,0
BRDA:33,e0,5,0
BRDA:33,0,6,0
BRDA:33,e0,7,0
BRDA:33,0,8,0
BRDA:33,e0,9,0
BRDA:34,0,0,1
BRDA:34,e0,1,0
BRDA:34,0,2,0
BRDA:34,0,3,1
BRDA:34,0,4,0
BRDA:34,e0,5,0
BRDA:34,0,6,0
BRDA:34,e0,7,0
BRDA:34,0,8,0
BRDA:34,e0,9,0
BRDA:38,0,0,1
BRDA:38,e0,1,0
BRDA:38,0,2,1
BRDA:38,e0,3,0
BRDA:39,0,0,1
BRDA:39,e0,1,0
BRDA:39,0,2,1
BRDA:39,e0,3,0
BRDA:40,0,0,1
BRDA:40,e0,1,0
BRDA:40,0,2,1
BRDA:40,e0,3,0
BRDA:41,0,0,1
BRDA:41,e0,1,0
BRDA:41,0,2,1
BRDA:41,e0,3,0
BRDA:42,0,0,1
BRDA:42,e0,1,0
BRDA:42,0,2,1
BRDA:42,e0,3,0
BRDA:43,0,0,1
BRDA:43,e0,1,0
BRDA:43,0,2,1
BRDA:43,e0,3,0
BRDA:46,0,0,1
BRDA:46,e0,1,0
BRDA:46,0,2,1
BRDA:46,e0,3,0
BRDA:46,0,4,1
BRDA:46,e0,5,0
BRDA:46,0,6,0
BRDA:46,0,7,1
BRDA:46,0,8,0
BRDA:46,e0,9,0
BRDA:46,0,10,0
BRDA:46,e0,11,0
BRDA:46,0,12,0
BRDA:46,e0,13,0
BRDA:47,0,0,1
BRDA:47,e0,1,0
BRDA:47,0,2,1
BRDA:47,e0,3,0
BRDA:47,0,4,1
BRDA:47,e0,5,0
BRDA:47,0,6,0
BRDA:47,0,7,1
BRDA:47,0,8,0
BRDA:47,e0,9,0
BRDA:47,0,10,0
BRDA:47,e0,11,0
BRDA:47,0,12,0
BRDA:47,e0,13,0
BRDA:48,0,0,1
BRDA:48,e0,1,0
BRDA:48,0,2,1
BRDA:48,e0,3,0
BRDA:48,0,4,1
BRDA:48,e0,5,0
BRDA:48,0,6,1
BRDA:48,e0,7,0
BRDA:48,0,8,0
BRDA:48,0,9,1
BRDA:48,0,10,0
BRDA:48,e0,11,0
BRDA:48,0,12,0
BRDA:48,e0,13,0
BRDA:48,0,14,0
BRDA:48,e0,15,0
BRDA:49,0,0,1
BRDA:49,e0,1,0
BRDA:49,0,2,1
BRDA:49,e0,3,0
BRDA:49,0,4,1
BRDA:49,e0,5,0
BRDA:49,0,6,1
BRDA:49,e0,7,0
BRDA:49,0,8,0
BRDA:49,0,9,1
BRDA:49,0,10,0
BRDA:49,e0,11,0
BRDA:49,0,12,0
BRDA:49,e0,13,0
BRDA:49,0,14,0
BRDA:49,e0,15,0
BRDA:50,0,0,1
BRDA:50,e0,1,0
BRDA:50,0,2,1
BRDA:50,e0,3,0
BRDA:50,0,4,1
BRDA:50,e0,5,0
BRDA:50,0,6,1
BRDA:50,e0,7,0
BRDA:50,0,8,0
BRDA:50,0,9,1
BRDA:50,0,10,0
BRDA:50,e0,11,0
BRDA:50,0,12,0
BRDA:50,e0,13,0
BRDA:50,0,14,0
BRDA:50,e0,15,0
BRDA:51,0,0,1
BRDA:51,e0,1,0
BRDA:51,0,2,1
BRDA:51,e0,3,0
BRDA:51,0,4,1
BRDA:51,e0,5,0
BRDA:51,0,6,1
BRDA:51,e0,7,0
BRDA:51,0,8,0
BRDA:51,0,9,1
BRDA:51,0,10,0
BRDA:51,e0,11,0
BRDA:51,0,12,0
BRDA:51,e0,13,0
BRDA:51,0,14,0
BRDA:51,e0,15,0
BRDA:58,0,0,1
BRDA:58,e0,1,0
BRDA:59,0,0,1
BRDA:59,e0,1,0
BRDA:60,0,0,1
BRDA:60,e0,1,0
BRDA:61,0,0,1
BRDA:61,e0,1,0
BRDA:62,0,0,1
BRDA:62,e0,1,0
BRDA:64,0,0,1
BRDA:64,e0,1,0
BRDA:66,0,0,1
BRDA:66,e0,1,0
BRDA:67,0,0,1
BRDA:67,e0,1,0
BRDA:68,0,0,1
BRDA:68,e0,1,0
BRDA:70,0,0,1
BRDA:70,e0,1,0
BRDA:70,0,2,1
BRDA:70,e0,3,0
BRDA:70,0,4,0
BRDA:70,0,5,1
BRDA:70,0,6,0
BRDA:70,e0,7,0
BRDA:70,0,8,0
BRDA:70,e0,9,0
BRDA:70,0,10,0
BRDA:70,e0,11,0
BRDA:71,0,0,1
BRDA:71,e0,1,0
BRDA:71,0,2,0
BRDA:71,0,3,1
BRDA:71,0,4,0
BRDA:71,e0,5,0
BRDA:71,0,6,0
BRDA:71,e0,7,0
BRDA:71,0,8,0
BRDA:71,e0,9,0
BRDA:72,0,0,1
BRDA:72,e0,1,0
BRDA:72,0,2,1
BRDA:72,e0,3,0
BRDA:72,0,4,1
BRDA:72,e0,5,0
BRDA:72,0,6,0
BRDA:72,0,7,1
BRDA:72,0,8,0
BRDA:72,e0,9,0
BRDA:72,0,10,0
BRDA:72,e0,11,0
BRDA:72,0,12,0
BRDA:72,e0,13,0
BRDA:73,0,0,1
BRDA:73,e0,1,0
BRDA:73,0,2,0
BRDA:73,0,3,1
BRDA:73,0,4,0
BRDA:73,e0,5,0
BRDA:73,0,6,0
BRDA:73,e0,7,0
BRDA:73,0,8,0
BRDA:73,e0,9,0
BRDA:80,0,0,1
BRDA:80,e0,1,0
BRDA:80,0,2,1
BRDA:80,e0,3,0
BRDA:81,0,0,1
BRDA:81,e0,1,0
BRDA:81,0,2,1
BRDA:81,e0,3,0
BRDA:82,0,0,1
BRDA:82,e0,1,0
BRDA:82,0,2,1
BRDA:82,e0,3,0
BRDA:83,0,0,1
BRDA:83,e0,1,0
BRDA:83,0,2,1
BRDA:83,e0,3,0
BRDA:84,0,0,1
BRDA:84,e0,1,0
BRDA:84,0,2,1
BRDA:84,e0,3,0
BRDA:85,0,0,1
BRDA:85,e0,1,0
BRDA:85,0,2,1
BRDA:85,e0,3,0
BRDA:87,0,0,1
BRDA:87,e0,1,0
BRDA:87,0,2,1
BRDA:87,e0,3,0
BRDA:87,0,4,1
BRDA:87,e0,5,0
BRDA:88,0,0,1
BRDA:88,e0,1,0
BRDA:88,0,2,1
BRDA:88,e0,3,0
BRDA:88,0,4,1
BRDA:88,e0,5,0
BRDA:88,0,6,1
BRDA:88,e0,7,0
BRDA:90,0,0,1
BRDA:90,e0,1,0
BRDA:90,0,2,1
BRDA:90,e0,3,0
BRDA:90,0,4,1
BRDA:90,e0,5,0
BRDA:90,0,6,0
BRDA:90,0,7,1
BRDA:90,0,8,0
BRDA:90,e0,9,0
BRDA:90,0,10,0
BRDA:90,e0,11,0
BRDA:90,0,12,0
BRDA:90,e0,13,0
BRDA:91,0,0,1
BRDA:91,e0,1,0
BRDA:91,0,2,1
BRDA:91,e0,3,0
BRDA:91,0,4,1
BRDA:91,e0,5,0
BRDA:91,0,6,1
BRDA:91,e0,7,0
BRDA:91,0,8,0
BRDA:91,0,9,1
BRDA:91,0,10,0
BRDA:91,e0,11,0
BRDA:91,0,12,0
BRDA:91,e0,13,0
BRDA:91,0,14,0
BRDA:91,e0,15,0
BRDA:92,0,0,1
BRDA:92,e0,1,0
BRDA:92,0,2,1
BRDA:92,e0,3,0
BRDA:92,0,4,1
BRDA:92,e0,5,0
BRDA:92,0,6,1
BRDA:92,e0,7,0
BRDA:92,0,8,0
BRDA:92,0,9,1
BRDA:92,0,10,0
BRDA:92,e0,11,0
BRDA:92,0,12,0
BRDA:92,e0,13,0
BRDA:92,0,14,0
BRDA:92,e0,15,0
BRDA:93,0,0,1
BRDA:93,e0,1,0
BRDA:93,0,2,1
BRDA:93,e0,3,0
BRDA:93,0,4,1
BRDA:93,e0,5,0
BRDA:93,0,6,1
BRDA:93,e0,7,0
BRDA:93,0,8,0
BRDA:93,0,9,1
BRDA:93,0,10,0
BRDA:93,e0,11,0
BRDA:93,0,12,0
BRDA:93,e0,13,0
BRDA:93,0,14,0
BRDA:93,e0,15,0
BRDA:98,0,0,1
BRDA:98,e0,1,0
BRDA:99,0,0,1
BRDA:99,e0,1,0
BRDA:100,0,0,1
BRDA:100,e0,1,0
BRDA:102,0,0,1
BRDA:102,e0,1,0
BRDA:104,0,0,1
BRDA:104,e0,1,0
BRDA:104,0,2,0
BRDA:104,0,3,1
BRDA:104,0,4,0
BRDA:104,e0,5,0
BRDA:104,0,6,0
BRDA:104,e0,7,0
BRDA:104,0,8,0
BRDA:104,e0,9,0
BRDA:105,0,0,1
BRDA:105,e0,1,0
BRDA:105,0,2,1
BRDA:105,e0,3,0
BRDA:105,0,4,0
BRDA:105,0,5,1
BRDA:105,0,6,0
BRDA:105,e0,7,0
BRDA:105,0,8,0
BRDA:105,e0,9,0
BRDA:105,0,10,0
BRDA:105,e0,11,0
BRDA:106,0,0,1
BRDA:106,e0,1,0
BRDA:106,0,2,1
BRDA:106,e0,3,0
BRDA:106,0,4,0
BRDA:106,0,5,1
BRDA:106,0,6,0
BRDA:106,e0,7,0
BRDA:106,0,8,0
BRDA:106,e0,9,0
BRDA:106,0,10,0
BRDA:106,e0,11,0
BRDA:107,0,0,1
BRDA:107,e0,1,0
BRDA:107,0,2,1
BRDA:107,e0,3,0
BRDA:107,0,4,0
BRDA:107,0,5,1
BRDA:107,0,6,0
BRDA:107,e0,7,0
BRDA:107,0,8,0
BRDA:107,e0,9,0
BRDA:107,0,10,0
BRDA:107,e0,11,0
BRDA:109,0,0,1
BRDA:109,e0,1,0
BRDA:111,0,0,1
BRDA:111,e0,1,0
BRDA:111,0,2,0
BRDA:111,0,3,1
BRDA:111,0,4,0
BRDA:111,e0,5,0
BRDA:111,0,6,0
BRDA:111,e0,7,0
BRDA:111,0,8,0
BRDA:111,e0,9,0
BRDA:112,0,0,1
BRDA:112,e0,1,0
BRDA:112,0,2,1
BRDA:112,e0,3,0
BRDA:112,0,4,0
BRDA:112,0,5,1
BRDA:112,0,6,0
BRDA:112,e0,7,0
BRDA:112,0,8,0
BRDA:112,e0,9,0
BRDA:112,0,10,0
BRDA:112,e0,11,0
BRDA:113,0,0,1
BRDA:113,e0,1,0
BRDA:113,0,2,1
BRDA:113,e0,3,0
BRDA:113,0,4,0
BRDA:113,0,5,1
BRDA:113,0,6,0
BRDA:113,e0,7,0
BRDA:113,0,8,0
BRDA:113,e0,9,0
BRDA:113,0,10,0
BRDA:113,e0,11,0
BRDA:115,0,0,1
BRDA:115,e0,1,0
BRDA:117,0,0,1
BRDA:117,e0,1,0
BRDA:117,0,2,0
BRDA:117,0,3,1
BRDA:117,0,4,0
BRDA:117,e0,5,0
BRDA:117,0,6,0
BRDA:117,e0,7,0
BRDA:117,0,8,0
BRDA:117,e0,9,0
BRDA:118,0,0,1
BRDA:118,e0,1,0
BRDA:118,0,2,1
BRDA:118,e0,3,0
BRDA:118,0,4,0
BRDA:118,0,5,1
BRDA:118,0,6,0
BRDA:118,e0,7,0
BRDA:118,0,8,0
BRDA:118,e0,9,0
BRDA:118,0,10,0
BRDA:118,e0,11,0
BRDA:120,0,0,1
BRDA:120,0,1,0
BRDA:120,0,2,1
BRDA:120,e0,3,0
BRDA:120,0,4,1
BRDA:120,0,5,0
BRDA:120,0,6,0
BRDA:120,e0,7,1
BRDA:120,0,8,0
BRDA:120,0,9,1
BRDA:120,0,10,0
BRDA:120,e0,11,0
BRDA:120,0,12,0
BRDA:120,e0,13,0
BRDA:120,0,14,0
BRDA:120,e0,15,0
BRDA:120,0,16,0
BRDA:120,e0,17,0
BRDA:120,0,18,1
BRDA:120,0,19,0
BRDA:120,0,20,0
BRDA:120,0,21,0
BRDA:120,e0,22,0
BRDA:120,0,23,0
BRDA:120,e0,24,0
BRDA:120,0,25,0
BRDA:120,e0,26,0
BRDA:120,0,27,0
BRDA:120,e0,28,0
BRDA:120,0,29,0
BRDA:120,e0,30,0
BRDA:120,0,31,0
BRDA:120,e0,32,0
BRDA:120,0,33,0
BRDA:120,e0,34,0
BRDA:120,0,35,0
BRDA:120,e0,36,0
BRDA:122,0,0,1
BRDA:122,0,1,0
BRDA:122,0,2,1
BRDA:122,e0,3,0
BRDA:122,0,4,1
BRDA:122,0,5,0
BRDA:122,0,6,0
BRDA:122,e0,7,1
BRDA:122,0,8,0
BRDA:122,0,9,1
BRDA:122,0,10,0
BRDA:122,e0,11,0
BRDA:122,0,12,0
BRDA:122,e0,13,0
BRDA:122,0,14,0
BRDA:122,e0,15,0
BRDA:122,0,16,0
BRDA:122,e0,17,0
BRDA:122,0,18,1
BRDA:122,0,19,0
BRDA:122,0,20,0
BRDA:122,0,21,0
BRDA:122,e0,22,0
BRDA:122,0,23,0
BRDA:122,e0,24,0
BRDA:122,0,25,0
BRDA:122,e0,26,0
BRDA:122,0,27,0
BRDA:122,e0,28,0
BRDA:122,0,29,0
BRDA:122,e0,30,0
BRDA:122,0,31,0
BRDA:122,e0,32,0
BRDA:122,0,33,0
BRDA:122,e0,34,0
BRDA:122,0,35,0
BRDA:122,e0,36,0
BRDA:128,0,0,1
BRDA:128,e0,1,0
BRDA:129,0,0,1
BRDA:129,e0,1,0
BRDA:130,0,0,1
BRDA:130,e0,1,0
BRDA:131,0,0,1
BRDA:131,e0,1,0
BRDA:132,0,0,1
BRDA:132,e0,1,0
BRDA:133,0,0,1
BRDA:133,e0,1,0
BRDA:134,0,0,1
BRDA:134,e0,1,0
BRDA:135,0,0,1
BRDA:135,e0,1,0
BRDA:137,0,0,1
BRDA:137,e0,1,0
BRDA:137,0,2,1
BRDA:137,e0,3,0
BRDA:138,0,0,1
BRDA:138,e0,1,0
BRDA:138,0,2,1
BRDA:138,e0,3,0
BRDA:139,0,0,1
BRDA:139,e0,1,0
BRDA:139,0,2,1
BRDA:139,e0,3,0
BRDA:141,0,0,1
BRDA:141,e0,1,0
BRDA:141,0,2,1
BRDA:141,e0,3,0
BRDA:143,0,0,1
BRDA:143,e0,1,0
BRDA:144,0,0,1
BRDA:144,e0,1,0
BRDA:145,0,0,1
BRDA:145,e0,1,0
BRDA:146,0,0,1
BRDA:146,e0,1,0
BRDA:146,0,2,1
BRDA:146,e0,3,0
BRDA:146,0,4,1
BRDA:146,e0,5,0
BRDA:148,0,0,1
BRDA:148,e0,1,0
BRDA:148,0,2,0
BRDA:148,0,3,1
BRDA:148,0,4,0
BRDA:148,e0,5,0
BRDA:148,0,6,0
BRDA:148,e0,7,0
BRDA:148,0,8,0
BRDA:148,e0,9,0
BRDA:149,0,0,1
BRDA:149,e0,1,0
BRDA:149,0,2,1
BRDA:149,e0,3,0
BRDA:149,0,4,1
BRDA:149,e0,5,0
BRDA:149,0,6,0
BRDA:149,0,7,1
BRDA:149,0,8,0
BRDA:149,e0,9,0
BRDA:149,0,10,0
BRDA:149,e0,11,0
BRDA:149,0,12,0
BRDA:149,e0,13,0
BRDA:150,0,0,1
BRDA:150,e0,1,0
BRDA:150,0,2,0
BRDA:150,0,3,1
BRDA:150,0,4,0
BRDA:150,e0,5,0
BRDA:150,0,6,0
BRDA:150,e0,7,0
BRDA:150,0,8,0
BRDA:150,e0,9,0
BRDA:151,0,0,1
BRDA:151,e0,1,0
BRDA:151,0,2,0
BRDA:151,0,3,1
BRDA:151,0,4,0
BRDA:151,e0,5,0
BRDA:151,0,6,0
BRDA:151,e0,7,0
BRDA:151,0,8,0
BRDA:151,e0,9,0
BRDA:152,0,0,1
BRDA:152,e0,1,0
BRDA:152,0,2,1
BRDA:152,e0,3,0
BRDA:152,0,4,0
BRDA:152,0,5,1
BRDA:152,0,6,0
BRDA:152,e0,7,0
BRDA:152,0,8,0
BRDA:152,e0,9,0
BRDA:152,0,10,0
BRDA:152,e0,11,0
BRDA:159,0,0,1
BRDA:159,e0,1,0
BRDA:159,0,2,0
BRDA:159,0,3,1
BRDA:159,0,4,0
BRDA:159,e0,5,0
BRDA:159,0,6,0
BRDA:159,e0,7,0
BRDA:159,0,8,0
BRDA:159,e0,9,0
BRDA:160,0,0,1
BRDA:160,e0,1,0
BRDA:160,0,2,0
BRDA:160,0,3,1
BRDA:160,0,4,0
BRDA:160,e0,5,0
BRDA:160,0,6,0
BRDA:160,e0,7,0
BRDA:160,0,8,0
BRDA:160,e0,9,0
BRDA:166,0,0,1
BRDA:166,e0,1,0
BRDA:166,0,2,0
BRDA:166,0,3,1
BRDA:166,0,4,0
BRDA:166,e0,5,0
BRDA:166,0,6,0
BRDA:166,e0,7,0
BRDA:166,0,8,0
BRDA:166,e0,9,0
BRDA:167,0,0,1
BRDA:167,e0,1,0
BRDA:167,0,2,0
BRDA:167,0,3,1
BRDA:167,0,4,0
BRDA:167,e0,5,0
BRDA:167,0,6,0
BRDA:167,e0,7,0
BRDA:167,0,8,0
BRDA:167,e0,9,0
BRDA:169,0,0,1
BRDA:169,e0,1,0
BRDA:169,0,2,0
BRDA:169,0,3,1
BRDA:169,0,4,0
BRDA:169,e0,5,0
BRDA:169,0,6,0
BRDA:169,e0,7,0
BRDA:169,0,8,0
BRDA:169,e0,9,0
BRDA:170,0,0,1
BRDA:170,e0,1,0
BRDA:170,0,2,0
BRDA:170,0,3,1
BRDA:170,0,4,0
BRDA:170,e0,5,0
BRDA:170,0,6,0
BRDA:170,e0,7,0
BRDA:170,0,8,0
BRDA:170,e0,9,0
BRDA:174,0,0,1
BRDA:174,e0,1,0
BRDA:174,0,2,0
BRDA:174,0,3,1
BRDA:174,0,4,0
BRDA:174,e0,5,0
BRDA:174,0,6,0
BRDA:174,e0,7,0
BRDA:174,0,8,0
BRDA:174,e0,9,0
BRDA:175,0,0,1
BRDA:175,e0,1,0
BRDA:175,0,2,0
BRDA:175,0,3,1
BRDA:175,0,4,0
BRDA:175,e0,5,0
BRDA:175,0,6,0
BRDA:175,e0,7,0
BRDA:175,0,8,0
BRDA:175,e0,9,0
BRDA:178,0,0,3
BRDA:178,0,1,1
BRDA:179,0,0,3
BRDA:179,e0,1,0
BRDA:179,0,2,3
BRDA:179,e0,3,0
BRDA:179,0,4,0
BRDA:179,0,5,3
BRDA:179,0,6,0
BRDA:179,e0,7,0
BRDA:179,0,8,0
BRDA:179,e0,9,0
BRDA:179,0,10,0
BRDA:179,e0,11,0
BRDA:183,0,0,1
BRDA:183,e0,1,0
BRDA:183,0,2,0
BRDA:183,0,3,1
BRDA:183,0,4,0
BRDA:183,e0,5,0
BRDA:183,0,6,0
BRDA:183,e0,7,0
BRDA:183,0,8,0
BRDA:183,e0,9,0
BRDA:184,0,0,1
BRDA:184,e0,1,0
BRDA:184,0,2,0
BRDA:184,0,3,1
BRDA:184,0,4,0
BRDA:184,e0,5,0
BRDA:184,0,6,0
BRDA:184,e0,7,0
BRDA:184,0,8,0
BRDA:184,e0,9,0
BRDA:187,0,0,1
BRDA:187,e0,1,0
BRDA:187,0,2,0
BRDA:187,0,3,1
BRDA:187,0,4,0
BRDA:187,e0,5,0
BRDA:187,0,6,0
BRDA:187,e0,7,0
BRDA:187,0,8,0
BRDA:187,e0,9,0
BRDA:188,0,0,1
BRDA:188,e0,1,0
BRDA:188,0,2,0
BRDA:188,0,3,1
BRDA:188,0,4,0
BRDA:188,e0,5,0
BRDA:188,0,6,0
BRDA:188,e0,7,0
BRDA:188,0,8,0
BRDA:188,e0,9,0
BRDA:190,0,0,1
BRDA:190,e0,1,0
BRDA:190,0,2,0
BRDA:190,0,3,1
BRDA:190,0,4,0
BRDA:190,e0,5,0
BRDA:190,0,6,0
BRDA:190,e0,7,0
BRDA:190,0,8,0
BRDA:190,e0,9,0
BRDA:191,0,0,1
BRDA:191,e0,1,0
BRDA:191,0,2,0
BRDA:191,0,3,1
BRDA:191,0,4,0
BRDA:191,e0,5,0
BRDA:191,0,6,0
BRDA:191,e0,7,0
BRDA:191,0,8,0
BRDA:191,e0,9,0
BRDA:193,0,0,1
BRDA:193,e0,1,0
BRDA:193,0,2,0
BRDA:193,0,3,1
BRDA:193,0,4,0
BRDA:193,e0,5,0
BRDA:193,0,6,0
BRDA:193,e0,7,0
BRDA:193,0,8,0
BRDA:193,e0,9,0
BRDA:195,0,0,1
BRDA:195,e0,1,0
BRDA:195,0,2,0
BRDA:195,0,3,1
BRDA:195,0,4,0
BRDA:195,e0,5,0
BRDA:195,0,6,0
BRDA:195,e0,7,0
BRDA:195,0,8,0
BRDA:195,e0,9,0
BRF:818
BRH:235
DA:18,4
DA:19,1
DA:20,1
DA:21,1
DA:22,1
DA:23,1
DA:25,1
DA:26,1
DA:27,1
DA:28,1
DA:30,1
DA:31,1
DA:32,1
DA:33,1
DA:34,1
DA:35,1
DA:37,4
DA:38,2
DA:39,2
DA:40,2
DA:41,2
DA:42,2
DA:43,2
DA:46,1
DA:47,1
DA:48,1
DA:49,1
DA:50,1
DA:51,1
DA:52,1
DA:56,4
DA:58,1
DA:59,1
DA:60,1
DA:61,1
DA:62,1
DA:64,1
DA:66,1
DA:67,1
DA:68,1
DA:70,1
DA:71,1
DA:72,1
DA:73,1
DA:74,1
DA:79,4
DA:80,2
DA:81,2
DA:82,2
DA:83,2
DA:84,2
DA:85,2
DA:87,1
DA:88,1
DA:90,1
DA:91,1
DA:92,1
DA:93,1
DA:94,1
DA:96,4
DA:98,1
DA:99,1
DA:100,1
DA:102,1
DA:104,1
DA:105,1
DA:106,1
DA:107,1
DA:109,1
DA:111,1
DA:112,1
DA:113,1
DA:115,1
DA:117,1
DA:118,1
DA:120,1
DA:122,1
DA:123,1
DA:127,4
DA:128,1
DA:129,1
DA:130,1
DA:131,1
DA:132,1
DA:133,1
DA:134,1
DA:135,1
DA:137,1
DA:138,1
DA:139,1
DA:141,1
DA:143,1
DA:144,1
DA:145,1
DA:146,1
DA:148,1
DA:149,1
DA:150,1
DA:151,1
DA:152,1
DA:153,1
DA:157,4
DA:159,1
DA:160,1
DA:162,1
DA:163,1
DA:164,1
DA:166,1
DA:167,1
DA:169,1
DA:170,1
DA:172,1
DA:174,1
DA:175,1
DA:177,1
DA:178,4
DA:179,3
DA:182,1
DA:183,1
DA:184,1
DA:186,1
DA:187,1
DA:188,1
DA:190,1
DA:191,1
DA:193,1
DA:195,1
DA:196,1
DA:199,1
DA:200,1
DA:201,1
LF:131
LH:131
end_of_record
TN:
SF:/home/kln735/4test_lab/test/test_fbt.cpp
FN:12,12,_ZN21FBT_test_AddNode_Test8TestBodyEv
FN:12,12,_ZN21FBT_test_AddNode_TestC2Ev
FN:12,12,_ZN21FBT_test_AddNode_TestD0Ev
FN:12,12,_ZN21FBT_test_AddNode_TestD2Ev
FN:21,21,_ZN20FBT_test_isFull_Test8TestBodyEv
FN:21,21,_ZN20FBT_test_isFull_TestC2Ev
FN:21,21,_ZN20FBT_test_isFull_TestD0Ev
FN:21,21,_ZN20FBT_test_isFull_TestD2Ev
FN:30,30,_ZN21FBT_test_notFull_Test8TestBodyEv
FN:30,30,_ZN21FBT_test_notFull_TestC2Ev
FN:30,30,_ZN21FBT_test_notFull_TestD0Ev
FN:30,30,_ZN21FBT_test_notFull_TestD2Ev
FN:39,39,_ZN22FBT_test_findNode_Test8TestBodyEv
FN:39,39,_ZN22FBT_test_findNode_TestC2Ev
FN:39,39,_ZN22FBT_test_findNode_TestD0Ev
FN:39,39,_ZN22FBT_test_findNode_TestD2Ev
FN:5,5,_ZN25FBT_test_Constructor_Test8TestBodyEv
FN:5,5,_ZN25FBT_test_Constructor_TestC2Ev
FN:5,5,_ZN25FBT_test_Constructor_TestD0Ev
FN:5,5,_ZN25FBT_test_Constructor_TestD2Ev
FN:51,54,main
FNDA:1,_ZN21FBT_test_AddNode_Test8TestBodyEv
FNDA:1,_ZN21FBT_test_AddNode_TestC2Ev
FNDA:1,_ZN21FBT_test_AddNode_TestD0Ev
FNDA:1,_ZN21FBT_test_AddNode_TestD2Ev
FNDA:1,_ZN20FBT_test_isFull_Test8TestBodyEv
FNDA:1,_ZN20FBT_test_isFull_TestC2Ev
FNDA:1,_ZN20FBT_test_isFull_TestD0Ev
FNDA:1,_ZN20FBT_test_isFull_TestD2Ev
FNDA:1,_ZN21FBT_test_notFull_Test8TestBodyEv
FNDA:1,_ZN21FBT_test_notFull_TestC2Ev
FNDA:1,_ZN21FBT_test_notFull_TestD0Ev
FNDA:1,_ZN21FBT_test_notFull_TestD2Ev
FNDA:1,_ZN22FBT_test_findNode_Test8TestBodyEv
FNDA:1,_ZN22FBT_test_findNode_TestC2Ev
FNDA:1,_ZN22FBT_test_findNode_TestD0Ev
FNDA:1,_ZN22FBT_test_findNode_TestD2Ev
FNDA:1,_ZN25FBT_test_Constructor_Test8TestBodyEv
FNDA:1,_ZN25FBT_test_Constructor_TestC2Ev
FNDA:1,_ZN25FBT_test_Constructor_TestD0Ev
FNDA:1,_ZN25FBT_test_Constructor_TestD2Ev
FNDA:1,main
FNF:21
FNH:21
BRDA:6,0,0,1
BRDA:6,e0,1,0
BRDA:8,0,0,1
BRDA:8,e0,1,0
BRDA:8,0,2,1
BRDA:8,e0,3,0
BRDA:8,0,4,0
BRDA:8,0,5,1
BRDA:8,0,6,0
BRDA:8,e0,7,0
BRDA:8,0,8,0
BRDA:8,e0,9,0
BRDA:8,0,10,0
BRDA:8,e0,11,0
BRDA:13,0,0,1
BRDA:13,e0,1,0
BRDA:14,0,0,1
BRDA:14,e0,1,0
BRDA:15,0,0,1
BRDA:15,e0,1,0
BRDA:17,0,0,1
BRDA:17,e0,1,0
BRDA:17,0,2,1
BRDA:17,e0,3,0
BRDA:17,0,4,0
BRDA:17,0,5,1
BRDA:17,0,6,0
BRDA:17,e0,7,0
BRDA:17,0,8,0
BRDA:17,e0,9,0
BRDA:17,0,10,0
BRDA:17,e0,11,0
BRDA:18,0,0,1
BRDA:18,e0,1,0
BRDA:18,0,2,1
BRDA:18,e0,3,0
BRDA:18,0,4,0
BRDA:18,0,5,1
BRDA:18,0,6,0
BRDA:18,e0,7,0
BRDA:18,0,8,0
BRDA:18,e0,9,0
BRDA:18,0,10,0
BRDA:18,e0,11,0
BRDA:22,0,0,1
BRDA:22,e0,1,0
BRDA:23,0,0,1
BRDA:23,e0,1,0
BRDA:24,0,0,1
BRDA:24,e0,1,0
BRDA:27,0,0,1
BRDA:27,e0,1,0
BRDA:27,0,2,0
BRDA:27,0,3,1
BRDA:27,0,4,0
BRDA:27,e0,5,0
BRDA:27,0,6,0
BRDA:27,e0,7,0
BRDA:27,0,8,0
BRDA:27,e0,9,0
BRDA:27,0,10,0
BRDA:27,e0,11,0
BRDA:31,0,0,1
BRDA:31,e0,1,0
BRDA:32,0,0,1
BRDA:32,e0,1,0
BRDA:33,0,0,1
BRDA:33,e0,1,0
BRDA:34,0,0,1
BRDA:34,e0,1,0
BRDA:36,0,0,1
BRDA:36,e0,1,0
BRDA:36,0,2,0
BRDA:36,0,3,1
BRDA:36,0,4,0
BRDA:36,e0,5,0
BRDA:36,0,6,0
BRDA:36,e0,7,0
BRDA:36,0,8,0
BRDA:36,e0,9,0
BRDA:36,0,10,0
BRDA:36,e0,11,0
BRDA:40,0,0,1
BRDA:40,e0,1,0
BRDA:41,0,0,1
BRDA:41,e0,1,0
BRDA:42,0,0,1
BRDA:42,e0,1,0
BRDA:44,0,0,1
BRDA:44,e0,1,0
BRDA:44,0,2,1
BRDA:44,e0,3,0
BRDA:44,0,4,0
BRDA:44,0,5,1
BRDA:44,0,6,0
BRDA:44,e0,7,0
BRDA:44,0,8,0
BRDA:44,e0,9,0
BRDA:44,0,10,0
BRDA:44,e0,11,0
BRDA:45,0,0,1
BRDA:45,e0,1,0
BRDA:45,0,2,1
BRDA:45,e0,3,0
BRDA:45,0,4,0
BRDA:45,0,5,1
BRDA:45,0,6,0
BRDA:45,e0,7,0
BRDA:45,0,8,0
BRDA:45,e0,9,0
BRDA:45,0,10,0
BRDA:45,e0,11,0
BRDA:46,0,0,1
BRDA:46,e0,1,0
BRDA:46,0,2,1
BRDA:46,e0,3,0
BRDA:46,0,4,0
BRDA:46,0,5,1
BRDA:46,0,6,0
BRDA:46,e0,7,0
BRDA:46,0,8,0
BRDA:46,e0,9,0
BRDA:46,0,10,0
BRDA:46,e0,11,0
BRDA:48,0,0,1
BRDA:48,0,1,0
BRDA:48,0,2,1
BRDA:48,e0,3,0
BRDA:48,0,4,1
BRDA:48,0,5,0
BRDA:48,0,6,0
BRDA:48,e0,7,1
BRDA:48,0,8,0
BRDA:48,0,9,1
BRDA:48,0,10,0
BRDA:48,e0,11,0
BRDA:48,0,12,0
BRDA:48,e0,13,0
BRDA:48,0,14,0
BRDA:48,e0,15,0
BRDA:48,0,16,0
BRDA:48,e0,17,0
BRDA:48,0,18,1
BRDA:48,0,19,0
BRDA:48,0,20,0
BRDA:48,0,21,0
BRDA:48,e0,22,0
BRDA:48,0,23,0
BRDA:48,e0,24,0
BRDA:48,0,25,0
BRDA:48,e0,26,0
BRDA:48,0,27,0
BRDA:48,e0,28,0
BRDA:48,0,29,0
BRDA:48,e0,30,0
BRDA:48,0,31,0
BRDA:48,e0,32,0
BRDA:48,0,33,0
BRDA:48,e0,34,0
BRDA:48,0,35,0
BRDA:48,e0,36,0
BRF:161
BRH:42
DA:5,4
DA:6,1
DA:8,1
DA:9,1
DA:12,4
DA:13,1
DA:14,1
DA:15,1
DA:17,1
DA:18,1
DA:19,1
DA:21,4
DA:22,1
DA:23,1
DA:24,1
DA:27,1
DA:28,1
DA:30,4
DA:31,1
DA:32,1
DA:33,1
DA:34,1
DA:36,1
DA:37,1
DA:39,4
DA:40,1
DA:41,1
DA:42,1
DA:44,1
DA:45,1
DA:46,1
DA:48,1
DA:49,1
DA:51,1
DA:52,1
DA:53,1
LF:36
LH:36
end_of_record
TN:
SF:/home/kln735/4test_lab/test/test_flist.cpp
FN:16,16,_ZN26flist_ADD_WITH_SEARCH_Test8TestBodyEv
FN:16,16,_ZN26flist_ADD_WITH_SEARCH_TestC2Ev
FN:16,16,_ZN26flist_ADD_WITH_SEARCH_TestD0Ev
FN:16,16,_ZN26flist_ADD_WITH_SEARCH_TestD2Ev
FN:44,44,_ZN26flist_DEL_WITH_REMOVE_Test8TestBodyEv
FN:44,44,_ZN26flist_DEL_WITH_REMOVE_TestC2Ev
FN:44,44,_ZN26flist_DEL_WITH_REMOVE_TestD0Ev
FN:44,44,_ZN26flist_DEL_WITH_REMOVE_TestD2Ev
FN:81,84,main
FNDA:1,_ZN26flist_ADD_WITH_SEARCH_Test8TestBodyEv
FNDA:1,_ZN26flist_ADD_WITH_SEARCH_TestC2Ev
FNDA:1,_ZN26flist_ADD_WITH_SEARCH_TestD0Ev
FNDA:1,_ZN26flist_ADD_WITH_SEARCH_TestD2Ev
FNDA:1,_ZN26flist_DEL_WITH_REMOVE_Test8TestBodyEv
FNDA:1,_ZN26flist_DEL_WITH_REMOVE_TestC2Ev
FNDA:1,_ZN26flist_DEL_WITH_REMOVE_TestD0Ev
FNDA:1,_ZN26flist_DEL_WITH_REMOVE_TestD2Ev
FNDA:1,main
FNF:9
FNH:9
BRDA:20,0,0,1
BRDA:20,e0,1,0
BRDA:20,0,2,1
BRDA:20,e0,3,0
BRDA:21,0,0,1
BRDA:21,e0,1,0
BRDA:21,0,2,1
BRDA:21,e0,3,0
BRDA:22,0,0,1
BRDA:22,e0,1,0
BRDA:22,0,2,1
BRDA:22,e0,3,0
BRDA:23,0,0,1
BRDA:23,e0,1,0
BRDA:23,0,2,1
BRDA:23,e0,3,0
BRDA:24,0,0,1
BRDA:24,e0,1,0
BRDA:24,0,2,1
BRDA:24,e0,3,0
BRDA:25,0,0,1
BRDA:25,e0,1,0
BRDA:25,0,2,1
BRDA:25,e0,3,0
BRDA:27,0,0,1
BRDA:27,e0,1,0
BRDA:29,0,0,1
BRDA:29,e0,1,0
BRDA:29,0,2,1
BRDA:29,e0,3,0
BRDA:32,0,0,1
BRDA:32,e0,1,0
BRDA:32,0,2,1
BRDA:32,e0,3,0
BRDA:33,0,0,1
BRDA:33,e0,1,0
BRDA:33,0,2,1
BRDA:33,e0,3,0
BRDA:34,0,0,1
BRDA:34,e0,1,0
BRDA:34,0,2,1
BRDA:34,e0,3,0
BRDA:34,0,4,1
BRDA:34,e0,5,0
BRDA:34,0,6,1
BRDA:34,e0,7,0
BRDA:34,0,8,1
BRDA:34,e0,9,0
BRDA:34,0,10,1
BRDA:34,e0,11,0
BRDA:34,0,12,1
BRDA:34,e0,13,0
BRDA:34,0,14,1
BRDA:34,e0,15,0
BRDA:34,0,16,1
BRDA:34,e0,17,0
BRDA:34,0,18,1
BRDA:34,e0,19,0
BRDA:34,0,20,1
BRDA:34,e0,21,0
BRDA:37,0,0,1
BRDA:37,e0,1,0
BRDA:37,0,2,0
BRDA:37,0,3,1
BRDA:37,0,4,0
BRDA:37,e0,5,0
BRDA:37,0,6,0
BRDA:37,e0,7,0
BRDA:37,0,8,0
BRDA:37,e0,9,0
BRDA:38,0,0,1
BRDA:38,e0,1,0
BRDA:38,0,2,1
BRDA:38,e0,3,0
BRDA:38,0,4,1
BRDA:38,e0,5,0
BRDA:38,0,6,0
BRDA:38,0,7,1
BRDA:38,0,8,0
BRDA:38,e0,9,0
BRDA:38,0,10,0
BRDA:38,e0,11,0
BRDA:38,0,12,0
BRDA:38,e0,13,0
BRDA:39,0,0,1
BRDA:39,e0,1,0
BRDA:39,0,2,1
BRDA:39,e0,3,0
BRDA:39,0,4,1
BRDA:39,e0,5,0
BRDA:39,0,6,0
BRDA:39,0,7,1
BRDA:39,0,8,0
BRDA:39,e0,9,0
BRDA:39,0,10,0
BRDA:39,e0,11,0
BRDA:39,0,12,0
BRDA:39,e0,13,0
BRDA:40,0,0,1
BRDA:40,e0,1,0
BRDA:40,0,2,1
BRDA:40,e0,3,0
BRDA:40,0,4,1
BRDA:40,e0,5,0
BRDA:40,0,6,0
BRDA:40,0,7,1
BRDA:40,0,8,0
BRDA:40,e0,9,0
BRDA:40,0,10,0
BRDA:40,e0,11,0
BRDA:40,0,12,0
BRDA:40,e0,13,0
BRDA:41,0,0,1
BRDA:41,e0,1,0
BRDA:41,0,2,1
BRDA:41,e0,3,0
BRDA:41,0,4,1
BRDA:41,e0,5,0
BRDA:41,0,6,0
BRDA:41,0,7,1
BRDA:41,0,8,0
BRDA:41,e0,9,0
BRDA:41,0,10,0
BRDA:41,e0,11,0
BRDA:41,0,12,0
BRDA:41,e0,13,0
BRDA:46,0,0,1
BRDA:46,e0,1,0
BRDA:46,0,2,1
BRDA:46,e0,3,0
BRDA:47,0,0,1
BRDA:47,e0,1,0
BRDA:47,0,2,1
BRDA:47,e0,3,0
BRDA:48,0,0,1
BRDA:48,e0,1,0
BRDA:48,0,2,1
BRDA:48,e0,3,0
BRDA:49,0,0,1
BRDA:49,e0,1,0
BRDA:49,0,2,1
BRDA:49,e0,3,0
BRDA:50,0,0,1
BRDA:50,e0,1,0
BRDA:50,0,2,1
BRDA:50,e0,3,0
BRDA:51,0,0,1
BRDA:51,e0,1,0
BRDA:51,0,2,1
BRDA:51,e0,3,0
BRDA:56,0,0,1
BRDA:56,e0,1,0
BRDA:56,0,2,1
BRDA:56,e0,3,0
BRDA:57,0,0,1
BRDA:57,e0,1,0
BRDA:57,0,2,1
BRDA:57,e0,3,0
BRDA:58,0,0,1
BRDA:58,e0,1,0
BRDA:58,0,2,1
BRDA:58,e0,3,0
BRDA:59,0,0,1
BRDA:59,e0,1,0
BRDA:59,0,2,1
BRDA:59,e0,3,0
BRDA:66,0,0,1
BRDA:66,e0,1,0
BRDA:66,0,2,1
BRDA:66,e0,3,0
BRDA:66,0,4,0
BRDA:66,0,5,1
BRDA:66,0,6,0
BRDA:66,e0,7,0
BRDA:66,0,8,0
BRDA:66,e0,9,0
BRDA:66,0,10,0
BRDA:66,e0,11,0
BRDA:68,0,0,1
BRDA:68,e0,1,0
BRDA:68,0,2,1
BRDA:68,e0,3,0
BRDA:69,0,0,1
BRDA:69,e0,1,0
BRDA:69,0,2,1
BRDA:69,e0,3,0
BRDA:70,0,0,1
BRDA:70,e0,1,0
BRDA:70,0,2,1
BRDA:70,e0,3,0
BRDA:72,0,0,1
BRDA:72,e0,1,0
BRDA:72,0,2,1
BRDA:72,e0,3,0
BRDA:72,0,4,1
BRDA:72,e0,5,0
BRDA:72,0,6,1
BRDA:72,e0,7,0
BRDA:72,0,8,1
BRDA:72,e0,9,0
BRDA:72,0,10,0
BRDA:72,0,11,1
BRDA:72,0,12,0
BRDA:72,e0,13,0
BRDA:72,0,14,0
BRDA:72,e0,15,0
BRDA:72,0,16,0
BRDA:72,e0,17,0
BRDA:73,0,0,1
BRDA:73,e0,1,0
BRDA:73,0,2,1
BRDA:73,e0,3,0
BRDA:73,0,4,1
BRDA:73,e0,5,0
BRDA:73,0,6,0
BRDA:73,0,7,1
BRDA:73,0,8,0
BRDA:73,e0,9,0
BRDA:73,0,10,0
BRDA:73,e0,11,0
BRDA:73,0,12,0
BRDA:73,e0,13,0
BRF:222
BRH:87
DA:16,4
DA:18,1
DA:20,2
DA:21,2
DA:22,2
DA:23,2
DA:24,2
DA:25,2
DA:27,1
DA:29,2
DA:32,2
DA:33,2
DA:34,1
DA:37,1
DA:38,1
DA:39,1
DA:40,1
DA:41,1
DA:42,1
DA:44,4
DA:46,2
DA:47,2
DA:48,2
DA:49,2
DA:50,2
DA:51,2
DA:54,1
DA:56,2
DA:57,2
DA:58,2
DA:59,2
DA:61,1
DA:62,1
DA:63,1
DA:64,1
DA:66,1
DA:68,2
DA:69,2
DA:70,2
DA:72,1
DA:73,1
DA:75,1
DA:76,1
DA:77,1
DA:79,1
DA:81,1
DA:82,1
DA:83,1
LF:48
LH:48
end_of_record
TN:
SF:/home/kln735/4test_lab/test/test_hash.cpp
FN:15,15,_ZN35hash_int_ALL_OPERATION_FOR_INT_Test8TestBodyEv
FN:15,15,_ZN35hash_int_ALL_OPERATION_FOR_INT_TestC2Ev
FN:15,15,_ZN35hash_int_ALL_OPERATION_FOR_INT_TestD0Ev
FN:15,15,_ZN35hash_int_ALL_OPERATION_FOR_INT_TestD2Ev
FN:40,40,_ZN35hash_str_ALL_OPERATION_FOR_STR_Test8TestBodyEv
FN:40,40,_ZN35hash_str_ALL_OPERATION_FOR_STR_TestC2Ev
FN:40,40,_ZN35hash_str_ALL_OPERATION_FOR_STR_TestD0Ev
FN:40,40,_ZN35hash_str_ALL_OPERATION_FOR_STR_TestD2Ev
FN:66,69,main
FNDA:1,_ZN35hash_int_ALL_OPERATION_FOR_INT_Test8TestBodyEv
FNDA:1,_ZN35hash_int_ALL_OPERATION_FOR_INT_TestC2Ev
FNDA:1,_ZN35hash_int_ALL_OPERATION_FOR_INT_TestD0Ev
FNDA:1,_ZN35hash_int_ALL_OPERATION_FOR_INT_TestD2Ev
FNDA:1,_ZN35hash_str_ALL_OPERATION_FOR_STR_Test8TestBodyEv
FNDA:1,_ZN35hash_str_ALL_OPERATION_FOR_STR_TestC2Ev
FNDA:1,_ZN35hash_str_ALL_OPERATION_FOR_STR_TestD0Ev
FNDA:1,_ZN35hash_str_ALL_OPERATION_FOR_STR_TestD2Ev
FNDA:1,main
FNF:9
FNH:9
BRDA:17,0,0,1
BRDA:17,e0,1,0
BRDA:18,0,0,1
BRDA:18,e0,1,0
BRDA:19,0,0,1
BRDA:19,e0,1,0
BRDA:24,0,0,1
BRDA:24,e0,1,0
BRDA:24,0,2,1
BRDA:24,e0,3,0
BRDA:24,0,4,0
BRDA:24,0,5,1
BRDA:24,0,6,0
BRDA:24,e0,7,0
BRDA:24,0,8,0
BRDA:24,e0,9,0
BRDA:24,0,10,0
BRDA:24,e0,11,0
BRDA:25,0,0,1
BRDA:25,e0,1,0
BRDA:25,0,2,1
BRDA:25,e0,3,0
BRDA:25,0,4,0
BRDA:25,0,5,1
BRDA:25,0,6,0
BRDA:25,e0,7,0
BRDA:25,0,8,0
BRDA:25,e0,9,0
BRDA:25,0,10,0
BRDA:25,e0,11,0
BRDA:27,0,0,1
BRDA:27,e0,1,0
BRDA:28,0,0,1
BRDA:28,e0,1,0
BRDA:28,0,2,1
BRDA:28,e0,3,0
BRDA:28,0,4,0
BRDA:28,0,5,1
BRDA:28,0,6,0
BRDA:28,e0,7,0
BRDA:28,0,8,0
BRDA:28,e0,9,0
BRDA:28,0,10,0
BRDA:28,e0,11,0
BRDA:30,0,0,1
BRDA:30,e0,1,0
BRDA:31,0,0,1
BRDA:31,e0,1,0
BRDA:32,0,0,1
BRDA:32,e0,1,0
BRDA:34,0,0,1
BRDA:34,0,1,0
BRDA:34,0,2,1
BRDA:34,e0,3,0
BRDA:34,0,4,1
BRDA:34,0,5,0
BRDA:34,0,6,0
BRDA:34,e0,7,1
BRDA:34,0,8,0
BRDA:34,0,9,1
BRDA:34,0,10,0
BRDA:34,e0,11,0
BRDA:34,0,12,0
BRDA:34,e0,13,0
BRDA:34,0,14,0
BRDA:34,e0,15,0
BRDA:34,0,16,0
BRDA:34,e0,17,0
BRDA:34,0,18,1
BRDA:34,0,19,0
BRDA:34,0,20,0
BRDA:34,0,21,0
BRDA:34,e0,22,0
BRDA:34,0,23,0
BRDA:34,e0,24,0
BRDA:34,0,25,0
BRDA:34,e0,26,0
BRDA:34,0,27,0
BRDA:34,e0,28,0
BRDA:34,0,29,0
BRDA:34,e0,30,0
BRDA:34,0,31,0
BRDA:34,e0,32,0
BRDA:34,0,33,0
BRDA:34,e0,34,0
BRDA:34,0,35,0
BRDA:34,e0,36,0
BRDA:35,0,0,1
BRDA:35,0,1,0
BRDA:35,0,2,1
BRDA:35,e0,3,0
BRDA:35,0,4,1
BRDA:35,0,5,0
BRDA:35,0,6,0
BRDA:35,e0,7,1
BRDA:35,0,8,0
BRDA:35,0,9,1
BRDA:35,0,10,0
BRDA:35,e0,11,0
BRDA:35,0,12,0
BRDA:35,e0,13,0
BRDA:35,0,14,0
BRDA:35,e0,15,0
BRDA:35,0,16,0
BRDA:35,e0,17,0
BRDA:35,0,18,1
BRDA:35,0,19,0
BRDA:35,0,20,0
BRDA:35,0,21,0
BRDA:35,e0,22,0
BRDA:35,0,23,0
BRDA:35,e0,24,0
BRDA:35,0,25,0
BRDA:35,e0,26,0
BRDA:35,0,27,0
BRDA:35,e0,28,0
BRDA:35,0,29,0
BRDA:35,e0,30,0
BRDA:35,0,31,0
BRDA:35,e0,32,0
BRDA:35,0,33,0
BRDA:35,e0,34,0
BRDA:35,0,35,0
BRDA:35,e0,36,0
BRDA:36,0,0,1
BRDA:36,0,1,0
BRDA:36,0,2,1
BRDA:36,e0,3,0
BRDA:36,0,4,1
BRDA:36,0,5,0
BRDA:36,0,6,0
BRDA:36,e0,7,1
BRDA:36,0,8,0
BRDA:36,0,9,1
BRDA:36,0,10,0
BRDA:36,e0,11,0
BRDA:36,0,12,0
BRDA:36,e0,13,0
BRDA:36,0,14,0
BRDA:36,e0,15,0
BRDA:36,0,16,0
BRDA:36,e0,17,0
BRDA:36,0,18,1
BRDA:36,0,19,0
BRDA:36,0,20,0
BRDA:36,0,21,0
BRDA:36,e0,22,0
BRDA:36,0,23,0
BRDA:36,e0,24,0
BRDA:36,0,25,0
BRDA:36,e0,26,0
BRDA:36,0,27,0
BRDA:36,e0,28,0
BRDA:36,0,29,0
BRDA:36,e0,30,0
BRDA:36,0,31,0
BRDA:36,e0,32,0
BRDA:36,0,33,0
BRDA:36,e0,34,0
BRDA:36,0,35,0
BRDA:36,e0,36,0
BRDA:42,0,0,1
BRDA:42,e0,1,0
BRDA:42,0,2,1
BRDA:42,e0,3,0
BRDA:42,0,4,1
BRDA:42,e0,5,0
BRDA:43,0,0,1
BRDA:43,e0,1,0
BRDA:43,0,2,1
BRDA:43,e0,3,0
BRDA:43,0,4,1
BRDA:43,e0,5,0
BRDA:44,0,0,1
BRDA:44,e0,1,0
BRDA:44,0,2,1
BRDA:44,e0,3,0
BRDA:44,0,4,1
BRDA:44,e0,5,0
BRDA:45,0,0,1
BRDA:45,e0,1,0
BRDA:45,0,2,1
BRDA:45,e0,3,0
BRDA:45,0,4,1
BRDA:45,e0,5,0
BRDA:46,0,0,1
BRDA:46,e0,1,0
BRDA:46,0,2,1
BRDA:46,e0,3,0
BRDA:46,0,4,1
BRDA:46,e0,5,0
BRDA:47,0,0,1
BRDA:47,e0,1,0
BRDA:47,0,2,1
BRDA:47,e0,3,0
BRDA:47,0,4,1
BRDA:47,e0,5,0
BRDA:51,0,0,1
BRDA:51,e0,1,0
BRDA:51,0,2,1
BRDA:51,e0,3,0
BRDA:51,0,4,1
BRDA:51,e0,5,0
BRDA:51,0,6,0
BRDA:51,0,7,1
BRDA:51,0,8,0
BRDA:51,e0,9,0
BRDA:51,0,10,0
BRDA:51,e0,11,0
BRDA:51,0,12,0
BRDA:51,e0,13,0
BRDA:52,0,0,1
BRDA:52,e0,1,0
BRDA:52,0,2,1
BRDA:52,e0,3,0
BRDA:52,0,4,1
BRDA:52,e0,5,0
BRDA:52,0,6,0
BRDA:52,0,7,1
BRDA:52,0,8,0
BRDA:52,e0,9,0
BRDA:52,0,10,0
BRDA:52,e0,11,0
BRDA:52,0,12,0
BRDA:52,e0,13,0
BRDA:54,0,0,1
BRDA:54,e0,1,0
BRDA:54,0,2,1
BRDA:54,e0,3,0
BRDA:54,0,4,1
BRDA:54,e0,5,0
BRDA:55,0,0,1
BRDA:55,e0,1,0
BRDA:55,0,2,1
BRDA:55,e0,3,0
BRDA:55,0,4,1
BRDA:55,e0,5,0
BRDA:55,0,6,0
BRDA:55,0,7,1
BRDA:55,0,8,0
BRDA:55,e0,9,0
BRDA:55,0,10,0
BRDA:55,e0,11,0
BRDA:55,0,12,0
BRDA:55,e0,13,0
BRDA:57,0,0,1
BRDA:57,e0,1,0
BRDA:57,0,2,1
BRDA:57,e0,3,0
BRDA:58,0,0,1
BRDA:58,e0,1,0
BRDA:58,0,2,1
BRDA:58,e0,3,0
BRDA:60,0,0,1
BRDA:60,0,1,0
BRDA:60,0,2,1
BRDA:60,e0,3,0
BRDA:60,0,4,1
BRDA:60,0,5,0
BRDA:60,0,6,1
BRDA:60,e0,7,0
BRDA:60,0,8,0
BRDA:60,e0,9,1
BRDA:60,0,10,0
BRDA:60,0,11,1
BRDA:60,0,12,0
BRDA:60,e0,13,0
BRDA:60,0,14,0
BRDA:60,e0,15,0
BRDA:60,0,16,0
BRDA:60,e0,17,0
BRDA:60,0,18,0
BRDA:60,e0,19,0
BRDA:60,0,20,1
BRDA:60,0,21,0
BRDA:60,0,22,0
BRDA:60,0,23,0
BRDA:60,e0,24,0
BRDA:60,0,25,0
BRDA:60,e0,26,0
BRDA:60,0,27,0
BRDA:60,e0,28,0
BRDA:60,0,29,0
BRDA:60,e0,30,0
BRDA:60,0,31,0
BRDA:60,e0,32,0
BRDA:60,0,33,0
BRDA:60,e0,34,0
BRDA:60,0,35,0
BRDA:60,e0,36,0
BRDA:60,0,37,0
BRDA:60,e0,38,0
BRDA:61,0,0,1
BRDA:61,0,1,0
BRDA:61,0,2,1
BRDA:61,e0,3,0
BRDA:61,0,4,1
BRDA:61,0,5,0
BRDA:61,0,6,1
BRDA:61,e0,7,0
BRDA:61,0,8,0
BRDA:61,e0,9,1
BRDA:61,0,10,0
BRDA:61,0,11,1
BRDA:61,0,12,0
BRDA:61,e0,13,0
BRDA:61,0,14,0
BRDA:61,e0,15,0
BRDA:61,0,16,0
BRDA:61,e0,17,0
BRDA:61,0,18,0
BRDA:61,e0,19,0
BRDA:61,0,20,1
BRDA:61,0,21,0
BRDA:61,0,22,0
BRDA:61,0,23,0
BRDA:61,e0,24,0
BRDA:61,0,25,0
BRDA:61,e0,26,0
BRDA:61,0,27,0
BRDA:61,e0,28,0
BRDA:61,0,29,0
BRDA:61,e0,30,0
BRDA:61,0,31,0
BRDA:61,e0,32,0
BRDA:61,0,33,0
BRDA:61,e0,34,0
BRDA:61,0,35,0
BRDA:61,e0,36,0
BRDA:61,0,37,0
BRDA:61,e0,38,0
BRF:331
BRH:85
DA:15,4
DA:17,1
DA:18,1
DA:19,1
DA:22,1
DA:24,1
DA:25,1
DA:27,1
DA:28,1
DA:30,1
DA:31,1
DA:32,1
DA:34,1
DA:35,1
DA:36,1
DA:38,1
DA:40,4
DA:42,4
DA:43,4
DA:44,4
DA:45,4
DA:46,4
DA:47,4
DA:49,1
DA:51,3
DA:52,3
DA:54,4
DA:55,3
DA:57,2
DA:58,2
DA:60,3
DA:61,3
DA:63,1
DA:66,1
DA:67,1
DA:68,1
LF:36
LH:36
end_of_record
TN:
SF:/home/kln735/4test_lab/test/test_llist.cpp
FN:104,107,main
FN:15,15,_ZN28ListTest_ADD_AND_SEARCH_Test8TestBodyEv
FN:15,15,_ZN28ListTest_ADD_AND_SEARCH_TestC2Ev
FN:15,15,_ZN28ListTest_ADD_AND_SEARCH_TestD0Ev
FN:15,15,_ZN28ListTest_ADD_AND_SEARCH_TestD2Ev
FN:64,64,_ZN26ListTest_DEL_WITH_REM_Test8TestBodyEv
FN:64,64,_ZN26ListTest_DEL_WITH_REM_TestC2Ev
FN:64,64,_ZN26ListTest_DEL_WITH_REM_TestD0Ev
FN:64,64,_ZN26ListTest_DEL_WITH_REM_TestD2Ev
FNDA:1,main
FNDA:1,_ZN28ListTest_ADD_AND_SEARCH_Test8TestBodyEv
FNDA:1,_ZN28ListTest_ADD_AND_SEARCH_TestC2Ev
FNDA:1,_ZN28ListTest_ADD_AND_SEARCH_TestD0Ev
FNDA:1,_ZN28ListTest_ADD_AND_SEARCH_TestD2Ev
FNDA:1,_ZN26ListTest_DEL_WITH_REM_Test8TestBodyEv
FNDA:1,_ZN26ListTest_DEL_WITH_REM_TestC2Ev
FNDA:1,_ZN26ListTest_DEL_WITH_REM_TestD0Ev
FNDA:1,_ZN26ListTest_DEL_WITH_REM_TestD2Ev
FNF:9
FNH:9
BRDA:16,0,0,6
BRDA:16,e0,1,0
BRDA:16,0,2,6
BRDA:16,0,3,1
BRDA:16,0,4,1
BRDA:16,e0,5,0
BRDA:16,0,6,6
BRDA:16,0,7,1
BRDA:16,0,8,0
BRDA:16,0,9,0
BRDA:16,0,10,0
BRDA:16,0,11,0
BRDA:16,0,12,0
BRDA:16,0,13,0
BRDA:18,0,0,6
BRDA:18,0,1,1
BRDA:19,0,0,6
BRDA:19,e0,1,0
BRDA:19,0,2,6
BRDA:19,e0,3,0
BRDA:21,0,0,3
BRDA:21,0,1,3
BRDA:22,0,0,3
BRDA:22,e0,1,0
BRDA:22,0,2,3
BRDA:22,e0,3,0
BRDA:24,0,0,3
BRDA:24,e0,1,0
BRDA:24,0,2,3
BRDA:24,e0,3,0
BRDA:28,0,0,1
BRDA:28,e0,1,0
BRDA:30,0,0,1
BRDA:30,e0,1,0
BRDA:30,0,2,1
BRDA:30,e0,3,0
BRDA:36,0,0,1
BRDA:36,e0,1,0
BRDA:36,0,2,1
BRDA:36,e0,3,0
BRDA:38,0,0,0
BRDA:38,0,1,0
BRDA:43,0,0,1
BRDA:43,e0,1,0
BRDA:43,0,2,1
BRDA:43,e0,3,0
BRDA:45,0,0,0
BRDA:45,0,1,0
BRDA:49,0,0,1
BRDA:49,e0,1,0
BRDA:49,0,2,0
BRDA:49,0,3,1
BRDA:49,0,4,0
BRDA:49,e0,5,0
BRDA:49,0,6,0
BRDA:49,e0,7,0
BRDA:49,0,8,0
BRDA:49,e0,9,0
BRDA:52,0,0,6
BRDA:52,0,1,1
BRDA:53,0,0,6
BRDA:53,e0,1,0
BRDA:53,0,2,6
BRDA:53,e0,3,0
BRDA:54,0,0,5
BRDA:54,0,1,1
BRDA:55,0,0,5
BRDA:55,e0,1,0
BRDA:59,0,0,1
BRDA:59,e0,1,0
BRDA:59,0,2,1
BRDA:59,e0,3,0
BRDA:59,0,4,1
BRDA:59,e0,5,0
BRDA:59,0,6,0
BRDA:59,0,7,1
BRDA:59,0,8,0
BRDA:59,e0,9,0
BRDA:59,0,10,0
BRDA:59,e0,11,0
BRDA:59,0,12,0
BRDA:59,e0,13,0
BRDA:60,0,0,1
BRDA:60,e0,1,0
BRDA:60,0,2,1
BRDA:60,e0,3,0
BRDA:60,0,4,1
BRDA:60,e0,5,0
BRDA:60,0,6,1
BRDA:60,e0,7,0
BRDA:60,0,8,0
BRDA:60,0,9,1
BRDA:60,0,10,0
BRDA:60,e0,11,0
BRDA:60,0,12,0
BRDA:60,e0,13,0
BRDA:60,0,14,0
BRDA:60,e0,15,0
BRDA:69,0,0,1
BRDA:69,e0,1,0
BRDA:69,0,2,1
BRDA:69,e0,3,0
BRDA:70,0,0,1
BRDA:70,e0,1,0
BRDA:70,0,2,1
BRDA:70,e0,3,0
BRDA:71,0,0,1
BRDA:71,e0,1,0
BRDA:71,0,2,1
BRDA:71,e0,3,0
BRDA:72,0,0,1
BRDA:72,e0,1,0
BRDA:72,0,2,1
BRDA:72,e0,3,0
BRDA:73,0,0,1
BRDA:73,e0,1,0
BRDA:73,0,2,1
BRDA:73,e0,3,0
BRDA:74,0,0,1
BRDA:74,e0,1,0
BRDA:74,0,2,1
BRDA:74,e0,3,0
BRDA:76,0,0,1
BRDA:76,e0,1,0
BRDA:76,0,2,0
BRDA:76,0,3,1
BRDA:76,0,4,0
BRDA:76,e0,5,0
BRDA:76,0,6,0
BRDA:76,e0,7,0
BRDA:76,0,8,0
BRDA:76,e0,9,0
BRDA:78,0,0,1
BRDA:78,e0,1,0
BRDA:78,0,2,1
BRDA:78,e0,3,0
BRDA:79,0,0,1
BRDA:79,e0,1,0
BRDA:79,0,2,1
BRDA:79,e0,3,0
BRDA:80,0,0,1
BRDA:80,e0,1,0
BRDA:80,0,2,1
BRDA:80,e0,3,0
BRDA:81,0,0,1
BRDA:81,e0,1,0
BRDA:81,0,2,1
BRDA:81,e0,3,0
BRDA:88,0,0,1
BRDA:88,e0,1,0
BRDA:88,0,2,1
BRDA:88,e0,3,0
BRDA:88,0,4,0
BRDA:88,0,5,1
BRDA:88,0,6,0
BRDA:88,e0,7,0
BRDA:88,0,8,0
BRDA:88,e0,9,0
BRDA:88,0,10,0
BRDA:88,e0,11,0
BRDA:90,0,0,1
BRDA:90,e0,1,0
BRDA:90,0,2,1
BRDA:90,e0,3,0
BRDA:91,0,0,1
BRDA:91,e0,1,0
BRDA:91,0,2,1
BRDA:91,e0,3,0
BRDA:92,0,0,1
BRDA:92,e0,1,0
BRDA:92,0,2,1
BRDA:92,e0,3,0
BRDA:94,0,0,1
BRDA:94,e0,1,0
BRDA:94,0,2,1
BRDA:94,e0,3,0
BRDA:94,0,4,1
BRDA:94,e0,5,0
BRDA:94,0,6,1
BRDA:94,e0,7,0
BRDA:94,0,8,1
BRDA:94,e0,9,0
BRDA:94,0,10,0
BRDA:94,0,11,1
BRDA:94,0,12,0
BRDA:94,e0,13,0
BRDA:94,0,14,0
BRDA:94,e0,15,0
BRDA:94,0,16,0
BRDA:94,e0,17,0
BRDA:95,0,0,1
BRDA:95,e0,1,0
BRDA:95,0,2,1
BRDA:95,e0,3,0
BRDA:95,0,4,1
BRDA:95,e0,5,0
BRDA:95,0,6,0
BRDA:95,0,7,1
BRDA:95,0,8,0
BRDA:95,e0,9,0
BRDA:95,0,10,0
BRDA:95,e0,11,0
BRDA:95,0,12,0
BRDA:95,e0,13,0
BRF:204
BRH:82
DA:15,4
DA:16,13
DA:18,7
DA:19,6
DA:20,6
DA:21,6
DA:22,3
DA:24,3
DA:26,6
DA:28,1
DA:30,2
DA:32,1
DA:33,1
DA:36,2
DA:37,1
DA:38,0
DA:39,0
DA:40,0
DA:43,2
DA:44,1
DA:45,0
DA:46,0
DA:47,0
DA:49,1
DA:51,2
DA:52,7
DA:53,6
DA:54,6
DA:55,5
DA:59,1
DA:60,1
DA:61,1
DA:64,4
DA:66,1
DA:67,1
DA:69,2
DA:70,2
DA:71,2
DA:72,2
DA:73,2
DA:74,2
DA:76,1
DA:78,2
DA:79,2
DA:80,2
DA:81,2
DA:83,1
DA:84,1
DA:85,1
DA:86,1
DA:88,1
DA:90,2
DA:91,2
DA:92,2
DA:94,1
DA:95,1
DA:97,1
DA:98,1
DA:99,1
DA:102,1
DA:104,1
DA:105,1
DA:106,1
LF:63
LH:57
end_of_record
TN:
SF:/home/kln735/4test_lab/test/test_queue.cpp
FN:16,16,_ZN42queue_int_PUSH_WITH_RANDOM_OPERATIONS_Test8TestBodyEv
FN:16,16,_ZN42queue_int_PUSH_WITH_RANDOM_OPERATIONS_TestC2Ev
FN:16,16,_ZN42queue_int_PUSH_WITH_RANDOM_OPERATIONS_TestD0Ev
FN:16,16,_ZN42queue_int_PUSH_WITH_RANDOM_OPERATIONS_TestD2Ev
FN:47,47,_ZN42queue_str_PUSH_WITH_RANDOM_OPERATIONS_Test8TestBodyEv
FN:47,47,_ZN42queue_str_PUSH_WITH_RANDOM_OPERATIONS_TestC2Ev
FN:47,47,_ZN42queue_str_PUSH_WITH_RANDOM_OPERATIONS_TestD0Ev
FN:47,47,_ZN42queue_str_PUSH_WITH_RANDOM_OPERATIONS_TestD2Ev
FN:71,74,main
FNDA:1,_ZN42queue_int_PUSH_WITH_RANDOM_OPERATIONS_Test8TestBodyEv
FNDA:1,_ZN42queue_int_PUSH_WITH_RANDOM_OPERATIONS_TestC2Ev
FNDA:1,_ZN42queue_int_PUSH_WITH_RANDOM_OPERATIONS_TestD0Ev
FNDA:1,_ZN42queue_int_PUSH_WITH_RANDOM_OPERATIONS_TestD2Ev
FNDA:1,_ZN42queue_str_PUSH_WITH_RANDOM_OPERATIONS_Test8TestBodyEv
FNDA:1,_ZN42queue_str_PUSH_WITH_RANDOM_OPERATIONS_TestC2Ev
FNDA:1,_ZN42queue_str_PUSH_WITH_RANDOM_OPERATIONS_TestD0Ev
FNDA:1,_ZN42queue_str_PUSH_WITH_RANDOM_OPERATIONS_TestD2Ev
FNDA:1,main
FNF:9
FNH:9
BRDA:18,0,0,1
BRDA:18,e0,1,0
BRDA:19,0,0,1
BRDA:19,e0,1,0
BRDA:19,0,2,1
BRDA:19,e0,3,0
BRDA:20,0,0,1
BRDA:20,e0,1,0
BRDA:22,0,0,0
BRDA:22,0,1,1
BRDA:22,0,2,0
BRDA:22,e0,3,0
BRDA:22,0,4,0
BRDA:22,e0,5,0
BRDA:22,0,6,0
BRDA:22,e0,7,0
BRDA:22,0,8,0
BRDA:22,e0,9,0
BRDA:24,0,0,10
BRDA:24,0,1,1
BRDA:25,0,0,10
BRDA:25,e0,1,0
BRDA:26,0,0,10
BRDA:26,e0,1,0
BRDA:29,0,0,0
BRDA:29,0,1,1
BRDA:29,0,2,0
BRDA:29,e0,3,0
BRDA:29,0,4,0
BRDA:29,e0,5,0
BRDA:29,0,6,0
BRDA:29,e0,7,0
BRDA:29,0,8,0
BRDA:29,e0,9,0
BRDA:31,0,0,1
BRDA:31,e0,1,0
BRDA:31,0,2,0
BRDA:31,0,3,1
BRDA:31,0,4,0
BRDA:31,e0,5,0
BRDA:31,0,6,0
BRDA:31,e0,7,0
BRDA:31,0,8,0
BRDA:31,e0,9,0
BRDA:32,0,0,1
BRDA:32,e0,1,0
BRDA:32,0,2,1
BRDA:32,e0,3,0
BRDA:32,0,4,0
BRDA:32,0,5,1
BRDA:32,0,6,0
BRDA:32,e0,7,0
BRDA:32,0,8,0
BRDA:32,e0,9,0
BRDA:32,0,10,0
BRDA:32,e0,11,0
BRDA:35,0,0,10
BRDA:35,0,1,1
BRDA:36,0,0,10
BRDA:36,e0,1,0
BRDA:37,0,0,10
BRDA:37,e0,1,0
BRDA:40,0,0,1
BRDA:40,e0,1,0
BRDA:42,0,0,0
BRDA:42,0,1,1
BRDA:42,0,2,0
BRDA:42,e0,3,0
BRDA:42,0,4,0
BRDA:42,e0,5,0
BRDA:42,0,6,0
BRDA:42,e0,7,0
BRDA:42,0,8,0
BRDA:42,e0,9,0
BRDA:44,0,0,1
BRDA:44,e0,1,0
BRDA:44,0,2,0
BRDA:44,0,3,1
BRDA:44,0,4,0
BRDA:44,e0,5,0
BRDA:44,0,6,0
BRDA:44,e0,7,0
BRDA:44,0,8,0
BRDA:44,e0,9,0
BRDA:49,0,0,0
BRDA:49,0,1,1
BRDA:49,0,2,0
BRDA:49,e0,3,0
BRDA:49,0,4,0
BRDA:49,e0,5,0
BRDA:49,0,6,0
BRDA:49,e0,7,0
BRDA:49,0,8,0
BRDA:49,e0,9,0
BRDA:51,0,0,1
BRDA:51,e0,1,0
BRDA:51,0,2,1
BRDA:51,e0,3,0
BRDA:51,0,4,1
BRDA:51,e0,5,0
BRDA:51,0,6,1
BRDA:51,e0,7,0
BRDA:51,0,8,1
BRDA:51,e0,9,0
BRDA:51,0,10,1
BRDA:51,e0,11,0
BRDA:51,0,12,1
BRDA:51,e0,13,0
BRDA:51,0,14,1
BRDA:51,e0,15,0
BRDA:51,0,16,1
BRDA:51,e0,17,0
BRDA:51,0,18,1
BRDA:51,e0,19,0
BRDA:51,0,20,10
BRDA:51,0,21,1
BRDA:51,0,22,0
BRDA:51,0,23,0
BRDA:51,0,24,0
BRDA:51,0,25,0
BRDA:51,0,26,0
BRDA:51,0,27,0
BRDA:52,0,0,10
BRDA:52,0,1,1
BRDA:53,0,0,10
BRDA:53,e0,1,0
BRDA:56,0,0,1
BRDA:56,e0,1,0
BRDA:58,0,0,0
BRDA:58,0,1,1
BRDA:58,0,2,0
BRDA:58,e0,3,0
BRDA:58,0,4,0
BRDA:58,e0,5,0
BRDA:58,0,6,0
BRDA:58,e0,7,0
BRDA:58,0,8,0
BRDA:58,e0,9,0
BRDA:59,0,0,1
BRDA:59,e0,1,0
BRDA:59,0,2,0
BRDA:59,0,3,1
BRDA:59,0,4,0
BRDA:59,e0,5,0
BRDA:59,0,6,0
BRDA:59,e0,7,0
BRDA:59,0,8,0
BRDA:59,e0,9,0
BRDA:61,0,0,10
BRDA:61,0,1,1
BRDA:62,0,0,10
BRDA:62,e0,1,0
BRDA:66,0,0,0
BRDA:66,0,1,1
BRDA:66,0,2,0
BRDA:66,e0,3,0
BRDA:66,0,4,0
BRDA:66,e0,5,0
BRDA:66,0,6,0
BRDA:66,e0,7,0
BRDA:66,0,8,0
BRDA:66,e0,9,0
BRDA:67,0,0,1
BRDA:67,e0,1,0
BRDA:67,0,2,0
BRDA:67,0,3,1
BRDA:67,0,4,0
BRDA:67,e0,5,0
BRDA:67,0,6,0
BRDA:67,e0,7,0
BRDA:67,0,8,0
BRDA:67,e0,9,0
BRF:172
BRH:49
DA:16,4
DA:18,1
DA:19,1
DA:20,1
DA:22,1
DA:24,11
DA:25,10
DA:26,10
DA:29,1
DA:31,1
DA:32,1
DA:35,11
DA:36,10
DA:37,10
DA:40,1
DA:42,1
DA:44,1
DA:45,1
DA:47,4
DA:49,1
DA:51,13
DA:52,11
DA:53,10
DA:56,1
DA:58,1
DA:59,1
DA:61,11
DA:62,10
DA:66,1
DA:67,1
DA:68,1
DA:71,1
DA:72,1
DA:73,1
LF:34
LH:34
end_of_record
TN:
SF:/home/kln735/4test_lab/test/test_stack.cpp
FN:15,15,_ZN40stack_int_PUSH_WITH_OTHER_OPERATION_Test8TestBodyEv
FN:15,15,_ZN40stack_int_PUSH_WITH_OTHER_OPERATION_TestC2Ev
FN:15,15,_ZN40stack_int_PUSH_WITH_OTHER_OPERATION_TestD0Ev
FN:15,15,_ZN40stack_int_PUSH_WITH_OTHER_OPERATION_TestD2Ev
FN:42,42,_ZN39stack_str_POP_WITH_OTHER_OPERATION_Test8TestBodyEv
FN:42,42,_ZN39stack_str_POP_WITH_OTHER_OPERATION_TestC2Ev
FN:42,42,_ZN39stack_str_POP_WITH_OTHER_OPERATION_TestD0Ev
FN:42,42,_ZN39stack_str_POP_WITH_OTHER_OPERATION_TestD2Ev
FN:62,65,main
FNDA:1,_ZN40stack_int_PUSH_WITH_OTHER_OPERATION_Test8TestBodyEv
FNDA:1,_ZN40stack_int_PUSH_WITH_OTHER_OPERATION_TestC2Ev
FNDA:1,_ZN40stack_int_PUSH_WITH_OTHER_OPERATION_TestD0Ev
FNDA:1,_ZN40stack_int_PUSH_WITH_OTHER_OPERATION_TestD2Ev
FNDA:1,_ZN39stack_str_POP_WITH_OTHER_OPERATION_Test8TestBodyEv
FNDA:1,_ZN39stack_str_POP_WITH_OTHER_OPERATION_TestC2Ev
FNDA:1,_ZN39stack_str_POP_WITH_OTHER_OPERATION_TestD0Ev
FNDA:1,_ZN39stack_str_POP_WITH_OTHER_OPERATION_TestD2Ev
FNDA:1,main
FNF:9
FNH:9
BRDA:16,0,0,1
BRDA:16,e0,1,0
BRDA:17,0,0,1
BRDA:17,e0,1,0
BRDA:18,0,0,1
BRDA:18,e0,1,0
BRDA:19,0,0,1
BRDA:19,e0,1,0
BRDA:20,0,0,1
BRDA:20,e0,1,0
BRDA:21,0,0,1
BRDA:21,e0,1,0
BRDA:22,0,0,1
BRDA:22,e0,1,0
BRDA:23,0,0,1
BRDA:23,e0,1,0
BRDA:24,0,0,1
BRDA:24,e0,1,0
BRDA:25,0,0,1
BRDA:25,e0,1,0
BRDA:26,0,0,1
BRDA:26,e0,1,0
BRDA:30,0,0,1
BRDA:30,e0,1,0
BRDA:30,0,2,0
BRDA:30,0,3,1
BRDA:30,0,4,0
BRDA:30,e0,5,0
BRDA:30,0,6,0
BRDA:30,e0,7,0
BRDA:30,0,8,0
BRDA:30,e0,9,0
BRDA:31,0,0,1
BRDA:31,e0,1,0
BRDA:31,0,2,1
BRDA:31,e0,3,0
BRDA:31,0,4,0
BRDA:31,0,5,1
BRDA:31,0,6,0
BRDA:31,e0,7,0
BRDA:31,0,8,0
BRDA:31,e0,9,0
BRDA:31,0,10,0
BRDA:31,e0,11,0
BRDA:38,0,0,1
BRDA:38,e0,1,0
BRDA:38,0,2,0
BRDA:38,0,3,1
BRDA:38,0,4,0
BRDA:38,e0,5,0
BRDA:38,0,6,0
BRDA:38,e0,7,0
BRDA:38,0,8,0
BRDA:38,e0,9,0
BRDA:39,0,0,1
BRDA:39,e0,1,0
BRDA:39,0,2,1
BRDA:39,e0,3,0
BRDA:39,0,4,0
BRDA:39,0,5,1
BRDA:39,0,6,0
BRDA:39,e0,7,0
BRDA:39,0,8,0
BRDA:39,e0,9,0
BRDA:39,0,10,0
BRDA:39,e0,11,0
BRDA:43,0,0,1
BRDA:43,e0,1,0
BRDA:43,0,2,1
BRDA:43,e0,3,0
BRDA:44,0,0,1
BRDA:44,e0,1,0
BRDA:44,0,2,1
BRDA:44,e0,3,0
BRDA:45,0,0,1
BRDA:45,e0,1,0
BRDA:45,0,2,1
BRDA:45,e0,3,0
BRDA:46,0,0,1
BRDA:46,e0,1,0
BRDA:46,0,2,1
BRDA:46,e0,3,0
BRDA:47,0,0,1
BRDA:47,e0,1,0
BRDA:47,0,2,1
BRDA:47,e0,3,0
BRDA:48,0,0,1
BRDA:48,e0,1,0
BRDA:48,0,2,1
BRDA:48,e0,3,0
BRDA:49,0,0,1
BRDA:49,e0,1,0
BRDA:49,0,2,1
BRDA:49,e0,3,0
BRDA:50,0,0,1
BRDA:50,e0,1,0
BRDA:50,0,2,1
BRDA:50,e0,3,0
BRDA:52,0,0,1
BRDA:52,e0,1,0
BRDA:52,0,2,0
BRDA:52,0,3,1
BRDA:52,0,4,0
BRDA:52,e0,5,0
BRDA:52,0,6,0
BRDA:52,e0,7,0
BRDA:52,0,8,0
BRDA:52,e0,9,0
BRDA:53,0,0,1
BRDA:53,e0,1,0
BRDA:53,0,2,1
BRDA:53,e0,3,0
BRDA:53,0,4,0
BRDA:53,0,5,1
BRDA:53,0,6,0
BRDA:53,e0,7,0
BRDA:53,0,8,0
BRDA:53,e0,9,0
BRDA:53,0,10,0
BRDA:53,e0,11,0
BRDA:57,0,0,1
BRDA:57,e0,1,0
BRDA:57,0,2,0
BRDA:57,0,3,1
BRDA:57,0,4,0
BRDA:57,e0,5,0
BRDA:57,0,6,0
BRDA:57,e0,7,0
BRDA:57,0,8,0
BRDA:57,e0,9,0
BRDA:58,0,0,1
BRDA:58,e0,1,0
BRDA:58,0,2,1
BRDA:58,e0,3,0
BRDA:58,0,4,0
BRDA:58,0,5,1
BRDA:58,0,6,0
BRDA:58,e0,7,0
BRDA:58,0,8,0
BRDA:58,e0,9,0
BRDA:58,0,10,0
BRDA:58,e0,11,0
BRF:142
BRH:47
DA:15,4
DA:16,1
DA:17,1
DA:18,1
DA:19,1
DA:20,1
DA:21,1
DA:22,1
DA:23,1
DA:24,1
DA:25,1
DA:26,1
DA:28,1
DA:30,1
DA:31,1
DA:33,1
DA:34,1
DA:35,1
DA:36,1
DA:38,1
DA:39,1
DA:40,1
DA:42,4
DA:43,2
DA:44,2
DA:45,2
DA:46,2
DA:47,2
DA:48,2
DA:49,2
DA:50,2
DA:52,1
DA:53,1
DA:55,1
DA:57,1
DA:58,1
DA:59,1
DA:62,1
DA:63,1
DA:64,1
LF:40
LH:40
end_of_record
TN:
SF:/usr/include/c++/14/atomic
FN:838,838,_ZNSt6atomicIiEC2Ei
FNDA:20,_ZNSt6atomicIiEC2Ei
FNF:1
FNH:1
DA:838,20
LF:1
LH:1
end_of_record
TN:
SF:/usr/include/c++/14/bits/alloc_traits.h
FNF:0
FNH:0
DA:478,751
DA:513,30
DA:572,1383
DA:584,233
DA:718,0
LF:5
LH:4
end_of_record
TN:
SF:/usr/include/c++/14/bits/allocator.h
FNF:0
FNH:0
BRDA:189,0,0,0
BRDA:189,0,1,751
BRDA:191,0,0,-
BRDA:191,0,1,-
BRDA:203,0,0,0
BRDA:203,0,1,0
BRDA:203,0,2,0
BRDA:203,0,3,18
BRDA:203,1,0,0
BRDA:203,1,1,12
BRF:10
BRH:3
DA:161,156
DA:166,751
DA:182,389
DA:189,751
DA:191,0
DA:192,0
DA:193,0
DA:196,751
DA:203,30
DA:205,0
DA:206,0
DA:208,30
DA:215,0
LF:13
LH:7
end_of_record
TN:
SF:/usr/include/c++/14/bits/atomic_base.h
FN:358,358,_ZNSt13__atomic_baseIiEC2Ei
FNDA:20,_ZNSt13__atomic_baseIiEC2Ei
FNF:1
FNH:1
DA:358,20
DA:631,8
DA:641,31
LF:3
LH:3
end_of_record
TN:
SF:/usr/include/c++/14/bits/basic_string.h
FN:1076,1077,_ZNKSt7__cxx1112basic_stringIcSt11char_traitsIcESaIcEE4sizeEv
FN:1083,1084,_ZNKSt7__cxx1112basic_stringIcSt11char_traitsIcESaIcEE6lengthEv
FN:1089,1090,_ZNKSt7__cxx1112basic_stringIcSt11char_traitsIcESaIcEE8max_sizeEv
FN:1180,1184,_ZNKSt7__cxx1112basic_stringIcSt11char_traitsIcESaIcEE8capacityEv
FN:1231,1232,_ZNKSt7__cxx1112basic_stringIcSt11char_traitsIcESaIcEE5emptyEv
FN:129,142,_ZNSt7__cxx1112basic_stringIcSt11char_traitsIcESaIcEE11_S_allocateERS3_m
FN:1377,1378,_ZNSt7__cxx1112basic_stringIcSt11char_traitsIcESaIcEEpLERKS4_
FN:1387,1388,_ZNSt7__cxx1112basic_stringIcSt11char_traitsIcESaIcEEpLEPKc
FN:1435,1436,_ZNSt7__cxx1112basic_stringIcSt11char_traitsIcESaIcEE6appendERKS4_
FN:1466,1471,_ZNSt7__cxx1112basic_stringIcSt11char_traitsIcESaIcEE6appendEPKcm
FN:1480,1486,_ZNSt7__cxx1112basic_stringIcSt11char_traitsIcESaIcEE6appendEPKc
FN:1588,1621,_ZNSt7__cxx1112basic_stringIcSt11char_traitsIcESaIcEE6assignERKS4_
FN:1692,1697,_ZNSt7__cxx1112basic_stringIcSt11char_traitsIcESaIcEE6assignEPKc
FN:193,194,_ZNSt7__cxx1112basic_stringIcSt11char_traitsIcESaIcEE12_Alloc_hiderC2EPcRKS3_
FN:1939,1941,_ZNSt7__cxx1112basic_stringIcSt11char_traitsIcESaIcEE6insertEmRKS4_
FN:197,198,_ZNSt7__cxx1112basic_stringIcSt11char_traitsIcESaIcEE12_Alloc_hiderC2EPcOS3_
FN:2114,2122,_ZNSt7__cxx1112basic_stringIcSt11char_traitsIcESaIcEE5eraseEmm
FN:217,218,_ZNSt7__cxx1112basic_stringIcSt11char_traitsIcESaIcEE7_M_dataEPc
FN:222,223,_ZNSt7__cxx1112basic_stringIcSt11char_traitsIcESaIcEE9_M_lengthEm
FN:2249,2255,_ZNSt7__cxx1112basic_stringIcSt11char_traitsIcESaIcEE7replaceEmmPKcm
FN:227,228,_ZNKSt7__cxx1112basic_stringIcSt11char_traitsIcESaIcEE7_M_dataEv
FN:2300,2302,_ZNSt7__cxx1112basic_stringIcSt11char_traitsIcESaIcEE7replaceEmmmc
FN:232,239,_ZNSt7__cxx1112basic_stringIcSt11char_traitsIcESaIcEE13_M_local_dataEv
FN:243,250,_ZNKSt7__cxx1112basic_stringIcSt11char_traitsIcESaIcEE13_M_local_dataEv
FN:254,255,_ZNSt7__cxx1112basic_stringIcSt11char_traitsIcESaIcEE11_M_capacityEm
FN:259,263,_ZNSt7__cxx1112basic_stringIcSt11char_traitsIcESaIcEE13_M_set_lengthEm
FN:2640,2641,_ZNKSt7__cxx1112basic_stringIcSt11char_traitsIcESaIcEE5c_strEv
FN:2653,2654,_ZNKSt7__cxx1112basic_stringIcSt11char_traitsIcESaIcEE4dataEv
FN:267,276,_ZNKSt7__cxx1112basic_stringIcSt11char_traitsIcESaIcEE11_M_is_localEv
FN:2706,2708,_ZNKSt7__cxx1112basic_stringIcSt11char_traitsIcESaIcEE4findERKS4_m
FN:2740,2744,_ZNKSt7__cxx1112basic_stringIcSt11char_traitsIcESaIcEE4findEPKcm
FN:285,289,_ZNSt7__cxx1112basic_stringIcSt11char_traitsIcESaIcEE10_M_disposeEv
FN:2908,2913,_ZNKSt7__cxx1112basic_stringIcSt11char_traitsIcESaIcEE13find_first_ofEPKcm
FN:293,294,_ZNSt7__cxx1112basic_stringIcSt11char_traitsIcESaIcEE10_M_destroyEm
FN:3208,3210,_ZNKSt7__cxx1112basic_stringIcSt11char_traitsIcESaIcEE6substrEmm
FN:3228,3238,_ZNKSt7__cxx1112basic_stringIcSt11char_traitsIcESaIcEE7compareERKS4_
FN:341,342,_ZNSt7__cxx1112basic_stringIcSt11char_traitsIcESaIcEE16_M_get_allocatorEv
FN:3428,3439,_ZNKSt7__cxx1112basic_stringIcSt11char_traitsIcESaIcEE7compareEmmPKc
FN:346,347,_ZNKSt7__cxx1112basic_stringIcSt11char_traitsIcESaIcEE16_M_get_allocatorEv
FN:3696,3714,_ZStplIcSt11char_traitsIcESaIcEENSt7__cxx1112basic_stringIT_T0_T1_EEOS8_S9_
FN:3733,3735,_ZStplIcSt11char_traitsIcESaIcEENSt7__cxx1112basic_stringIT_T0_T1_EEOS8_PKS5_
FN:3755,3761,_ZSteqIcSt11char_traitsIcESaIcEEbRKNSt7__cxx1112basic_stringIT_T0_T1_EESA_
FN:3772,3777,_ZSteqIcSt11char_traitsIcESaIcEEbRKNSt7__cxx1112basic_stringIT_T0_T1_EEPKS5_
FN:3790,3793,_ZStssIcSt11char_traitsIcESaIcEEDTcl21__char_traits_cmp_catIT0_ELi0EEERKNSt7__cxx1112basic_stringIT_S3_T1_EESB_
FN:391,398,_ZNKSt7__cxx1112basic_stringIcSt11char_traitsIcESaIcEE8_M_checkEmPKc
FN:402,406,_ZNKSt7__cxx1112basic_stringIcSt11char_traitsIcESaIcEE15_M_check_lengthEmmPKc
FN:412,416,_ZNKSt7__cxx1112basic_stringIcSt11char_traitsIcESaIcEE8_M_limitEmm
FN:420,424,_ZNKSt7__cxx1112basic_stringIcSt11char_traitsIcESaIcEE11_M_disjunctEPKc
FN:430,436,_ZNSt7__cxx1112basic_stringIcSt11char_traitsIcESaIcEE7_S_copyEPcPKcm
FN:440,446,_ZNSt7__cxx1112basic_stringIcSt11char_traitsIcESaIcEE7_S_moveEPcPKcm
FN:450,456,_ZNSt7__cxx1112basic_stringIcSt11char_traitsIcESaIcEE9_S_assignEPcmc
FN:482,483,_ZNSt7__cxx1112basic_stringIcSt11char_traitsIcESaIcEE13_S_copy_charsEPcS5_S5_
FN:487,489,_ZNSt7__cxx1112basic_stringIcSt11char_traitsIcESaIcEE13_S_copy_charsEPcPKcS7_
FN:493,503,_ZNSt7__cxx1112basic_stringIcSt11char_traitsIcESaIcEE10_S_compareEmm
FN:527,533,_ZNSt7__cxx1112basic_stringIcSt11char_traitsIcESaIcEEC2Ev
FN:552,558,_ZNSt7__cxx1112basic_stringIcSt11char_traitsIcESaIcEEC2ERKS4_
FN:586,594,_ZNSt7__cxx1112basic_stringIcSt11char_traitsIcESaIcEEC2ERKS4_mm
FN:646,655,_ZNSt7__cxx1112basic_stringIcSt11char_traitsIcESaIcEEC2IS3_EEPKcRKS3_
FN:682,703,_ZNSt7__cxx1112basic_stringIcSt11char_traitsIcESaIcEEC2EOS4_
FN:808,809,_ZNSt7__cxx1112basic_stringIcSt11char_traitsIcESaIcEED2Ev
FN:817,820,_ZNSt7__cxx1112basic_stringIcSt11char_traitsIcESaIcEEaSERKS4_
FN:828,829,_ZNSt7__cxx1112basic_stringIcSt11char_traitsIcESaIcEEaSEPKc
FN:960,961,_ZNSt7__cxx1112basic_stringIcSt11char_traitsIcESaIcEE5beginEv
FN:969,970,_ZNKSt7__cxx1112basic_stringIcSt11char_traitsIcESaIcEE5beginEv
FN:978,979,_ZNSt7__cxx1112basic_stringIcSt11char_traitsIcESaIcEE3endEv
FN:987,988,_ZNKSt7__cxx1112basic_stringIcSt11char_traitsIcESaIcEE3endEv
FNDA:1259,_ZNKSt7__cxx1112basic_stringIcSt11char_traitsIcESaIcEE4sizeEv
FNDA:878,_ZNKSt7__cxx1112basic_stringIcSt11char_traitsIcESaIcEE6lengthEv
FNDA:1383,_ZNKSt7__cxx1112basic_stringIcSt11char_traitsIcESaIcEE8max_sizeEv
FNDA:860,_ZNKSt7__cxx1112basic_stringIcSt11char_traitsIcESaIcEE8capacityEv
FNDA:0,_ZNKSt7__cxx1112basic_stringIcSt11char_traitsIcESaIcEE5emptyEv
FNDA:751,_ZNSt7__cxx1112basic_stringIcSt11char_traitsIcESaIcEE11_S_allocateERS3_m
FNDA:6,_ZNSt7__cxx1112basic_stringIcSt11char_traitsIcESaIcEEpLERKS4_
FNDA:5,_ZNSt7__cxx1112basic_stringIcSt11char_traitsIcESaIcEEpLEPKc
FNDA:13,_ZNSt7__cxx1112basic_stringIcSt11char_traitsIcESaIcEE6appendERKS4_
FNDA:13,_ZNSt7__cxx1112basic_stringIcSt11char_traitsIcESaIcEE6appendEPKcm
FNDA:6,_ZNSt7__cxx1112basic_stringIcSt11char_traitsIcESaIcEE6appendEPKc
FNDA:38,_ZNSt7__cxx1112basic_stringIcSt11char_traitsIcESaIcEE6assignERKS4_
FNDA:0,_ZNSt7__cxx1112basic_stringIcSt11char_traitsIcESaIcEE6assignEPKc
FNDA:152,_ZNSt7__cxx1112basic_stringIcSt11char_traitsIcESaIcEE12_Alloc_hiderC2EPcRKS3_
FNDA:0,_ZNSt7__cxx1112basic_stringIcSt11char_traitsIcESaIcEE6insertEmRKS4_
FNDA:366,_ZNSt7__cxx1112basic_stringIcSt11char_traitsIcESaIcEE12_Alloc_hiderC2EPcOS3_
FNDA:0,_ZNSt7__cxx1112basic_stringIcSt11char_traitsIcESaIcEE5eraseEmm
FNDA:304,_ZNSt7__cxx1112basic_stringIcSt11char_traitsIcESaIcEE7_M_dataEPc
FNDA:1275,_ZNSt7__cxx1112basic_stringIcSt11char_traitsIcESaIcEE9_M_lengthEm
FNDA:0,_ZNSt7__cxx1112basic_stringIcSt11char_traitsIcESaIcEE7replaceEmmPKcm
FNDA:4807,_ZNKSt7__cxx1112basic_stringIcSt11char_traitsIcESaIcEE7_M_dataEv
FNDA:0,_ZNSt7__cxx1112basic_stringIcSt11char_traitsIcESaIcEE7replaceEmmmc
FNDA:594,_ZNSt7__cxx1112basic_stringIcSt11char_traitsIcESaIcEE13_M_local_dataEv
FNDA:1682,_ZNKSt7__cxx1112basic_stringIcSt11char_traitsIcESaIcEE13_M_local_dataEv
FNDA:228,_ZNSt7__cxx1112basic_stringIcSt11char_traitsIcESaIcEE11_M_capacityEm
FNDA:1199,_ZNSt7__cxx1112basic_stringIcSt11char_traitsIcESaIcEE13_M_set_lengthEm
FNDA:12,_ZNKSt7__cxx1112basic_stringIcSt11char_traitsIcESaIcEE5c_strEv
FNDA:78,_ZNKSt7__cxx1112basic_stringIcSt11char_traitsIcESaIcEE4dataEv
FNDA:1682,_ZNKSt7__cxx1112basic_stringIcSt11char_traitsIcESaIcEE11_M_is_localEv
FNDA:5,_ZNKSt7__cxx1112basic_stringIcSt11char_traitsIcESaIcEE4findERKS4_m
FNDA:0,_ZNKSt7__cxx1112basic_stringIcSt11char_traitsIcESaIcEE4findEPKcm
FNDA:746,_ZNSt7__cxx1112basic_stringIcSt11char_traitsIcESaIcEE10_M_disposeEv
FNDA:0,_ZNKSt7__cxx1112basic_stringIcSt11char_traitsIcESaIcEE13find_first_ofEPKcm
FNDA:30,_ZNSt7__cxx1112basic_stringIcSt11char_traitsIcESaIcEE10_M_destroyEm
FNDA:2,_ZNKSt7__cxx1112basic_stringIcSt11char_traitsIcESaIcEE6substrEmm
FNDA:3,_ZNKSt7__cxx1112basic_stringIcSt11char_traitsIcESaIcEE7compareERKS4_
FNDA:857,_ZNSt7__cxx1112basic_stringIcSt11char_traitsIcESaIcEE16_M_get_allocatorEv
FNDA:0,_ZNKSt7__cxx1112basic_stringIcSt11char_traitsIcESaIcEE7compareEmmPKc
FNDA:1616,_ZNKSt7__cxx1112basic_stringIcSt11char_traitsIcESaIcEE16_M_get_allocatorEv
FNDA:7,_ZStplIcSt11char_traitsIcESaIcEENSt7__cxx1112basic_stringIT_T0_T1_EEOS8_S9_
FNDA:1,_ZStplIcSt11char_traitsIcESaIcEENSt7__cxx1112basic_stringIT_T0_T1_EEOS8_PKS5_
FNDA:46,_ZSteqIcSt11char_traitsIcESaIcEEbRKNSt7__cxx1112basic_stringIT_T0_T1_EESA_
FNDA:5,_ZSteqIcSt11char_traitsIcESaIcEEbRKNSt7__cxx1112basic_stringIT_T0_T1_EEPKS5_
FNDA:3,_ZStssIcSt11char_traitsIcESaIcEEDTcl21__char_traits_cmp_catIT0_ELi0EEERKNSt7__cxx1112basic_stringIT_S3_T1_EESB_
FNDA:4,_ZNKSt7__cxx1112basic_stringIcSt11char_traitsIcESaIcEE8_M_checkEmPKc
FNDA:355,_ZNKSt7__cxx1112basic_stringIcSt11char_traitsIcESaIcEE15_M_check_lengthEmmPKc
FNDA:2,_ZNKSt7__cxx1112basic_stringIcSt11char_traitsIcESaIcEE8_M_limitEmm
FNDA:232,_ZNKSt7__cxx1112basic_stringIcSt11char_traitsIcESaIcEE11_M_disjunctEPKc
FNDA:1069,_ZNSt7__cxx1112basic_stringIcSt11char_traitsIcESaIcEE7_S_copyEPcPKcm
FNDA:0,_ZNSt7__cxx1112basic_stringIcSt11char_traitsIcESaIcEE7_S_moveEPcPKcm
FNDA:0,_ZNSt7__cxx1112basic_stringIcSt11char_traitsIcESaIcEE9_S_assignEPcmc
FNDA:233,_ZNSt7__cxx1112basic_stringIcSt11char_traitsIcESaIcEE13_S_copy_charsEPcS5_S5_
FNDA:154,_ZNSt7__cxx1112basic_stringIcSt11char_traitsIcESaIcEE13_S_copy_charsEPcPKcS7_
FNDA:0,_ZNSt7__cxx1112basic_stringIcSt11char_traitsIcESaIcEE10_S_compareEmm
FNDA:55,_ZNSt7__cxx1112basic_stringIcSt11char_traitsIcESaIcEEC2Ev
FNDA:233,_ZNSt7__cxx1112basic_stringIcSt11char_traitsIcESaIcEEC2ERKS4_
FNDA:2,_ZNSt7__cxx1112basic_stringIcSt11char_traitsIcESaIcEEC2ERKS4_mm
FNDA:152,_ZNSt7__cxx1112basic_stringIcSt11char_traitsIcESaIcEEC2IS3_EEPKcRKS3_
FNDA:76,_ZNSt7__cxx1112basic_stringIcSt11char_traitsIcESaIcEEC2EOS4_
FNDA:529,_ZNSt7__cxx1112basic_stringIcSt11char_traitsIcESaIcEED2Ev
FNDA:38,_ZNSt7__cxx1112basic_stringIcSt11char_traitsIcESaIcEEaSERKS4_
FNDA:0,_ZNSt7__cxx1112basic_stringIcSt11char_traitsIcESaIcEEaSEPKc
FNDA:12,_ZNSt7__cxx1112basic_stringIcSt11char_traitsIcESaIcEE5beginEv
FNDA:14,_ZNKSt7__cxx1112basic_stringIcSt11char_traitsIcESaIcEE5beginEv
FNDA:6,_ZNSt7__cxx1112basic_stringIcSt11char_traitsIcESaIcEE3endEv
FNDA:14,_ZNKSt7__cxx1112basic_stringIcSt11char_traitsIcESaIcEE3endEv
FNF:66
FNH:53
BRDA:269,0,0,1490
BRDA:269,0,1,192
BRDA:271,0,0,0
BRDA:271,0,1,1490
BRDA:287,0,0,30
BRDA:287,0,1,716
BRDA:356,0,0,0
BRDA:356,0,1,0
BRDA:356,0,2,0
BRDA:356,0,3,129
BRDA:356,0,4,0
BRDA:356,0,5,77
BRDA:356,0,6,0
BRDA:356,0,7,23
BRDA:356,0,8,0
BRDA:356,0,9,34
BRDA:356,0,10,0
BRDA:356,0,11,54
[...]
FNDA:0,_ZN7testing8internal18CmpHelperEQFailureINSt7__cxx1112basic_stringIcSt11char_traitsIcESaIcEEEA5_cEENS_15AssertionResultEPKcSB_RKT_RKT0_
FNDA:0,_ZN7testing8internal18CmpHelperEQFailureINSt7__cxx1112basic_stringIcSt11char_traitsIcESaIcEEEA7_cEENS_15AssertionResultEPKcSB_RKT_RKT0_
FNDA:0,_ZN7testing8internal18CmpHelperEQFailureINSt7__cxx1112basic_stringIcSt11char_traitsIcESaIcEEEA8_cEENS_15AssertionResultEPKcSB_RKT_RKT0_
FNDA:0,_ZN7testing8internal18CmpHelperEQFailureINSt7__cxx1112basic_stringIcSt11char_traitsIcESaIcEEES7_EENS_15AssertionResultEPKcSA_RKT_RKT0_
FNDA:0,_ZN7testing8internal18CmpHelperEQFailureIbbEENS_15AssertionResultEPKcS4_RKT_RKT0_
FNDA:0,_ZN7testing8internal18CmpHelperEQFailureIiiEENS_15AssertionResultEPKcS4_RKT_RKT0_
FNDA:0,_ZN7testing8internal18CmpHelperEQFailureImiEENS_15AssertionResultEPKcS4_RKT_RKT0_
FNDA:1,_ZN7testing8internal11CmpHelperEQINSt7__cxx1112basic_stringIcSt11char_traitsIcESaIcEEEA11_cEENS_15AssertionResultEPKcSB_RKT_RKT0_
FNDA:1,_ZN7testing8internal11CmpHelperEQINSt7__cxx1112basic_stringIcSt11char_traitsIcESaIcEEEA5_cEENS_15AssertionResultEPKcSB_RKT_RKT0_
FNDA:2,_ZN7testing8internal11CmpHelperEQINSt7__cxx1112basic_stringIcSt11char_traitsIcESaIcEEEA7_cEENS_15AssertionResultEPKcSB_RKT_RKT0_
FNDA:1,_ZN7testing8internal11CmpHelperEQINSt7__cxx1112basic_stringIcSt11char_traitsIcESaIcEEEA8_cEENS_15AssertionResultEPKcSB_RKT_RKT0_
FNDA:1,_ZN7testing8internal11CmpHelperEQINSt7__cxx1112basic_stringIcSt11char_traitsIcESaIcEEES7_EENS_15AssertionResultEPKcSA_RKT_RKT0_
FNDA:2,_ZN7testing8internal11CmpHelperEQIbbEENS_15AssertionResultEPKcS4_RKT_RKT0_
FNDA:48,_ZN7testing8internal11CmpHelperEQIiiEENS_15AssertionResultEPKcS4_RKT_RKT0_
FNDA:5,_ZN7testing8internal11CmpHelperEQImiEENS_15AssertionResultEPKcS4_RKT_RKT0_
FNDA:1,_ZN7testing8internal8EqHelper7CompareINSt7__cxx1112basic_stringIcSt11char_traitsIcESaIcEEEA11_cLPv0EEENS_15AssertionResultEPKcSD_RKT_RKT0_
FNDA:1,_ZN7testing8internal8EqHelper7CompareINSt7__cxx1112basic_stringIcSt11char_traitsIcESaIcEEEA5_cLPv0EEENS_15AssertionResultEPKcSD_RKT_RKT0_
FNDA:2,_ZN7testing8internal8EqHelper7CompareINSt7__cxx1112basic_stringIcSt11char_traitsIcESaIcEEEA7_cLPv0EEENS_15AssertionResultEPKcSD_RKT_RKT0_
FNDA:1,_ZN7testing8internal8EqHelper7CompareINSt7__cxx1112basic_stringIcSt11char_traitsIcESaIcEEEA8_cLPv0EEENS_15AssertionResultEPKcSD_RKT_RKT0_
FNDA:1,_ZN7testing8internal8EqHelper7CompareINSt7__cxx1112basic_stringIcSt11char_traitsIcESaIcEEES8_LPv0EEENS_15AssertionResultEPKcSC_RKT_RKT0_
FNDA:2,_ZN7testing8internal8EqHelper7CompareIbbLPv0EEENS_15AssertionResultEPKcS6_RKT_RKT0_
FNDA:48,_ZN7testing8internal8EqHelper7CompareIiiLPv0EEENS_15AssertionResultEPKcS6_RKT_RKT0_
FNDA:5,_ZN7testing8internal8EqHelper7CompareImiLPv0EEENS_15AssertionResultEPKcS6_RKT_RKT0_
FNDA:0,_ZN7testing8internal18CmpHelperOpFailureINSt7__cxx1112basic_stringIcSt11char_traitsIcESaIcEEES7_EENS_15AssertionResultEPKcSA_RKT_RKT0_SA_
FNDA:0,_ZN7testing8internal18CmpHelperOpFailureIiiEENS_15AssertionResultEPKcS4_RKT_RKT0_S4_
FNDA:1,_ZN7testing8internal11CmpHelperNEINSt7__cxx1112basic_stringIcSt11char_traitsIcESaIcEEES7_EENS_15AssertionResultEPKcSA_RKT_RKT0_
FNDA:2,_ZN7testing8internal11CmpHelperNEIiiEENS_15AssertionResultEPKcS4_RKT_RKT0_
FNDA:1,_ZN7testing8internal11CmpHelperLEIiiEENS_15AssertionResultEPKcS4_RKT_RKT0_
FNDA:2,_ZN7testing8internal11CmpHelperLTINSt7__cxx1112basic_stringIcSt11char_traitsIcESaIcEEES7_EENS_15AssertionResultEPKcSA_RKT_RKT0_
FNDA:2,_ZN7testing8internal11CmpHelperLTIiiEENS_15AssertionResultEPKcS4_RKT_RKT0_
FNDA:4,_ZN7testing8internal11CmpHelperGEIiiEENS_15AssertionResultEPKcS4_RKT_RKT0_
FNDA:1,_ZN7testing8internal11CmpHelperGTINSt7__cxx1112basic_stringIcSt11char_traitsIcESaIcEEES7_EENS_15AssertionResultEPKcSA_RKT_RKT0_
FNDA:1,_ZN7testing8internal11CmpHelperGTIiiEENS_15AssertionResultEPKcS4_RKT_RKT0_
FNDA:7,_Z13RUN_ALL_TESTSv
FNDA:0,_ZN7testing4Test14SetUpTestSuiteEv
FNDA:0,_ZN7testing4Test17TearDownTestSuiteEv
FNDA:0,_ZN7testing4Test16TearDownTestCaseEv
FNDA:0,_ZN7testing4Test13SetUpTestCaseEv
FNDA:0,_ZN7testing4Test5SetupEv
FNF:40
FNH:25
BRDA:1378,0,0,-
BRDA:1378,e0,1,-
BRDA:1379,0,0,-
BRDA:1379,e0,1,-
BRDA:1379,0,2,-
BRDA:1379,e0,3,-
BRDA:1394,0,0,61
BRDA:1394,0,1,0
BRDA:1446,0,0,-
BRDA:1446,e0,1,-
BRDA:1447,0,0,-
BRDA:1447,e0,1,-
BRDA:1447,0,2,-
BRDA:1447,e0,3,-
BRDA:1447,0,4,-
BRDA:1447,e0,5,-
BRDA:1447,0,6,-
BRDA:1447,e0,7,-
BRDA:1447,0,8,-
BRDA:1447,e0,9,-
BRDA:1447,0,10,-
BRDA:1447,e0,11,-
BRDA:1448,0,0,-
BRDA:1448,e0,1,-
BRDA:1448,0,2,-
BRDA:1448,e0,3,-
BRDA:1448,0,4,-
BRDA:1448,e0,5,-
BRDA:1449,0,0,-
BRDA:1449,e0,1,-
BRDA:1449,0,2,-
BRDA:1449,e0,3,-
BRDA:1449,0,4,-
BRDA:1449,e0,5,-
BRDA:1449,0,6,-
BRDA:1449,e0,7,-
BRDA:1472,0,0,3
BRDA:1472,0,1,0
BRDA:1474,0,0,1
BRDA:1474,0,1,0
BRDA:1476,0,0,4
BRDA:1476,0,1,0
BRDA:1478,0,0,4
BRDA:1478,0,1,0
BRDA:1480,0,0,2
BRDA:1480,0,1,0
BRF:46
BRH:6
DA:255,0
DA:263,0
DA:268,0
DA:269,0
DA:356,0
DA:1374,0
DA:1378,0
DA:1379,0
DA:1391,61
DA:1394,61
DA:1395,61
DA:1398,0
DA:1410,61
DA:1413,61
DA:1443,0
DA:1446,0
DA:1447,0
DA:1448,0
DA:1449,0
DA:1472,3
DA:1474,1
DA:1476,4
DA:1478,4
DA:1480,2
DA:2334,7
LF:25
LH:11
end_of_record
TN:
SF:/usr/include/gtest/internal/gtest-internal.h
FN:418,424,_ZN7testing8internal9GetTypeIdI12MyvectorTestINSt7__cxx1112basic_stringIcSt11char_traitsIcESaIcEEEEEEPKvv
FN:418,424,_ZN7testing8internal9GetTypeIdI12MyvectorTestIiEEEPKvv
FN:418,424,_ZN7testing8internal9GetTypeIdI14LinkedListTestIiEEEPKvv
FN:418,424,_ZN7testing8internal9GetTypeIdI15ForwardListTestIiEEEPKvv
FN:418,424,_ZN7testing8internal9GetTypeIdI8HashTestINSt7__cxx1112basic_stringIcSt11char_traitsIcESaIcEEEEEEPKvv
FN:418,424,_ZN7testing8internal9GetTypeIdI8HashTestIiEEEPKvv
FN:418,424,_ZN7testing8internal9GetTypeIdI9QUEUETestINSt7__cxx1112basic_stringIcSt11char_traitsIcESaIcEEEEEEPKvv
FN:418,424,_ZN7testing8internal9GetTypeIdI9QUEUETestIiEEEPKvv
FN:418,424,_ZN7testing8internal9GetTypeIdI9StackTestINSt7__cxx1112basic_stringIcSt11char_traitsIcESaIcEEEEEEPKvv
FN:418,424,_ZN7testing8internal9GetTypeIdI9StackTestIiEEEPKvv
FN:437,437,_ZN7testing8internal15TestFactoryBaseD0Ev
FN:437,437,_ZN7testing8internal15TestFactoryBaseD2Ev
FN:444,444,_ZN7testing8internal15TestFactoryBaseC2Ev
FN:456,456,_ZN7testing8internal15TestFactoryImplI20FBT_test_isFull_TestE10CreateTestEv
FN:456,456,_ZN7testing8internal15TestFactoryImplI21FBT_test_AddNode_TestE10CreateTestEv
FN:456,456,_ZN7testing8internal15TestFactoryImplI21FBT_test_notFull_TestE10CreateTestEv
FN:456,456,_ZN7testing8internal15TestFactoryImplI22FBT_test_findNode_TestE10CreateTestEv
FN:456,456,_ZN7testing8internal15TestFactoryImplI25FBT_test_Constructor_TestE10CreateTestEv
FN:456,456,_ZN7testing8internal15TestFactoryImplI25test_vector_int_MDEL_TestE10CreateTestEv
FN:456,456,_ZN7testing8internal15TestFactoryImplI26ListTest_DEL_WITH_REM_TestE10CreateTestEv
FN:456,456,_ZN7testing8internal15TestFactoryImplI26flist_ADD_WITH_SEARCH_TestE10CreateTestEv
FN:456,456,_ZN7testing8internal15TestFactoryImplI26flist_DEL_WITH_REMOVE_TestE10CreateTestEv
FN:456,456,_ZN7testing8internal15TestFactoryImplI26test_vector_int_MPUSH_TestE10CreateTestEv
FN:456,456,_ZN7testing8internal15TestFactoryImplI26test_vector_str_MPUSH_TestE10CreateTestEv
FN:456,456,_ZN7testing8internal15TestFactoryImplI28ListTest_ADD_AND_SEARCH_TestE10CreateTestEv
FN:456,456,_ZN7testing8internal15TestFactoryImplI30test_vector_int_MPUSH_IND_TestE10CreateTestEv
FN:456,456,_ZN7testing8internal15TestFactoryImplI30test_vector_str_MPUSH_IND_TestE10CreateTestEv
FN:456,456,_ZN7testing8internal15TestFactoryImplI35hash_int_ALL_OPERATION_FOR_INT_TestE10CreateTestEv
FN:456,456,_ZN7testing8internal15TestFactoryImplI35hash_str_ALL_OPERATION_FOR_STR_TestE10CreateTestEv
FN:456,456,_ZN7testing8internal15TestFactoryImplI35test_vector_int_MGET_WITH_MSET_TestE10CreateTestEv
FN:456,456,_ZN7testing8internal15TestFactoryImplI35test_vector_int_OTHER_ACTIVITY_TestE10CreateTestEv
FN:456,456,_ZN7testing8internal15TestFactoryImplI39stack_str_POP_WITH_OTHER_OPERATION_TestE10CreateTestEv
FN:456,456,_ZN7testing8internal15TestFactoryImplI40stack_int_PUSH_WITH_OTHER_OPERATION_TestE10CreateTestEv
FN:456,456,_ZN7testing8internal15TestFactoryImplI42queue_int_PUSH_WITH_RANDOM_OPERATIONS_TestE10CreateTestEv
FN:456,456,_ZN7testing8internal15TestFactoryImplI42queue_str_PUSH_WITH_RANDOM_OPERATIONS_TestE10CreateTestEv
FN:477,478,_ZN7testing8internal12CodeLocationC2ENSt7__cxx1112basic_stringIcSt11char_traitsIcESaIcEEEi
FN:490,493,_ZN7testing8internal19GetNotDefaultOrNullEPFvvES2_
FN:505,524,_ZN7testing8internal16SuiteApiResolverI12MyvectorTestINSt7__cxx1112basic_stringIcSt11char_traitsIcESaIcEEEEE19GetSetUpCaseOrSuiteEPKci
FN:505,524,_ZN7testing8internal16SuiteApiResolverI12MyvectorTestIiEE19GetSetUpCaseOrSuiteEPKci
FN:505,524,_ZN7testing8internal16SuiteApiResolverI14LinkedListTestIiEE19GetSetUpCaseOrSuiteEPKci
FN:505,524,_ZN7testing8internal16SuiteApiResolverI15ForwardListTestIiEE19GetSetUpCaseOrSuiteEPKci
FN:505,524,_ZN7testing8internal16SuiteApiResolverI8HashTestINSt7__cxx1112basic_stringIcSt11char_traitsIcESaIcEEEEE19GetSetUpCaseOrSuiteEPKci
FN:505,524,_ZN7testing8internal16SuiteApiResolverI8HashTestIiEE19GetSetUpCaseOrSuiteEPKci
FN:505,524,_ZN7testing8internal16SuiteApiResolverI9QUEUETestINSt7__cxx1112basic_stringIcSt11char_traitsIcESaIcEEEEE19GetSetUpCaseOrSuiteEPKci
FN:505,524,_ZN7testing8internal16SuiteApiResolverI9QUEUETestIiEE19GetSetUpCaseOrSuiteEPKci
FN:505,524,_ZN7testing8internal16SuiteApiResolverI9StackTestINSt7__cxx1112basic_stringIcSt11char_traitsIcESaIcEEEEE19GetSetUpCaseOrSuiteEPKci
FN:505,524,_ZN7testing8internal16SuiteApiResolverI9StackTestIiEE19GetSetUpCaseOrSuiteEPKci
FN:505,524,_ZN7testing8internal16SuiteApiResolverINS_4TestEE19GetSetUpCaseOrSuiteEPKci
FN:526,545,_ZN7testing8internal16SuiteApiResolverI12MyvectorTestINSt7__cxx1112basic_stringIcSt11char_traitsIcESaIcEEEEE22GetTearDownCaseOrSuiteEPKci
FN:526,545,_ZN7testing8internal16SuiteApiResolverI12MyvectorTestIiEE22GetTearDownCaseOrSuiteEPKci
FN:526,545,_ZN7testing8internal16SuiteApiResolverI14LinkedListTestIiEE22GetTearDownCaseOrSuiteEPKci
FN:526,545,_ZN7testing8internal16SuiteApiResolverI15ForwardListTestIiEE22GetTearDownCaseOrSuiteEPKci
FN:526,545,_ZN7testing8internal16SuiteApiResolverI8HashTestINSt7__cxx1112basic_stringIcSt11char_traitsIcESaIcEEEEE22GetTearDownCaseOrSuiteEPKci
FN:526,545,_ZN7testing8internal16SuiteApiResolverI8HashTestIiEE22GetTearDownCaseOrSuiteEPKci
FN:526,545,_ZN7testing8internal16SuiteApiResolverI9QUEUETestINSt7__cxx1112basic_stringIcSt11char_traitsIcESaIcEEEEE22GetTearDownCaseOrSuiteEPKci
FN:526,545,_ZN7testing8internal16SuiteApiResolverI9QUEUETestIiEE22GetTearDownCaseOrSuiteEPKci
FN:526,545,_ZN7testing8internal16SuiteApiResolverI9StackTestINSt7__cxx1112basic_stringIcSt11char_traitsIcESaIcEEEEE22GetTearDownCaseOrSuiteEPKci
FN:526,545,_ZN7testing8internal16SuiteApiResolverI9StackTestIiEE22GetTearDownCaseOrSuiteEPKci
FN:526,545,_ZN7testing8internal16SuiteApiResolverINS_4TestEE22GetTearDownCaseOrSuiteEPKci
FN:837,837,_ZN7testing8internal14TrueWithStringC2Ev
FN:840,840,_ZNK7testing8internal14TrueWithStringcvbEv
FNDA:2,_ZN7testing8internal9GetTypeIdI12MyvectorTestINSt7__cxx1112basic_stringIcSt11char_traitsIcESaIcEEEEEEPKvv
FNDA:5,_ZN7testing8internal9GetTypeIdI12MyvectorTestIiEEEPKvv
FNDA:2,_ZN7testing8internal9GetTypeIdI14LinkedListTestIiEEEPKvv
FNDA:2,_ZN7testing8internal9GetTypeIdI15ForwardListTestIiEEEPKvv
FNDA:1,_ZN7testing8internal9GetTypeIdI8HashTestINSt7__cxx1112basic_stringIcSt11char_traitsIcESaIcEEEEEEPKvv
FNDA:1,_ZN7testing8internal9GetTypeIdI8HashTestIiEEEPKvv
FNDA:1,_ZN7testing8internal9GetTypeIdI9QUEUETestINSt7__cxx1112basic_stringIcSt11char_traitsIcESaIcEEEEEEPKvv
FNDA:1,_ZN7testing8internal9GetTypeIdI9QUEUETestIiEEEPKvv
FNDA:1,_ZN7testing8internal9GetTypeIdI9StackTestINSt7__cxx1112basic_stringIcSt11char_traitsIcESaIcEEEEEEPKvv
FNDA:1,_ZN7testing8internal9GetTypeIdI9StackTestIiEEEPKvv
FNDA:0,_ZN7testing8internal15TestFactoryBaseD0Ev
FNDA:22,_ZN7testing8internal15TestFactoryBaseD2Ev
FNDA:22,_ZN7testing8internal15TestFactoryBaseC2Ev
FNDA:1,_ZN7testing8internal15TestFactoryImplI20FBT_test_isFull_TestE10CreateTestEv
FNDA:1,_ZN7testing8internal15TestFactoryImplI21FBT_test_AddNode_TestE10CreateTestEv
FNDA:1,_ZN7testing8internal15TestFactoryImplI21FBT_test_notFull_TestE10CreateTestEv
FNDA:1,_ZN7testing8internal15TestFactoryImplI22FBT_test_findNode_TestE10CreateTestEv
FNDA:1,_ZN7testing8internal15TestFactoryImplI25FBT_test_Constructor_TestE10CreateTestEv
FNDA:1,_ZN7testing8internal15TestFactoryImplI25test_vector_int_MDEL_TestE10CreateTestEv
FNDA:1,_ZN7testing8internal15TestFactoryImplI26ListTest_DEL_WITH_REM_TestE10CreateTestEv
FNDA:1,_ZN7testing8internal15TestFactoryImplI26flist_ADD_WITH_SEARCH_TestE10CreateTestEv
FNDA:1,_ZN7testing8internal15TestFactoryImplI26flist_DEL_WITH_REMOVE_TestE10CreateTestEv
FNDA:1,_ZN7testing8internal15TestFactoryImplI26test_vector_int_MPUSH_TestE10CreateTestEv
FNDA:1,_ZN7testing8internal15TestFactoryImplI26test_vector_str_MPUSH_TestE10CreateTestEv
FNDA:1,_ZN7testing8internal15TestFactoryImplI28ListTest_ADD_AND_SEARCH_TestE10CreateTestEv
FNDA:1,_ZN7testing8internal15TestFactoryImplI30test_vector_int_MPUSH_IND_TestE10CreateTestEv
FNDA:1,_ZN7testing8internal15TestFactoryImplI30test_vector_str_MPUSH_IND_TestE10CreateTestEv
FNDA:1,_ZN7testing8internal15TestFactoryImplI35hash_int_ALL_OPERATION_FOR_INT_TestE10CreateTestEv
FNDA:1,_ZN7testing8internal15TestFactoryImplI35hash_str_ALL_OPERATION_FOR_STR_TestE10CreateTestEv
FNDA:1,_ZN7testing8internal15TestFactoryImplI35test_vector_int_MGET_WITH_MSET_TestE10CreateTestEv
FNDA:1,_ZN7testing8internal15TestFactoryImplI35test_vector_int_OTHER_ACTIVITY_TestE10CreateTestEv
FNDA:1,_ZN7testing8internal15TestFactoryImplI39stack_str_POP_WITH_OTHER_OPERATION_TestE10CreateTestEv
FNDA:1,_ZN7testing8internal15TestFactoryImplI40stack_int_PUSH_WITH_OTHER_OPERATION_TestE10CreateTestEv
FNDA:1,_ZN7testing8internal15TestFactoryImplI42queue_int_PUSH_WITH_RANDOM_OPERATIONS_TestE10CreateTestEv
FNDA:1,_ZN7testing8internal15TestFactoryImplI42queue_str_PUSH_WITH_RANDOM_OPERATIONS_TestE10CreateTestEv
FNDA:22,_ZN7testing8internal12CodeLocationC2ENSt7__cxx1112basic_stringIcSt11char_traitsIcESaIcEEEi
FNDA:88,_ZN7testing8internal19GetNotDefaultOrNullEPFvvES2_
FNDA:2,_ZN7testing8internal16SuiteApiResolverI12MyvectorTestINSt7__cxx1112basic_stringIcSt11char_traitsIcESaIcEEEEE19GetSetUpCaseOrSuiteEPKci
FNDA:5,_ZN7testing8internal16SuiteApiResolverI12MyvectorTestIiEE19GetSetUpCaseOrSuiteEPKci
FNDA:2,_ZN7testing8internal16SuiteApiResolverI14LinkedListTestIiEE19GetSetUpCaseOrSuiteEPKci
FNDA:2,_ZN7testing8internal16SuiteApiResolverI15ForwardListTestIiEE19GetSetUpCaseOrSuiteEPKci
FNDA:1,_ZN7testing8internal16SuiteApiResolverI8HashTestINSt7__cxx1112basic_stringIcSt11char_traitsIcESaIcEEEEE19GetSetUpCaseOrSuiteEPKci
FNDA:1,_ZN7testing8internal16SuiteApiResolverI8HashTestIiEE19GetSetUpCaseOrSuiteEPKci
FNDA:1,_ZN7testing8internal16SuiteApiResolverI9QUEUETestINSt7__cxx1112basic_stringIcSt11char_traitsIcESaIcEEEEE19GetSetUpCaseOrSuiteEPKci
FNDA:1,_ZN7testing8internal16SuiteApiResolverI9QUEUETestIiEE19GetSetUpCaseOrSuiteEPKci
FNDA:1,_ZN7testing8internal16SuiteApiResolverI9StackTestINSt7__cxx1112basic_stringIcSt11char_traitsIcESaIcEEEEE19GetSetUpCaseOrSuiteEPKci
FNDA:1,_ZN7testing8internal16SuiteApiResolverI9StackTestIiEE19GetSetUpCaseOrSuiteEPKci
FNDA:5,_ZN7testing8internal16SuiteApiResolverINS_4TestEE19GetSetUpCaseOrSuiteEPKci
FNDA:2,_ZN7testing8internal16SuiteApiResolverI12MyvectorTestINSt7__cxx1112basic_stringIcSt11char_traitsIcESaIcEEEEE22GetTearDownCaseOrSuiteEPKci
FNDA:5,_ZN7testing8internal16SuiteApiResolverI12MyvectorTestIiEE22GetTearDownCaseOrSuiteEPKci
FNDA:2,_ZN7testing8internal16SuiteApiResolverI14LinkedListTestIiEE22GetTearDownCaseOrSuiteEPKci
FNDA:2,_ZN7testing8internal16SuiteApiResolverI15ForwardListTestIiEE22GetTearDownCaseOrSuiteEPKci
FNDA:1,_ZN7testing8internal16SuiteApiResolverI8HashTestINSt7__cxx1112basic_stringIcSt11char_traitsIcESaIcEEEEE22GetTearDownCaseOrSuiteEPKci
FNDA:1,_ZN7testing8internal16SuiteApiResolverI8HashTestIiEE22GetTearDownCaseOrSuiteEPKci
FNDA:1,_ZN7testing8internal16SuiteApiResolverI9QUEUETestINSt7__cxx1112basic_stringIcSt11char_traitsIcESaIcEEEEE22GetTearDownCaseOrSuiteEPKci
FNDA:1,_ZN7testing8internal16SuiteApiResolverI9QUEUETestIiEE22GetTearDownCaseOrSuiteEPKci
FNDA:1,_ZN7testing8internal16SuiteApiResolverI9StackTestINSt7__cxx1112basic_stringIcSt11char_traitsIcESaIcEEEEE22GetTearDownCaseOrSuiteEPKci
FNDA:1,_ZN7testing8internal16SuiteApiResolverI9StackTestIiEE22GetTearDownCaseOrSuiteEPKci
FNDA:5,_ZN7testing8internal16SuiteApiResolverINS_4TestEE22GetTearDownCaseOrSuiteEPKci
FNDA:8,_ZN7testing8internal14TrueWithStringC2Ev
FNDA:8,_ZNK7testing8internal14TrueWithStringcvbEv
FNF:61
FNH:60
BRDA:456,0,0,22
BRDA:456,e0,1,0
BRDA:456,0,2,0
BRDA:456,0,3,0
BRDA:492,0,0,0
BRDA:492,0,1,88
BRDA:513,0,0,0
BRDA:513,0,1,22
BRDA:513,0,2,0
BRDA:513,0,3,0
BRDA:513,0,4,0
BRDA:513,0,5,22
BRDA:513,0,6,0
BRDA:513,e0,7,0
BRDA:516,0,0,-
BRDA:516,e0,1,-
BRDA:516,0,2,-
BRDA:516,e0,3,-
BRDA:516,0,4,-
BRDA:516,e0,5,-
BRDA:516,0,6,-
BRDA:516,e0,7,-
BRDA:516,0,8,-
BRDA:516,e0,9,-
BRDA:518,0,0,0
BRDA:518,0,1,22
BRDA:534,0,0,0
BRDA:534,0,1,22
BRDA:534,0,2,0
BRDA:534,0,3,0
BRDA:534,0,4,0
BRDA:534,0,5,22
BRDA:534,0,6,0
BRDA:534,e0,7,0
BRDA:537,0,0,-
BRDA:537,e0,1,-
BRDA:537,0,2,-
BRDA:537,e0,3,-
BRDA:537,0,4,-
BRDA:537,e0,5,-
BRDA:537,0,6,-
BRDA:537,e0,7,-
BRDA:537,0,8,-
BRDA:537,e0,9,-
BRDA:539,0,0,0
BRDA:539,0,1,22
BRF:46
BRH:8
DA:418,17
DA:423,17
DA:437,22
DA:444,22
DA:456,22
DA:477,22
DA:478,22
DA:490,88
DA:492,88
DA:505,22
DA:509,22
DA:511,22
DA:513,22
DA:516,0
DA:518,22
DA:526,22
DA:530,22
DA:532,22
DA:534,22
DA:537,0
DA:539,22
DA:837,8
DA:840,8
LF:23
LH:21
end_of_record
TN:
SF:/usr/include/gtest/internal/gtest-port.h
FN:1014,1014,_ZN7testing8internal2REC2ERKNSt7__cxx1112basic_stringIcSt11char_traitsIcESaIcEEE
FN:1020,1020,_ZNK7testing8internal2RE7patternEv
FN:1026,1028,_ZN7testing8internal2RE9FullMatchERKNSt7__cxx1112basic_stringIcSt11char_traitsIcESaIcEEERKS1_
FN:1029,1031,_ZN7testing8internal2RE12PartialMatchERKNSt7__cxx1112basic_stringIcSt11char_traitsIcESaIcEEERKS1_
FN:1083,1083,_ZN7testing8internal8GTestLog9GetStreamEv
FNDA:2,_ZN7testing8internal2REC2ERKNSt7__cxx1112basic_stringIcSt11char_traitsIcESaIcEEE
FNDA:0,_ZNK7testing8internal2RE7patternEv
FNDA:2,_ZN7testing8internal2RE9FullMatchERKNSt7__cxx1112basic_stringIcSt11char_traitsIcESaIcEEERKS1_
FNDA:0,_ZN7testing8internal2RE12PartialMatchERKNSt7__cxx1112basic_stringIcSt11char_traitsIcESaIcEEERKS1_
FNDA:0,_ZN7testing8internal8GTestLog9GetStreamEv
FNF:5
FNH:2
BRDA:1014,0,0,2
BRDA:1014,e0,1,0
BRF:2
BRH:1
DA:1014,2
DA:1020,0
DA:1026,2
DA:1027,2
DA:1029,0
DA:1030,0
DA:1083,0
LF:7
LH:3
end_of_record
TN:
SF:/usr/include/gtest/internal/gtest-type-util.h
FN:129,135,_ZN7testing8internal11GetTypeNameIKNSt7__cxx1112basic_stringIcSt11char_traitsIcESaIcEEEEES7_v
FN:61,87,_ZN7testing8internal31CanonicalizeForStdLibVersioningENSt7__cxx1112basic_stringIcSt11char_traitsIcESaIcEEE
FN:91,121,_ZN7testing8internal11GetTypeNameB5cxx11ERKSt9type_info
FNDA:0,_ZN7testing8internal11GetTypeNameIKNSt7__cxx1112basic_stringIcSt11char_traitsIcESaIcEEEEES7_v
FNDA:0,_ZN7testing8internal31CanonicalizeForStdLibVersioningENSt7__cxx1112basic_stringIcSt11char_traitsIcESaIcEEE
FNDA:0,_ZN7testing8internal11GetTypeNameB5cxx11ERKSt9type_info
FNF:3
FNH:0
BRDA:63,0,0,-
BRDA:63,0,1,-
BRDA:65,0,0,-
BRDA:65,0,1,-
BRDA:79,0,0,-
BRDA:79,0,1,-
BRDA:100,0,0,-
BRDA:100,e0,1,-
BRDA:101,0,0,-
BRDA:101,0,1,-
BRDA:101,0,2,-
BRDA:101,e0,3,-
BRDA:103,0,0,-
BRDA:103,e0,1,-
BRDA:103,0,2,-
BRDA:103,e0,3,-
BRF:16
BRH:0
DA:61,0
DA:63,0
DA:64,0
DA:65,0
DA:67,0
DA:74,0
DA:75,0
DA:78,0
DA:79,0
DA:80,0
DA:83,0
DA:84,0
DA:86,0
DA:91,0
DA:92,0
DA:94,0
DA:100,0
DA:101,0
DA:102,0
DA:103,0
DA:121,0
DA:129,0
DA:131,0
LF:23
LH:0
end_of_record
TN:
SF:/usr/include/x86_64-linux-gnu/c++/14/bits/c++config.h
FNF:0
FNH:0
DA:550,3582
DA:606,0
LF:2
LH:1
end_of_record
