TN:
SF:/home/kln735/4test_lab/src/array.h
FN:113,123,_ZN8MyvectorIiE4MDELEi
FN:125,130,_ZNK8MyvectorINSt7__cxx1112basic_stringIcSt11char_traitsIcESaIcEEEE4MGETEi
FN:125,130,_ZNK8MyvectorIiE4MGETEi
FN:132,137,_ZN8MyvectorIiE4MSETEii
FN:139,150,_ZN8MyvectorIiE6resizeEi
FN:152,154,_ZNK8MyvectorINSt7__cxx1112basic_stringIcSt11char_traitsIcESaIcEEEE4sizeEv
FN:152,154,_ZNK8MyvectorIiE4sizeEv
FN:156,158,_ZNK8MyvectorIiE10memory_useEv
FN:16,18,_ZN8MyvectorINSt7__cxx1112basic_stringIcSt11char_traitsIcESaIcEEEEC2Ev
FN:16,18,_ZN8MyvectorIiEC2Ev
FN:160,165,_ZNK8MyvectorIiE5printEv
FN:20,27,_ZN8MyvectorIiEC2ERKS0_
FN:29,38,_ZN8MyvectorINSt7__cxx1112basic_stringIcSt11char_traitsIcESaIcEEEEC2ESt16initializer_listIS5_E
FN:40,51,_ZN8MyvectorIiEaSERKS0_
FN:53,58,_ZNK8MyvectorINSt7__cxx1112basic_stringIcSt11char_traitsIcESaIcEEEEixEi
FN:53,58,_ZNK8MyvectorIiEixEi
FN:59,61,_ZN8MyvectorINSt7__cxx1112basic_stringIcSt11char_traitsIcESaIcEEEED2Ev
FN:59,61,_ZN8MyvectorIiED2Ev
FN:63,65,_ZN8MyvectorIiE5beginEv
FN:67,69,_ZN8MyvectorIiE3endEv
FN:73,86,_ZN8MyvectorINSt7__cxx1112basic_stringIcSt11char_traitsIcESaIcEEEE5MPUSHES5_
FN:73,86,_ZN8MyvectorIiE5MPUSHEi
FN:88,111,_ZN8MyvectorINSt7__cxx1112basic_stringIcSt11char_traitsIcESaIcEEEE5MPUSHES5_i
FN:88,111,_ZN8MyvectorIiE5MPUSHEii
FNDA:4,_ZN8MyvectorIiE4MDELEi
FNDA:13,_ZNK8MyvectorINSt7__cxx1112basic_stringIcSt11char_traitsIcESaIcEEEE4MGETEi
FNDA:28,_ZNK8MyvectorIiE4MGETEi
FNDA:3,_ZN8MyvectorIiE4MSETEii
FNDA:2,_ZN8MyvectorIiE6resizeEi
FNDA:20,_ZNK8MyvectorINSt7__cxx1112basic_stringIcSt11char_traitsIcESaIcEEEE4sizeEv
FNDA:11,_ZNK8MyvectorIiE4sizeEv
FNDA:7,_ZNK8MyvectorIiE10memory_useEv
FNDA:4,_ZN8MyvectorINSt7__cxx1112basic_stringIcSt11char_traitsIcESaIcEEEEC2Ev
FNDA:17,_ZN8MyvectorIiEC2Ev
FNDA:1,_ZNK8MyvectorIiE5printEv
FNDA:1,_ZN8MyvectorIiEC2ERKS0_
FNDA:1,_ZN8MyvectorINSt7__cxx1112basic_stringIcSt11char_traitsIcESaIcEEEEC2ESt16initializer_listIS5_E
FNDA:1,_ZN8MyvectorIiEaSERKS0_
FNDA:6,_ZNK8MyvectorINSt7__cxx1112basic_stringIcSt11char_traitsIcESaIcEEEEixEi
FNDA:9,_ZNK8MyvectorIiEixEi
FNDA:5,_ZN8MyvectorINSt7__cxx1112basic_stringIcSt11char_traitsIcESaIcEEEED2Ev
FNDA:18,_ZN8MyvectorIiED2Ev
FNDA:3,_ZN8MyvectorIiE5beginEv
FNDA:6,_ZN8MyvectorIiE3endEv
FNDA:6,_ZN8MyvectorINSt7__cxx1112basic_stringIcSt11char_traitsIcESaIcEEEE5MPUSHES5_
FNDA:14,_ZN8MyvectorIiE5MPUSHEi
FNDA:6,_ZN8MyvectorINSt7__cxx1112basic_stringIcSt11char_traitsIcESaIcEEEE5MPUSHES5_i
FNDA:10,_ZN8MyvectorIiE5MPUSHEii
FNF:24
FNH:24
DA:16,21
DA:17,25
DA:18,21
DA:20,1
DA:21,1
DA:22,1
DA:23,1
DA:24,4
DA:25,3
DA:27,1
DA:29,1
DA:30,1
DA:31,1
DA:32,13
DA:34,1
DA:35,7
DA:36,6
DA:38,1
DA:40,1
DA:41,1
DA:42,1
DA:43,1
DA:44,1
DA:45,1
DA:46,4
DA:47,3
DA:50,1
DA:53,15
DA:54,15
DA:55,0
DA:57,15
DA:59,23
DA:60,53
DA:61,23
DA:63,3
DA:64,3
DA:67,6
DA:68,6
DA:73,20
DA:74,20
DA:75,25
DA:77,33
DA:78,22
DA:80,18
DA:81,11
DA:82,11
DA:84,20
DA:85,20
DA:86,20
DA:88,16
DA:90,16
DA:91,0
DA:94,16
DA:95,22
DA:97,27
DA:98,19
DA:100,15
DA:101,8
DA:102,8
DA:105,36
DA:106,20
DA:109,16
DA:110,16
DA:111,16
DA:113,4
DA:114,4
DA:115,2
DA:118,4
DA:119,2
DA:122,2
DA:123,2
DA:125,41
DA:126,41
DA:127,41
DA:129,0
DA:132,3
DA:133,3
DA:134,0
DA:136,3
DA:137,3
DA:139,2
DA:140,2
DA:141,8
DA:142,6
DA:144,2
DA:145,2
DA:146,2
DA:147,2
DA:148,1
DA:150,2
DA:152,31
DA:153,31
DA:156,7
DA:157,7
DA:160,1
DA:161,6
DA:162,5
DA:164,1
DA:165,1
LF:99
LH:95
end_of_record
TN:
SF:/home/kln735/4test_lab/src/fbt.h
FN:106,133,_ZN3FBTIiE3AddEi
FN:12,12,_ZN5QueueIPN3FBTIiE4nodeEE4NodeC2ES3_
FN:182,195,_ZN3FBTIiE9findPlaceEi
FN:19,19,_ZN5QueueIPN3FBTIiE4nodeEEC2Ev
FN:197,209,_ZN3FBTIiE6isFullEv
FN:21,29,_ZN5QueueIPN3FBTIiE4nodeEEC2ERKS4_
FN:31,37,_ZN5QueueIPN3FBTIiE4nodeEED2Ev
FN:39,39,_ZNK5QueueIPN3FBTIiE4nodeEE8is_emptyEv
FN:41,50,_ZN5QueueIPN3FBTIiE4nodeEE7enqueueES3_
FN:52,62,_ZN5QueueIPN3FBTIiE4nodeEE7dequeueEv
FN:64,69,_ZNK5QueueIPN3FBTIiE4nodeEE5frontEv
FN:82,82,_ZN3FBTIiE4nodeC2Ei
FN:90,94,_ZN3FBTIiEC2Ei
FN:96,104,_ZN3FBTIiED2Ev
FNDA:9,_ZN3FBTIiE3AddEi
FNDA:83,_ZN5QueueIPN3FBTIiE4nodeEE4NodeC2ES3_
FNDA:16,_ZN3FBTIiE9findPlaceEi
FNDA:10,_ZN5QueueIPN3FBTIiE4nodeEEC2Ev
FNDA:2,_ZN3FBTIiE6isFullEv
FNDA:23,_ZN5QueueIPN3FBTIiE4nodeEEC2ERKS4_
FNDA:33,_ZN5QueueIPN3FBTIiE4nodeEED2Ev
FNDA:261,_ZNK5QueueIPN3FBTIiE4nodeEE8is_emptyEv
FNDA:83,_ZN5QueueIPN3FBTIiE4nodeEE7enqueueES3_
FNDA:46,_ZN5QueueIPN3FBTIiE4nodeEE7dequeueEv
FNDA:58,_ZNK5QueueIPN3FBTIiE4nodeEE5frontEv
FNDA:14,_ZN3FBTIiE4nodeC2Ei
FNDA:5,_ZN3FBTIiEC2Ei
FNDA:5,_ZN3FBTIiED2Ev
FNF:14
FNH:14
DA:12,83
DA:19,10
DA:21,23
DA:22,23
DA:23,23
DA:24,23
DA:25,78
DA:26,55
DA:27,55
DA:29,23
DA:31,33
DA:32,103
DA:33,37
DA:34,37
DA:35,37
DA:37,33
DA:39,261
DA:41,83
DA:42,83
DA:43,83
DA:44,33
DA:47,50
DA:48,50
DA:50,83
DA:52,46
DA:53,46
DA:54,0
DA:56,46
DA:57,46
DA:58,46
DA:59,46
DA:60,16
DA:62,46
DA:64,58
DA:65,58
DA:66,0
DA:68,58
DA:82,14
DA:90,5
DA:91,5
DA:92,5
DA:93,5
DA:94,5
DA:96,5
DA:98,5
DA:99,24
DA:100,14
DA:101,14
DA:102,14
DA:104,5
DA:106,9
DA:109,9
DA:110,0
DA:111,9
DA:115,9
DA:116,0
DA:119,9
DA:120,9
DA:121,9
DA:123,9
DA:124,5
DA:125,4
DA:126,4
DA:127,4
DA:129,0
DA:132,9
DA:182,16
DA:183,16
DA:185,40
DA:186,30
DA:187,30
DA:188,6
DA:190,24
DA:193,10
DA:195,16
DA:197,2
DA:198,2
DA:200,6
DA:201,5
DA:202,5
DA:203,5
DA:204,1
DA:206,4
DA:208,1
DA:209,2
LF:85
LH:80
end_of_record
TN:
SF:/home/kln735/4test_lab/src/flist.h
FN:106,118,_ZN11ForwardListINSt7__cxx1112basic_stringIcSt11char_traitsIcESaIcEEEE7delheadEv
FN:120,136,_ZN11ForwardListINSt7__cxx1112basic_stringIcSt11char_traitsIcESaIcEEEE7deltailEv
FN:138,173,_ZN11ForwardListINSt7__cxx1112basic_stringIcSt11char_traitsIcESaIcEEEE6removeES5_
FN:16,16,_ZN11ForwardListINSt7__cxx1112basic_stringIcSt11char_traitsIcESaIcEEEE4NodeC2ES5_
FN:176,188,_ZNK11ForwardListINSt7__cxx1112basic_stringIcSt11char_traitsIcESaIcEEEE5printEv
FN:23,23,_ZN11ForwardListINSt7__cxx1112basic_stringIcSt11char_traitsIcESaIcEEEEC2Ev
FN:25,33,_ZN11ForwardListINSt7__cxx1112basic_stringIcSt11char_traitsIcESaIcEEEED2Ev
FN:35,37,_ZNK11ForwardListINSt7__cxx1112basic_stringIcSt11char_traitsIcESaIcEEEE8is_emptyEv
FN:48,57,_ZN11ForwardListINSt7__cxx1112basic_stringIcSt11char_traitsIcESaIcEEEE7addtailES5_
FN:59,68,_ZN11ForwardListINSt7__cxx1112basic_stringIcSt11char_traitsIcESaIcEEEE7addheadES5_
FN:70,87,_ZNK11ForwardListINSt7__cxx1112basic_stringIcSt11char_traitsIcESaIcEEEE3getEm
FN:88,104,_ZN11ForwardListINSt7__cxx1112basic_stringIcSt11char_traitsIcESaIcEEEE6searchES5_
FNDA:3,_ZN11ForwardListINSt7__cxx1112basic_stringIcSt11char_traitsIcESaIcEEEE7delheadEv
FNDA:4,_ZN11ForwardListINSt7__cxx1112basic_stringIcSt11char_traitsIcESaIcEEEE7deltailEv
FNDA:3,_ZN11ForwardListINSt7__cxx1112basic_stringIcSt11char_traitsIcESaIcEEEE6removeES5_
FNDA:17,_ZN11ForwardListINSt7__cxx1112basic_stringIcSt11char_traitsIcESaIcEEEE4NodeC2ES5_
FNDA:1,_ZNK11ForwardListINSt7__cxx1112basic_stringIcSt11char_traitsIcESaIcEEEE5printEv
FNDA:4,_ZN11ForwardListINSt7__cxx1112basic_stringIcSt11char_traitsIcESaIcEEEEC2Ev
FNDA:4,_ZN11ForwardListINSt7__cxx1112basic_stringIcSt11char_traitsIcESaIcEEEED2Ev
FNDA:32,_ZNK11ForwardListINSt7__cxx1112basic_stringIcSt11char_traitsIcESaIcEEEE8is_emptyEv
FNDA:7,_ZN11ForwardListINSt7__cxx1112basic_stringIcSt11char_traitsIcESaIcEEEE7addtailES5_
FNDA:10,_ZN11ForwardListINSt7__cxx1112basic_stringIcSt11char_traitsIcESaIcEEEE7addheadES5_
FNDA:12,_ZNK11ForwardListINSt7__cxx1112basic_stringIcSt11char_traitsIcESaIcEEEE3getEm
FNDA:2,_ZN11ForwardListINSt7__cxx1112basic_stringIcSt11char_traitsIcESaIcEEEE6searchES5_
FNF:12
FNH:12
DA:16,17
DA:23,4
DA:25,4
DA:26,4
DA:27,11
DA:28,7
DA:29,7
DA:30,7
DA:32,4
DA:33,4
DA:35,32
DA:36,32
DA:48,7
DA:49,7
DA:50,7
DA:51,2
DA:52,2
DA:53,2
DA:55,5
DA:56,5
DA:59,10
DA:60,10
DA:61,10
DA:62,2
DA:63,2
DA:64,2
DA:66,8
DA:67,8
DA:70,12
DA:75,12
DA:76,12
DA:78,28
DA:79,28
DA:80,12
DA:82,16
DA:83,16
DA:86,0
DA:88,2
DA:89,2
DA:90,0
DA:93,2
DA:94,4
DA:95,4
DA:97,2
DA:99,2
DA:103,0
DA:106,3
DA:107,3
DA:108,0
DA:110,3
DA:111,1
DA:112,1
DA:113,1
DA:115,2
DA:116,2
DA:117,2
DA:120,4
DA:121,4
DA:122,0
DA:124,4
DA:125,1
DA:126,1
DA:127,1
DA:129,3
DA:130,6
DA:131,3
DA:133,3
DA:134,3
DA:135,3
DA:138,3
DA:139,3
DA:140,0
DA:143,3
DA:144,1
DA:145,1
DA:146,1
DA:147,0
DA:149,1
DA:150,1
DA:153,2
DA:154,2
DA:155,6
DA:156,4
DA:157,4
DA:160,2
DA:162,0
DA:165,2
DA:166,1
DA:169,2
DA:170,2
DA:172,2
DA:176,1
DA:177,1
DA:178,0
DA:179,0
DA:181,1
DA:183,7
DA:184,6
DA:185,6
DA:187,1
LF:100
LH:90
end_of_record
TN:
SF:/home/kln735/4test_lab/src/hash.h
FN:114,129,_ZNK9HashtableINSt7__cxx1112basic_stringIcSt11char_traitsIcESaIcEEES5_E5printEv
FN:114,129,_ZNK9HashtableIiiE5printEv
FN:16,16,_ZN9HashtableINSt7__cxx1112basic_stringIcSt11char_traitsIcESaIcEEES5_E4NodeC2ERKS5_S9_
FN:16,16,_ZN9HashtableIiiE4NodeC2ERKiS3_
FN:22,36,_ZNK9HashtableINSt7__cxx1112basic_stringIcSt11char_traitsIcESaIcEEES5_E12hashfunctionERKS5_
FN:22,36,_ZNK9HashtableIiiE12hashfunctionERKi
FN:41,46,_ZN9HashtableINSt7__cxx1112basic_stringIcSt11char_traitsIcESaIcEEES5_EC2Ei
FN:41,46,_ZN9HashtableIiiEC2Ei
FN:48,58,_ZN9HashtableINSt7__cxx1112basic_stringIcSt11char_traitsIcESaIcEEES5_ED2Ev
FN:48,58,_ZN9HashtableIiiED2Ev
FN:60,77,_ZN9HashtableINSt7__cxx1112basic_stringIcSt11char_traitsIcESaIcEEES5_E3addERKS5_S8_
FN:60,77,_ZN9HashtableIiiE3addERKiS2_
FN:79,91,_ZNK9HashtableINSt7__cxx1112basic_stringIcSt11char_traitsIcESaIcEEES5_E3getERKS5_
FN:79,91,_ZNK9HashtableIiiE3getERKi
FN:93,112,_ZN9HashtableINSt7__cxx1112basic_stringIcSt11char_traitsIcESaIcEEES5_E6removeERKS5_
FN:93,112,_ZN9HashtableIiiE6removeERKi
FNDA:1,_ZNK9HashtableINSt7__cxx1112basic_stringIcSt11char_traitsIcESaIcEEES5_E5printEv
FNDA:1,_ZNK9HashtableIiiE5printEv
FNDA:6,_ZN9HashtableINSt7__cxx1112basic_stringIcSt11char_traitsIcESaIcEEES5_E4NodeC2ERKS5_S9_
FNDA:3,_ZN9HashtableIiiE4NodeC2ERKiS3_
FNDA:14,_ZNK9HashtableINSt7__cxx1112basic_stringIcSt11char_traitsIcESaIcEEES5_E12hashfunctionERKS5_
FNDA:13,_ZNK9HashtableIiiE12hashfunctionERKi
FNDA:2,_ZN9HashtableINSt7__cxx1112basic_stringIcSt11char_traitsIcESaIcEEES5_EC2Ei
FNDA:2,_ZN9HashtableIiiEC2Ei
FNDA:2,_ZN9HashtableINSt7__cxx1112basic_stringIcSt11char_traitsIcESaIcEEES5_ED2Ev
FNDA:2,_ZN9HashtableIiiED2Ev
FNDA:7,_ZN9HashtableINSt7__cxx1112basic_stringIcSt11char_traitsIcESaIcEEES5_E3addERKS5_S8_
FNDA:4,_ZN9HashtableIiiE3addERKiS2_
FNDA:5,_ZNK9HashtableINSt7__cxx1112basic_stringIcSt11char_traitsIcESaIcEEES5_E3getERKS5_
FNDA:6,_ZNK9HashtableIiiE3getERKi
FNDA:2,_ZN9HashtableINSt7__cxx1112basic_stringIcSt11char_traitsIcESaIcEEES5_E6removeERKS5_
FNDA:3,_ZN9HashtableIiiE6removeERKi
FNF:16
FNH:16
DA:16,9
DA:22,27
DA:23,27
DA:27,66
DA:28,52
DA:32,13
DA:35,27
DA:41,4
DA:42,4
DA:43,34
DA:44,30
DA:46,4
DA:48,4
DA:49,34
DA:50,30
DA:51,34
DA:52,4
DA:53,4
DA:54,4
DA:57,4
DA:58,4
DA:60,11
DA:61,11
DA:62,11
DA:65,16
DA:66,7
DA:67,2
DA:68,2
DA:70,5
DA:74,9
DA:75,9
DA:76,9
DA:79,11
DA:80,11
DA:81,11
DA:83,17
DA:84,12
DA:85,6
DA:87,6
DA:90,5
DA:93,5
DA:94,5
DA:95,5
DA:96,5
DA:98,7
DA:99,7
DA:100,5
DA:101,4
DA:103,1
DA:105,5
DA:106,5
DA:108,2
DA:109,2
DA:111,0
DA:114,2
DA:115,17
DA:116,15
DA:117,15
DA:118,15
DA:119,14
DA:120,8
DA:121,8
DA:122,8
DA:123,2
DA:127,15
DA:129,2
LF:66
LH:65
end_of_record
TN:
SF:/home/kln735/4test_lab/src/llist.h
FN:107,141,_ZN10LinkedListINSt7__cxx1112basic_stringIcSt11char_traitsIcESaIcEEEE6removeES5_
FN:14,14,_ZN10LinkedListINSt7__cxx1112basic_stringIcSt11char_traitsIcESaIcEEEE4NodeC2ES5_
FN:143,158,_ZN10LinkedListINSt7__cxx1112basic_stringIcSt11char_traitsIcESaIcEEEE6searchES5_
FN:160,167,_ZNK10LinkedListINSt7__cxx1112basic_stringIcSt11char_traitsIcESaIcEEEE5printEv
FN:170,193,_ZNK10LinkedListINSt7__cxx1112basic_stringIcSt11char_traitsIcESaIcEEEE3getEi
FN:24,24,_ZN10LinkedListINSt7__cxx1112basic_stringIcSt11char_traitsIcESaIcEEEEC2Ev
FN:26,35,_ZN10LinkedListINSt7__cxx1112basic_stringIcSt11char_traitsIcESaIcEEEED2Ev
FN:38,40,_ZNK10LinkedListINSt7__cxx1112basic_stringIcSt11char_traitsIcESaIcEEEE8is_emptyEv
FN:43,45,_ZNK10LinkedListINSt7__cxx1112basic_stringIcSt11char_traitsIcESaIcEEEE4sizeEv
FN:47,59,_ZN10LinkedListINSt7__cxx1112basic_stringIcSt11char_traitsIcESaIcEEEE7addheadES5_
FN:61,73,_ZN10LinkedListINSt7__cxx1112basic_stringIcSt11char_traitsIcESaIcEEEE7addtailES5_
FN:75,89,_ZN10LinkedListINSt7__cxx1112basic_stringIcSt11char_traitsIcESaIcEEEE7delheadEv
FN:91,105,_ZN10LinkedListINSt7__cxx1112basic_stringIcSt11char_traitsIcESaIcEEEE7deltailEv
FNDA:3,_ZN10LinkedListINSt7__cxx1112basic_stringIcSt11char_traitsIcESaIcEEEE6removeES5_
FNDA:17,_ZN10LinkedListINSt7__cxx1112basic_stringIcSt11char_traitsIcESaIcEEEE4NodeC2ES5_
FNDA:2,_ZN10LinkedListINSt7__cxx1112basic_stringIcSt11char_traitsIcESaIcEEEE6searchES5_
FNDA:1,_ZNK10LinkedListINSt7__cxx1112basic_stringIcSt11char_traitsIcESaIcEEEE5printEv
FNDA:10,_ZNK10LinkedListINSt7__cxx1112basic_stringIcSt11char_traitsIcESaIcEEEE3getEi
FNDA:4,_ZN10LinkedListINSt7__cxx1112basic_stringIcSt11char_traitsIcESaIcEEEEC2Ev
FNDA:4,_ZN10LinkedListINSt7__cxx1112basic_stringIcSt11char_traitsIcESaIcEEEED2Ev
FNDA:24,_ZNK10LinkedListINSt7__cxx1112basic_stringIcSt11char_traitsIcESaIcEEEE8is_emptyEv
FNDA:1,_ZNK10LinkedListINSt7__cxx1112basic_stringIcSt11char_traitsIcESaIcEEEE4sizeEv
FNDA:10,_ZN10LinkedListINSt7__cxx1112basic_stringIcSt11char_traitsIcESaIcEEEE7addheadES5_
FNDA:7,_ZN10LinkedListINSt7__cxx1112basic_stringIcSt11char_traitsIcESaIcEEEE7addtailES5_
FNDA:3,_ZN10LinkedListINSt7__cxx1112basic_stringIcSt11char_traitsIcESaIcEEEE7delheadEv
FNDA:4,_ZN10LinkedListINSt7__cxx1112basic_stringIcSt11char_traitsIcESaIcEEEE7deltailEv
FNF:13
FNH:13
DA:14,17
DA:24,4
DA:26,4
DA:27,4
DA:28,11
DA:29,7
DA:30,7
DA:31,7
DA:33,4
DA:34,4
DA:35,4
DA:38,24
DA:39,24
DA:43,1
DA:44,1
DA:47,10
DA:48,10
DA:49,10
DA:50,1
DA:51,1
DA:54,9
DA:55,9
DA:56,9
DA:58,10
DA:59,10
DA:61,7
DA:62,7
DA:63,7
DA:64,3
DA:65,3
DA:68,4
DA:69,4
DA:70,4
DA:72,7
DA:73,7
DA:75,3
DA:76,3
DA:77,0
DA:79,3
DA:80,3
DA:81,2
DA:84,1
DA:86,3
DA:87,3
DA:88,3
DA:89,3
DA:91,4
DA:92,4
DA:93,0
DA:95,4
DA:96,4
DA:97,3
DA:100,1
DA:102,4
DA:103,4
DA:104,4
DA:105,4
DA:107,3
DA:108,3
DA:109,0
DA:111,3
DA:112,3
DA:114,7
DA:115,7
DA:116,3
DA:117,1
DA:118,1
DA:119,1
DA:121,0
DA:123,2
DA:124,1
DA:125,1
DA:127,1
DA:128,1
DA:130,3
DA:131,3
DA:132,3
DA:133,3
DA:135,4
DA:138,3
DA:141,3
DA:143,2
DA:144,2
DA:145,0
DA:148,2
DA:150,3
DA:151,3
DA:153,2
DA:155,1
DA:157,0
DA:160,1
DA:161,1
DA:162,7
DA:163,6
DA:164,6
DA:166,1
DA:167,1
DA:170,10
DA:171,10
DA:172,0
DA:175,10
DA:176,0
DA:179,10
DA:180,10
DA:183,25
DA:184,25
DA:185,10
DA:187,15
DA:188,15
DA:192,0
LF:110
LH:101
end_of_record
TN:
SF:/home/kln735/4test_lab/src/queue.h
FN:18,18,_ZN5QUEUEINSt7__cxx1112basic_stringIcSt11char_traitsIcESaIcEEEE4NodeC2ES5_
FN:18,18,_ZN5QUEUEIiE4NodeC2Ei
FN:25,25,_ZN5QUEUEINSt7__cxx1112basic_stringIcSt11char_traitsIcESaIcEEEEC2Ev
FN:25,25,_ZN5QUEUEIiEC2Ev
FN:27,34,_ZN5QUEUEINSt7__cxx1112basic_stringIcSt11char_traitsIcESaIcEEEED2Ev
FN:27,34,_ZN5QUEUEIiED2Ev
FN:36,38,_ZNK5QUEUEINSt7__cxx1112basic_stringIcSt11char_traitsIcESaIcEEEE8is_emptyEv
FN:36,38,_ZNK5QUEUEIiE8is_emptyEv
FN:40,51,_ZN5QUEUEINSt7__cxx1112basic_stringIcSt11char_traitsIcESaIcEEEE4sizeEv
FN:40,51,_ZN5QUEUEIiE4sizeEv
FN:53,62,_ZN5QUEUEINSt7__cxx1112basic_stringIcSt11char_traitsIcESaIcEEEE4pushERKS5_
FN:53,62,_ZN5QUEUEIiE4pushERKi
FN:64,76,_ZN5QUEUEINSt7__cxx1112basic_stringIcSt11char_traitsIcESaIcEEEE3popEv
FN:64,76,_ZN5QUEUEIiE3popEv
FN:78,83,_ZNK5QUEUEINSt7__cxx1112basic_stringIcSt11char_traitsIcESaIcEEEE5frontEv
FN:78,83,_ZNK5QUEUEIiE5frontEv
FNDA:3,_ZN5QUEUEINSt7__cxx1112basic_stringIcSt11char_traitsIcESaIcEEEE4NodeC2ES5_
FNDA:3,_ZN5QUEUEIiE4NodeC2Ei
FNDA:2,_ZN5QUEUEINSt7__cxx1112basic_stringIcSt11char_traitsIcESaIcEEEEC2Ev
FNDA:2,_ZN5QUEUEIiEC2Ev
FNDA:2,_ZN5QUEUEINSt7__cxx1112basic_stringIcSt11char_traitsIcESaIcEEEED2Ev
FNDA:2,_ZN5QUEUEIiED2Ev
FNDA:16,_ZNK5QUEUEINSt7__cxx1112basic_stringIcSt11char_traitsIcESaIcEEEE8is_emptyEv
FNDA:16,_ZNK5QUEUEIiE8is_emptyEv
FNDA:3,_ZN5QUEUEINSt7__cxx1112basic_stringIcSt11char_traitsIcESaIcEEEE4sizeEv
FNDA:3,_ZN5QUEUEIiE4sizeEv
FNDA:3,_ZN5QUEUEINSt7__cxx1112basic_stringIcSt11char_traitsIcESaIcEEEE4pushERKS5_
FNDA:3,_ZN5QUEUEIiE4pushERKi
FNDA:4,_ZN5QUEUEINSt7__cxx1112basic_stringIcSt11char_traitsIcESaIcEEEE3popEv
FNDA:4,_ZN5QUEUEIiE3popEv
FNDA:4,_ZNK5QUEUEINSt7__cxx1112basic_stringIcSt11char_traitsIcESaIcEEEE5frontEv
FNDA:4,_ZNK5QUEUEIiE5frontEv
FNF:16
FNH:16
DA:18,6
DA:25,4
DA:27,4
DA:28,8
DA:29,0
DA:30,0
DA:31,0
DA:33,4
DA:34,4
DA:36,32
DA:37,32
DA:40,6
DA:41,6
DA:42,0
DA:44,6
DA:45,6
DA:46,18
DA:47,12
DA:48,12
DA:50,6
DA:53,6
DA:54,6
DA:56,6
DA:57,2
DA:59,4
DA:60,4
DA:62,6
DA:64,8
DA:65,8
DA:66,2
DA:69,6
DA:70,6
DA:71,6
DA:73,6
DA:74,2
DA:76,6
DA:78,8
DA:79,8
DA:80,2
DA:82,6
LF:40
LH:36
end_of_record
TN:
SF:/home/kln735/4test_lab/src/stack.h
FN:22,22,_ZN5StackINSt7__cxx1112basic_stringIcSt11char_traitsIcESaIcEEEE4NodeC2ES5_
FN:22,22,_ZN5StackIiE4NodeC2Ei
FN:29,29,_ZN5StackINSt7__cxx1112basic_stringIcSt11char_traitsIcESaIcEEEEC2Ev
FN:29,29,_ZN5StackIiEC2Ev
FN:31,37,_ZN5StackINSt7__cxx1112basic_stringIcSt11char_traitsIcESaIcEEEED2Ev
FN:31,37,_ZN5StackIiED2Ev
FN:39,41,_ZNK5StackINSt7__cxx1112basic_stringIcSt11char_traitsIcESaIcEEEE8is_emptyEv
FN:39,41,_ZNK5StackIiE8is_emptyEv
FN:43,48,_ZN5StackINSt7__cxx1112basic_stringIcSt11char_traitsIcESaIcEEEE4pushERKS5_
FN:43,48,_ZN5StackIiE4pushERKi
FN:50,60,_ZN5StackINSt7__cxx1112basic_stringIcSt11char_traitsIcESaIcEEEE3popEv
FN:50,60,_ZN5StackIiE3popEv
FN:62,67,_ZNK5StackINSt7__cxx1112basic_stringIcSt11char_traitsIcESaIcEEEE3topEv
FN:62,67,_ZNK5StackIiE3topEv
FN:69,71,_ZNK5StackINSt7__cxx1112basic_stringIcSt11char_traitsIcESaIcEEEE4sizeEv
FN:69,71,_ZNK5StackIiE4sizeEv
FN:73,80,_ZNK5StackIiE5printEv
FNDA:8,_ZN5StackINSt7__cxx1112basic_stringIcSt11char_traitsIcESaIcEEEE4NodeC2ES5_
FNDA:11,_ZN5StackIiE4NodeC2Ei
FNDA:2,_ZN5StackINSt7__cxx1112basic_stringIcSt11char_traitsIcESaIcEEEEC2Ev
FNDA:2,_ZN5StackIiEC2Ev
FNDA:2,_ZN5StackINSt7__cxx1112basic_stringIcSt11char_traitsIcESaIcEEEED2Ev
FNDA:2,_ZN5StackIiED2Ev
FNDA:3,_ZNK5StackINSt7__cxx1112basic_stringIcSt11char_traitsIcESaIcEEEE8is_emptyEv
FNDA:6,_ZNK5StackIiE8is_emptyEv
FNDA:8,_ZN5StackINSt7__cxx1112basic_stringIcSt11char_traitsIcESaIcEEEE4pushERKS5_
FNDA:11,_ZN5StackIiE4pushERKi
FNDA:1,_ZN5StackINSt7__cxx1112basic_stringIcSt11char_traitsIcESaIcEEEE3popEv
FNDA:4,_ZN5StackIiE3popEv
FNDA:2,_ZNK5StackINSt7__cxx1112basic_stringIcSt11char_traitsIcESaIcEEEE3topEv
FNDA:2,_ZNK5StackIiE3topEv
FNDA:2,_ZNK5StackINSt7__cxx1112basic_stringIcSt11char_traitsIcESaIcEEEE4sizeEv
FNDA:2,_ZNK5StackIiE4sizeEv
FNDA:1,_ZNK5StackIiE5printEv
FNF:17
FNH:17
DA:22,19
DA:29,4
DA:31,4
DA:32,22
DA:33,14
DA:34,14
DA:35,14
DA:37,4
DA:39,9
DA:40,9
DA:43,19
DA:44,19
DA:45,19
DA:46,19
DA:47,19
DA:48,19
DA:50,5
DA:51,5
DA:52,0
DA:55,5
DA:56,5
DA:57,5
DA:58,5
DA:60,5
DA:62,4
DA:63,4
DA:64,0
DA:66,4
DA:69,4
DA:70,4
DA:73,1
DA:74,1
DA:75,12
DA:76,11
DA:77,11
DA:79,1
DA:80,1
LF:37
LH:35
end_of_record
TN:
SF:/home/kln735/4test_lab/test/test_array.cpp
FN:120,120,_ZN35test_vector_int_MGET_WITH_MSET_Test8TestBodyEv
FN:120,120,_ZN35test_vector_int_MGET_WITH_MSET_TestC2Ev
FN:120,120,_ZN35test_vector_int_MGET_WITH_MSET_TestD0Ev
FN:120,120,_ZN35test_vector_int_MGET_WITH_MSET_TestD2Ev
FN:148,187,_ZN35test_vector_int_OTHER_ACTIVITY_Test8TestBodyEv
FN:148,187,_ZN35test_vector_int_OTHER_ACTIVITY_TestC2Ev
FN:148,187,_ZN35test_vector_int_OTHER_ACTIVITY_TestD0Ev
FN:148,187,_ZN35test_vector_int_OTHER_ACTIVITY_TestD2Ev
FN:18,18,_ZN26test_vector_int_MPUSH_Test8TestBodyEv
FN:18,18,_ZN26test_vector_int_MPUSH_TestC2Ev
FN:18,18,_ZN26test_vector_int_MPUSH_TestD0Ev
FN:18,18,_ZN26test_vector_int_MPUSH_TestD2Ev
FN:190,193,main
FN:37,37,_ZN26test_vector_str_MPUSH_Test8TestBodyEv
FN:37,37,_ZN26test_vector_str_MPUSH_TestC2Ev
FN:37,37,_ZN26test_vector_str_MPUSH_TestD0Ev
FN:37,37,_ZN26test_vector_str_MPUSH_TestD2Ev
FN:54,54,_ZN30test_vector_int_MPUSH_IND_Test8TestBodyEv
FN:54,54,_ZN30test_vector_int_MPUSH_IND_TestC2Ev
FN:54,54,_ZN30test_vector_int_MPUSH_IND_TestD0Ev
FN:54,54,_ZN30test_vector_int_MPUSH_IND_TestD2Ev
FN:74,74,_ZN30test_vector_str_MPUSH_IND_Test8TestBodyEv
FN:74,74,_ZN30test_vector_str_MPUSH_IND_TestC2Ev
FN:74,74,_ZN30test_vector_str_MPUSH_IND_TestD0Ev
FN:74,74,_ZN30test_vector_str_MPUSH_IND_TestD2Ev
FN:91,91,_ZN25test_vector_int_MDEL_Test8TestBodyEv
FN:91,91,_ZN25test_vector_int_MDEL_TestC2Ev
FN:91,91,_ZN25test_vector_int_MDEL_TestD0Ev
FN:91,91,_ZN25test_vector_int_MDEL_TestD2Ev
FNDA:1,_ZN35test_vector_int_MGET_WITH_MSET_Test8TestBodyEv
FNDA:1,_ZN35test_vector_int_MGET_WITH_MSET_TestC2Ev
FNDA:1,_ZN35test_vector_int_MGET_WITH_MSET_TestD0Ev
FNDA:1,_ZN35test_vector_int_MGET_WITH_MSET_TestD2Ev
FNDA:1,_ZN35test_vector_int_OTHER_ACTIVITY_Test8TestBodyEv
FNDA:1,_ZN35test_vector_int_OTHER_ACTIVITY_TestC2Ev
FNDA:1,_ZN35test_vector_int_OTHER_ACTIVITY_TestD0Ev
FNDA:1,_ZN35test_vector_int_OTHER_ACTIVITY_TestD2Ev
FNDA:1,_ZN26test_vector_int_MPUSH_Test8TestBodyEv
FNDA:1,_ZN26test_vector_int_MPUSH_TestC2Ev
FNDA:1,_ZN26test_vector_int_MPUSH_TestD0Ev
FNDA:1,_ZN26test_vector_int_MPUSH_TestD2Ev
FNDA:1,main
FNDA:1,_ZN26test_vector_str_MPUSH_Test8TestBodyEv
FNDA:1,_ZN26test_vector_str_MPUSH_TestC2Ev
FNDA:1,_ZN26test_vector_str_MPUSH_TestD0Ev
FNDA:1,_ZN26test_vector_str_MPUSH_TestD2Ev
FNDA:1,_ZN30test_vector_int_MPUSH_IND_Test8TestBodyEv
FNDA:1,_ZN30test_vector_int_MPUSH_IND_TestC2Ev
FNDA:1,_ZN30test_vector_int_MPUSH_IND_TestD0Ev
FNDA:1,_ZN30test_vector_int_MPUSH_IND_TestD2Ev
FNDA:1,_ZN30test_vector_str_MPUSH_IND_Test8TestBodyEv
FNDA:1,_ZN30test_vector_str_MPUSH_IND_TestC2Ev
FNDA:1,_ZN30test_vector_str_MPUSH_IND_TestD0Ev
FNDA:1,_ZN30test_vector_str_MPUSH_IND_TestD2Ev
FNDA:1,_ZN25test_vector_int_MDEL_Test8TestBodyEv
FNDA:1,_ZN25test_vector_int_MDEL_TestC2Ev
FNDA:1,_ZN25test_vector_int_MDEL_TestD0Ev
FNDA:1,_ZN25test_vector_int_MDEL_TestD2Ev
FNF:29
FNH:29
DA:18,4
DA:19,1
DA:20,1
DA:21,1
DA:22,1
DA:23,1
DA:25,1
DA:26,1
DA:27,1
DA:28,1
DA:30,1
DA:31,1
DA:32,1
DA:33,1
DA:34,1
DA:35,1
DA:37,4
DA:38,2
DA:39,2
DA:40,2
DA:41,2
DA:42,2
DA:43,2
DA:46,1
DA:47,1
DA:48,1
DA:49,1
DA:50,1
DA:51,1
DA:52,1
DA:54,4
DA:56,1
DA:57,1
DA:58,1
DA:59,1
DA:60,1
DA:62,1
DA:64,1
DA:65,1
DA:66,1
DA:68,1
DA:69,1
DA:70,1
DA:71,1
DA:72,1
DA:74,4
DA:75,2
DA:76,2
DA:77,2
DA:78,2
DA:79,2
DA:80,2
DA:82,1
DA:83,1
DA:85,1
DA:86,1
DA:87,1
DA:88,1
DA:89,1
DA:91,4
DA:93,1
DA:94,1
DA:95,1
DA:97,1
DA:99,1
DA:100,1
DA:101,1
DA:102,1
DA:104,1
DA:106,1
DA:107,1
DA:108,1
DA:110,1
DA:112,1
DA:113,1
DA:115,1
DA:117,1
DA:118,1
DA:120,4
DA:121,1
DA:122,1
DA:123,1
DA:124,1
DA:125,1
DA:126,1
DA:127,1
DA:128,1
DA:130,1
DA:131,1
DA:132,1
DA:134,1
DA:136,1
DA:137,1
DA:138,1
DA:139,1
DA:141,1
DA:142,1
DA:143,1
DA:144,1
DA:145,1
DA:146,1
DA:148,4
DA:150,1
DA:151,1
DA:153,1
DA:154,1
DA:155,1
DA:157,1
DA:158,1
DA:160,1
DA:161,1
DA:163,1
DA:165,1
DA:166,1
DA:168,1
DA:169,4
DA:170,3
DA:173,1
DA:174,1
DA:175,1
DA:177,1
DA:178,1
DA:179,1
DA:181,1
DA:182,1
DA:184,1
DA:186,1
DA:187,1
DA:190,1
DA:191,1
DA:192,1
LF:131
LH:131
end_of_record
TN:
SF:/home/kln735/4test_lab/test/test_fbt.cpp
FN:12,12,_ZN21FBT_test_AddNode_Test8TestBodyEv
FN:12,12,_ZN21FBT_test_AddNode_TestC2Ev
FN:12,12,_ZN21FBT_test_AddNode_TestD0Ev
FN:12,12,_ZN21FBT_test_AddNode_TestD2Ev
FN:21,21,_ZN20FBT_test_isFull_Test8TestBodyEv
FN:21,21,_ZN20FBT_test_isFull_TestC2Ev
FN:21,21,_ZN20FBT_test_isFull_TestD0Ev
FN:21,21,_ZN20FBT_test_isFull_TestD2Ev
FN:30,30,_ZN21FBT_test_notFull_Test8TestBodyEv
FN:30,30,_ZN21FBT_test_notFull_TestC2Ev
FN:30,30,_ZN21FBT_test_notFull_TestD0Ev
FN:30,30,_ZN21FBT_test_notFull_TestD2Ev
FN:39,39,_ZN22FBT_test_findNode_Test8TestBodyEv
FN:39,39,_ZN22FBT_test_findNode_TestC2Ev
FN:39,39,_ZN22FBT_test_findNode_TestD0Ev
FN:39,39,_ZN22FBT_test_findNode_TestD2Ev
FN:5,5,_ZN25FBT_test_Constructor_Test8TestBodyEv
FN:5,5,_ZN25FBT_test_Constructor_TestC2Ev
FN:5,5,_ZN25FBT_test_Constructor_TestD0Ev
FN:5,5,_ZN25FBT_test_Constructor_TestD2Ev
FN:51,54,main
FNDA:1,_ZN21FBT_test_AddNode_Test8TestBodyEv
FNDA:1,_ZN21FBT_test_AddNode_TestC2Ev
FNDA:1,_ZN21FBT_test_AddNode_TestD0Ev
FNDA:1,_ZN21FBT_test_AddNode_TestD2Ev
FNDA:1,_ZN20FBT_test_isFull_Test8TestBodyEv
FNDA:1,_ZN20FBT_test_isFull_TestC2Ev
FNDA:1,_ZN20FBT_test_isFull_TestD0Ev
FNDA:1,_ZN20FBT_test_isFull_TestD2Ev
FNDA:1,_ZN21FBT_test_notFull_Test8TestBodyEv
FNDA:1,_ZN21FBT_test_notFull_TestC2Ev
FNDA:1,_ZN21FBT_test_notFull_TestD0Ev
FNDA:1,_ZN21FBT_test_notFull_TestD2Ev
FNDA:1,_ZN22FBT_test_findNode_Test8TestBodyEv
FNDA:1,_ZN22FBT_test_findNode_TestC2Ev
FNDA:1,_ZN22FBT_test_findNode_TestD0Ev
FNDA:1,_ZN22FBT_test_findNode_TestD2Ev
FNDA:1,_ZN25FBT_test_Constructor_Test8TestBodyEv
FNDA:1,_ZN25FBT_test_Constructor_TestC2Ev
FNDA:1,_ZN25FBT_test_Constructor_TestD0Ev
FNDA:1,_ZN25FBT_test_Constructor_TestD2Ev
FNDA:1,main
FNF:21
FNH:21
DA:5,4
DA:6,1
DA:8,1
DA:9,1
DA:12,4
DA:13,1
DA:14,1
DA:15,1
DA:17,1
DA:18,1
DA:19,1
DA:21,4
DA:22,1
DA:23,1
DA:24,1
DA:27,1
DA:28,1
DA:30,4
DA:31,1
DA:32,1
DA:33,1
DA:34,1
DA:36,1
DA:37,1
DA:39,4
DA:40,1
DA:41,1
DA:42,1
DA:44,1
DA:45,1
DA:46,1
DA:48,1
DA:49,1
DA:51,1
DA:52,1
DA:53,1
LF:36
LH:36
end_of_record
TN:
SF:/home/kln735/4test_lab/test/test_flist.cpp
FN:16,16,_ZN26flist_ADD_WITH_SEARCH_Test8TestBodyEv
FN:16,16,_ZN26flist_ADD_WITH_SEARCH_TestC2Ev
FN:16,16,_ZN26flist_ADD_WITH_SEARCH_TestD0Ev
FN:16,16,_ZN26flist_ADD_WITH_SEARCH_TestD2Ev
FN:44,44,_ZN26flist_DEL_WITH_REMOVE_Test8TestBodyEv
FN:44,44,_ZN26flist_DEL_WITH_REMOVE_TestC2Ev
FN:44,44,_ZN26flist_DEL_WITH_REMOVE_TestD0Ev
FN:44,44,_ZN26flist_DEL_WITH_REMOVE_TestD2Ev
FN:81,84,main
FNDA:1,_ZN26flist_ADD_WITH_SEARCH_Test8TestBodyEv
FNDA:1,_ZN26flist_ADD_WITH_SEARCH_TestC2Ev
FNDA:1,_ZN26flist_ADD_WITH_SEARCH_TestD0Ev
FNDA:1,_ZN26flist_ADD_WITH_SEARCH_TestD2Ev
FNDA:1,_ZN26flist_DEL_WITH_REMOVE_Test8TestBodyEv
FNDA:1,_ZN26flist_DEL_WITH_REMOVE_TestC2Ev
FNDA:1,_ZN26flist_DEL_WITH_REMOVE_TestD0Ev
FNDA:1,_ZN26flist_DEL_WITH_REMOVE_TestD2Ev
FNDA:1,main
FNF:9
FNH:9
DA:16,4
DA:18,1
DA:20,2
DA:21,2
DA:22,2
DA:23,2
DA:24,2
DA:25,2
DA:27,1
DA:29,2
DA:32,2
DA:33,2
DA:34,1
DA:37,1
DA:38,1
DA:39,1
DA:40,1
DA:41,1
DA:42,1
DA:44,4
DA:46,2
DA:47,2
DA:48,2
DA:49,2
DA:50,2
DA:51,2
DA:54,1
DA:56,2
DA:57,2
DA:58,2
DA:59,2
DA:61,1
DA:62,1
DA:63,1
DA:64,1
DA:66,1
DA:68,2
DA:69,2
DA:70,2
DA:72,1
DA:73,1
DA:75,1
DA:76,1
DA:77,1
DA:79,1
DA:81,1
DA:82,1
DA:83,1
LF:48
LH:48
end_of_record
TN:
SF:/home/kln735/4test_lab/test/test_hash.cpp
FN:15,15,_ZN35hash_int_ALL_OPERATION_FOR_INT_Test8TestBodyEv
FN:15,15,_ZN35hash_int_ALL_OPERATION_FOR_INT_TestC2Ev
FN:15,15,_ZN35hash_int_ALL_OPERATION_FOR_INT_TestD0Ev
FN:15,15,_ZN35hash_int_ALL_OPERATION_FOR_INT_TestD2Ev
FN:40,40,_ZN35hash_str_ALL_OPERATION_FOR_STR_Test8TestBodyEv
FN:40,40,_ZN35hash_str_ALL_OPERATION_FOR_STR_TestC2Ev
FN:40,40,_ZN35hash_str_ALL_OPERATION_FOR_STR_TestD0Ev
FN:40,40,_ZN35hash_str_ALL_OPERATION_FOR_STR_TestD2Ev
FN:66,69,main
FNDA:1,_ZN35hash_int_ALL_OPERATION_FOR_INT_Test8TestBodyEv
FNDA:1,_ZN35hash_int_ALL_OPERATION_FOR_INT_TestC2Ev
FNDA:1,_ZN35hash_int_ALL_OPERATION_FOR_INT_TestD0Ev
FNDA:1,_ZN35hash_int_ALL_OPERATION_FOR_INT_TestD2Ev
FNDA:1,_ZN35hash_str_ALL_OPERATION_FOR_STR_Test8TestBodyEv
FNDA:1,_ZN35hash_str_ALL_OPERATION_FOR_STR_TestC2Ev
FNDA:1,_ZN35hash_str_ALL_OPERATION_FOR_STR_TestD0Ev
FNDA:1,_ZN35hash_str_ALL_OPERATION_FOR_STR_TestD2Ev
FNDA:1,main
FNF:9
FNH:9
DA:15,4
DA:17,1
DA:18,1
DA:19,1
DA:22,1
DA:24,1
DA:25,1
DA:27,1
DA:28,1
DA:30,1
DA:31,1
DA:32,1
DA:34,1
DA:35,1
DA:36,1
DA:38,1
DA:40,4
DA:42,4
DA:43,4
DA:44,4
DA:45,4
DA:46,4
DA:47,4
DA:49,1
DA:51,3
DA:52,3
DA:54,4
DA:55,3
DA:57,2
DA:58,2
DA:60,3
DA:61,3
DA:63,1
DA:66,1
DA:67,1
DA:68,1
LF:36
LH:36
end_of_record
TN:
SF:/home/kln735/4test_lab/test/test_llist.cpp
FN:104,107,main
FN:15,15,_ZN28ListTest_ADD_AND_SEARCH_Test8TestBodyEv
FN:15,15,_ZN28ListTest_ADD_AND_SEARCH_TestC2Ev
FN:15,15,_ZN28ListTest_ADD_AND_SEARCH_TestD0Ev
FN:15,15,_ZN28ListTest_ADD_AND_SEARCH_TestD2Ev
FN:64,64,_ZN26ListTest_DEL_WITH_REM_Test8TestBodyEv
FN:64,64,_ZN26ListTest_DEL_WITH_REM_TestC2Ev
FN:64,64,_ZN26ListTest_DEL_WITH_REM_TestD0Ev
FN:64,64,_ZN26ListTest_DEL_WITH_REM_TestD2Ev
FNDA:1,main
FNDA:1,_ZN28ListTest_ADD_AND_SEARCH_Test8TestBodyEv
FNDA:1,_ZN28ListTest_ADD_AND_SEARCH_TestC2Ev
FNDA:1,_ZN28ListTest_ADD_AND_SEARCH_TestD0Ev
FNDA:1,_ZN28ListTest_ADD_AND_SEARCH_TestD2Ev
FNDA:1,_ZN26ListTest_DEL_WITH_REM_Test8TestBodyEv
FNDA:1,_ZN26ListTest_DEL_WITH_REM_TestC2Ev
FNDA:1,_ZN26ListTest_DEL_WITH_REM_TestD0Ev
FNDA:1,_ZN26ListTest_DEL_WITH_REM_TestD2Ev
FNF:9
FNH:9
DA:15,4
DA:16,13
DA:18,7
DA:19,6
DA:20,6
DA:21,6
DA:22,3
DA:24,3
DA:26,6
DA:28,1
DA:30,2
DA:32,1
DA:33,1
DA:36,2
DA:37,1
DA:38,0
DA:39,0
DA:40,0
DA:43,2
DA:44,1
DA:45,0
DA:46,0
DA:47,0
DA:49,1
DA:51,2
DA:52,7
DA:53,6
DA:54,6
DA:55,5
DA:59,1
DA:60,1
DA:61,1
DA:64,4
DA:66,1
DA:67,1
DA:69,2
DA:70,2
DA:71,2
DA:72,2
DA:73,2
DA:74,2
DA:76,1
DA:78,2
DA:79,2
DA:80,2
DA:81,2
DA:83,1
DA:84,1
DA:85,1
DA:86,1
DA:88,1
DA:90,2
DA:91,2
DA:92,2
DA:94,1
DA:95,1
DA:97,1
DA:98,1
DA:99,1
DA:102,1
DA:104,1
DA:105,1
DA:106,1
LF:63
LH:57
end_of_record
TN:
SF:/home/kln735/4test_lab/test/test_queue.cpp
FN:16,16,_ZN44queue_int_INT_QUEUE_SEQUENCE_OPERATIONS_Test8TestBodyEv
FN:16,16,_ZN44queue_int_INT_QUEUE_SEQUENCE_OPERATIONS_TestC2Ev
FN:16,16,_ZN44queue_int_INT_QUEUE_SEQUENCE_OPERATIONS_TestD0Ev
FN:16,16,_ZN44queue_int_INT_QUEUE_SEQUENCE_OPERATIONS_TestD2Ev
FN:43,43,_ZN47queue_str_STRING_QUEUE_SEQUENCE_OPERATIONS_Test8TestBodyEv
FN:43,43,_ZN47queue_str_STRING_QUEUE_SEQUENCE_OPERATIONS_TestC2Ev
FN:43,43,_ZN47queue_str_STRING_QUEUE_SEQUENCE_OPERATIONS_TestD0Ev
FN:43,43,_ZN47queue_str_STRING_QUEUE_SEQUENCE_OPERATIONS_TestD2Ev
FN:72,75,main
FNDA:1,_ZN44queue_int_INT_QUEUE_SEQUENCE_OPERATIONS_Test8TestBodyEv
FNDA:1,_ZN44queue_int_INT_QUEUE_SEQUENCE_OPERATIONS_TestC2Ev
FNDA:1,_ZN44queue_int_INT_QUEUE_SEQUENCE_OPERATIONS_TestD0Ev
FNDA:1,_ZN44queue_int_INT_QUEUE_SEQUENCE_OPERATIONS_TestD2Ev
FNDA:1,_ZN47queue_str_STRING_QUEUE_SEQUENCE_OPERATIONS_Test8TestBodyEv
FNDA:1,_ZN47queue_str_STRING_QUEUE_SEQUENCE_OPERATIONS_TestC2Ev
FNDA:1,_ZN47queue_str_STRING_QUEUE_SEQUENCE_OPERATIONS_TestD0Ev
FNDA:1,_ZN47queue_str_STRING_QUEUE_SEQUENCE_OPERATIONS_TestD2Ev
FNDA:1,main
FNF:9
FNH:9
DA:16,4
DA:17,1
DA:19,1
DA:20,1
DA:21,1
DA:23,1
DA:24,1
DA:26,1
DA:27,1
DA:28,1
DA:30,1
DA:31,1
DA:32,1
DA:34,1
DA:35,1
DA:38,1
DA:39,1
DA:40,1
DA:43,4
DA:44,1
DA:47,2
DA:48,2
DA:49,2
DA:51,1
DA:52,1
DA:55,1
DA:56,1
DA:57,1
DA:59,1
DA:60,1
DA:61,1
DA:63,1
DA:64,1
DA:66,1
DA:67,1
DA:68,1
DA:72,1
DA:73,1
DA:74,1
LF:39
LH:39
end_of_record
TN:
SF:/home/kln735/4test_lab/test/test_stack.cpp
FN:15,15,_ZN40stack_int_PUSH_WITH_OTHER_OPERATION_Test8TestBodyEv
FN:15,15,_ZN40stack_int_PUSH_WITH_OTHER_OPERATION_TestC2Ev
FN:15,15,_ZN40stack_int_PUSH_WITH_OTHER_OPERATION_TestD0Ev
FN:15,15,_ZN40stack_int_PUSH_WITH_OTHER_OPERATION_TestD2Ev
FN:42,42,_ZN39stack_str_POP_WITH_OTHER_OPERATION_Test8TestBodyEv
FN:42,42,_ZN39stack_str_POP_WITH_OTHER_OPERATION_TestC2Ev
FN:42,42,_ZN39stack_str_POP_WITH_OTHER_OPERATION_TestD0Ev
FN:42,42,_ZN39stack_str_POP_WITH_OTHER_OPERATION_TestD2Ev
FN:62,65,main
FNDA:1,_ZN40stack_int_PUSH_WITH_OTHER_OPERATION_Test8TestBodyEv
FNDA:1,_ZN40stack_int_PUSH_WITH_OTHER_OPERATION_TestC2Ev
FNDA:1,_ZN40stack_int_PUSH_WITH_OTHER_OPERATION_TestD0Ev
FNDA:1,_ZN40stack_int_PUSH_WITH_OTHER_OPERATION_TestD2Ev
FNDA:1,_ZN39stack_str_POP_WITH_OTHER_OPERATION_Test8TestBodyEv
FNDA:1,_ZN39stack_str_POP_WITH_OTHER_OPERATION_TestC2Ev
FNDA:1,_ZN39stack_str_POP_WITH_OTHER_OPERATION_TestD0Ev
FNDA:1,_ZN39stack_str_POP_WITH_OTHER_OPERATION_TestD2Ev
FNDA:1,main
FNF:9
FNH:9
DA:15,4
DA:16,1
DA:17,1
DA:18,1
DA:19,1
DA:20,1
DA:21,1
DA:22,1
DA:23,1
DA:24,1
DA:25,1
DA:26,1
DA:28,1
DA:30,1
DA:31,1
DA:33,1
DA:34,1
DA:35,1
DA:36,1
DA:38,1
DA:39,1
DA:40,1
DA:42,4
DA:43,2
DA:44,2
DA:45,2
DA:46,2
DA:47,2
DA:48,2
DA:49,2
DA:50,2
DA:52,1
DA:53,1
DA:55,1
DA:57,1
DA:58,1
DA:59,1
DA:62,1
DA:63,1
DA:64,1
LF:40
LH:40
end_of_record
